[2021-05-31 09:06:46,456] {scheduler_job.py:182} INFO - Started process (PID=6580) to work on /home/airflow/.local/lib/python3.6/site-packages/airflow/example_dags/example_trigger_controller_dag.py
[2021-05-31 09:06:46,457] {scheduler_job.py:629} INFO - Processing file /home/airflow/.local/lib/python3.6/site-packages/airflow/example_dags/example_trigger_controller_dag.py for tasks to queue
[2021-05-31 09:06:46,458] {logging_mixin.py:104} INFO - [2021-05-31 09:06:46,458] {dagbag.py:451} INFO - Filling up the DagBag from /home/airflow/.local/lib/python3.6/site-packages/airflow/example_dags/example_trigger_controller_dag.py
[2021-05-31 09:06:46,469] {scheduler_job.py:639} INFO - DAG(s) dict_keys(['example_trigger_controller_dag']) retrieved from /home/airflow/.local/lib/python3.6/site-packages/airflow/example_dags/example_trigger_controller_dag.py
[2021-05-31 09:06:46,496] {logging_mixin.py:104} INFO - [2021-05-31 09:06:46,496] {dag.py:1824} INFO - Sync 1 DAGs
[2021-05-31 09:06:46,515] {logging_mixin.py:104} INFO - [2021-05-31 09:06:46,514] {dag.py:2280} INFO - Setting next_dagrun for example_trigger_controller_dag to 2021-05-29 00:00:00+00:00
[2021-05-31 09:06:46,528] {scheduler_job.py:190} INFO - Processing /home/airflow/.local/lib/python3.6/site-packages/airflow/example_dags/example_trigger_controller_dag.py took 0.076 seconds
[2021-05-31 09:07:16,864] {scheduler_job.py:182} INFO - Started process (PID=6609) to work on /home/airflow/.local/lib/python3.6/site-packages/airflow/example_dags/example_trigger_controller_dag.py
[2021-05-31 09:07:16,865] {scheduler_job.py:629} INFO - Processing file /home/airflow/.local/lib/python3.6/site-packages/airflow/example_dags/example_trigger_controller_dag.py for tasks to queue
[2021-05-31 09:07:16,867] {logging_mixin.py:104} INFO - [2021-05-31 09:07:16,867] {dagbag.py:451} INFO - Filling up the DagBag from /home/airflow/.local/lib/python3.6/site-packages/airflow/example_dags/example_trigger_controller_dag.py
[2021-05-31 09:07:16,881] {scheduler_job.py:639} INFO - DAG(s) dict_keys(['example_trigger_controller_dag']) retrieved from /home/airflow/.local/lib/python3.6/site-packages/airflow/example_dags/example_trigger_controller_dag.py
[2021-05-31 09:07:16,907] {logging_mixin.py:104} INFO - [2021-05-31 09:07:16,907] {dag.py:1824} INFO - Sync 1 DAGs
[2021-05-31 09:07:16,927] {logging_mixin.py:104} INFO - [2021-05-31 09:07:16,927] {dag.py:2280} INFO - Setting next_dagrun for example_trigger_controller_dag to 2021-05-29 00:00:00+00:00
[2021-05-31 09:07:16,953] {scheduler_job.py:190} INFO - Processing /home/airflow/.local/lib/python3.6/site-packages/airflow/example_dags/example_trigger_controller_dag.py took 0.093 seconds
[2021-05-31 09:07:47,837] {scheduler_job.py:182} INFO - Started process (PID=6637) to work on /home/airflow/.local/lib/python3.6/site-packages/airflow/example_dags/example_trigger_controller_dag.py
[2021-05-31 09:07:47,838] {scheduler_job.py:629} INFO - Processing file /home/airflow/.local/lib/python3.6/site-packages/airflow/example_dags/example_trigger_controller_dag.py for tasks to queue
[2021-05-31 09:07:47,839] {logging_mixin.py:104} INFO - [2021-05-31 09:07:47,839] {dagbag.py:451} INFO - Filling up the DagBag from /home/airflow/.local/lib/python3.6/site-packages/airflow/example_dags/example_trigger_controller_dag.py
[2021-05-31 09:07:47,853] {scheduler_job.py:639} INFO - DAG(s) dict_keys(['example_trigger_controller_dag']) retrieved from /home/airflow/.local/lib/python3.6/site-packages/airflow/example_dags/example_trigger_controller_dag.py
[2021-05-31 09:07:47,909] {logging_mixin.py:104} INFO - [2021-05-31 09:07:47,909] {dag.py:1824} INFO - Sync 1 DAGs
[2021-05-31 09:07:47,934] {logging_mixin.py:104} INFO - [2021-05-31 09:07:47,934] {dag.py:2280} INFO - Setting next_dagrun for example_trigger_controller_dag to 2021-05-29 00:00:00+00:00
[2021-05-31 09:07:47,953] {scheduler_job.py:190} INFO - Processing /home/airflow/.local/lib/python3.6/site-packages/airflow/example_dags/example_trigger_controller_dag.py took 0.120 seconds
[2021-05-31 09:08:18,261] {scheduler_job.py:182} INFO - Started process (PID=6665) to work on /home/airflow/.local/lib/python3.6/site-packages/airflow/example_dags/example_trigger_controller_dag.py
[2021-05-31 09:08:18,263] {scheduler_job.py:629} INFO - Processing file /home/airflow/.local/lib/python3.6/site-packages/airflow/example_dags/example_trigger_controller_dag.py for tasks to queue
[2021-05-31 09:08:18,264] {logging_mixin.py:104} INFO - [2021-05-31 09:08:18,264] {dagbag.py:451} INFO - Filling up the DagBag from /home/airflow/.local/lib/python3.6/site-packages/airflow/example_dags/example_trigger_controller_dag.py
[2021-05-31 09:08:18,281] {scheduler_job.py:639} INFO - DAG(s) dict_keys(['example_trigger_controller_dag']) retrieved from /home/airflow/.local/lib/python3.6/site-packages/airflow/example_dags/example_trigger_controller_dag.py
[2021-05-31 09:08:18,314] {logging_mixin.py:104} INFO - [2021-05-31 09:08:18,313] {dag.py:1824} INFO - Sync 1 DAGs
[2021-05-31 09:08:18,343] {logging_mixin.py:104} INFO - [2021-05-31 09:08:18,343] {dag.py:2280} INFO - Setting next_dagrun for example_trigger_controller_dag to 2021-05-29 00:00:00+00:00
[2021-05-31 09:08:18,359] {scheduler_job.py:190} INFO - Processing /home/airflow/.local/lib/python3.6/site-packages/airflow/example_dags/example_trigger_controller_dag.py took 0.102 seconds
[2021-05-31 09:08:48,940] {scheduler_job.py:182} INFO - Started process (PID=6693) to work on /home/airflow/.local/lib/python3.6/site-packages/airflow/example_dags/example_trigger_controller_dag.py
[2021-05-31 09:08:48,953] {scheduler_job.py:629} INFO - Processing file /home/airflow/.local/lib/python3.6/site-packages/airflow/example_dags/example_trigger_controller_dag.py for tasks to queue
[2021-05-31 09:08:48,954] {logging_mixin.py:104} INFO - [2021-05-31 09:08:48,954] {dagbag.py:451} INFO - Filling up the DagBag from /home/airflow/.local/lib/python3.6/site-packages/airflow/example_dags/example_trigger_controller_dag.py
[2021-05-31 09:08:48,970] {scheduler_job.py:639} INFO - DAG(s) dict_keys(['example_trigger_controller_dag']) retrieved from /home/airflow/.local/lib/python3.6/site-packages/airflow/example_dags/example_trigger_controller_dag.py
[2021-05-31 09:08:49,007] {logging_mixin.py:104} INFO - [2021-05-31 09:08:49,006] {dag.py:1824} INFO - Sync 1 DAGs
[2021-05-31 09:08:49,040] {logging_mixin.py:104} INFO - [2021-05-31 09:08:49,039] {dag.py:2280} INFO - Setting next_dagrun for example_trigger_controller_dag to 2021-05-29 00:00:00+00:00
[2021-05-31 09:08:49,060] {scheduler_job.py:190} INFO - Processing /home/airflow/.local/lib/python3.6/site-packages/airflow/example_dags/example_trigger_controller_dag.py took 0.127 seconds
[2021-05-31 09:09:19,760] {scheduler_job.py:182} INFO - Started process (PID=6721) to work on /home/airflow/.local/lib/python3.6/site-packages/airflow/example_dags/example_trigger_controller_dag.py
[2021-05-31 09:09:19,762] {scheduler_job.py:629} INFO - Processing file /home/airflow/.local/lib/python3.6/site-packages/airflow/example_dags/example_trigger_controller_dag.py for tasks to queue
[2021-05-31 09:09:19,763] {logging_mixin.py:104} INFO - [2021-05-31 09:09:19,763] {dagbag.py:451} INFO - Filling up the DagBag from /home/airflow/.local/lib/python3.6/site-packages/airflow/example_dags/example_trigger_controller_dag.py
[2021-05-31 09:09:19,777] {scheduler_job.py:639} INFO - DAG(s) dict_keys(['example_trigger_controller_dag']) retrieved from /home/airflow/.local/lib/python3.6/site-packages/airflow/example_dags/example_trigger_controller_dag.py
[2021-05-31 09:09:19,805] {logging_mixin.py:104} INFO - [2021-05-31 09:09:19,805] {dag.py:1824} INFO - Sync 1 DAGs
[2021-05-31 09:09:19,830] {logging_mixin.py:104} INFO - [2021-05-31 09:09:19,830] {dag.py:2280} INFO - Setting next_dagrun for example_trigger_controller_dag to 2021-05-29 00:00:00+00:00
[2021-05-31 09:09:19,849] {scheduler_job.py:190} INFO - Processing /home/airflow/.local/lib/python3.6/site-packages/airflow/example_dags/example_trigger_controller_dag.py took 0.094 seconds
[2021-05-31 09:09:50,283] {scheduler_job.py:182} INFO - Started process (PID=6749) to work on /home/airflow/.local/lib/python3.6/site-packages/airflow/example_dags/example_trigger_controller_dag.py
[2021-05-31 09:09:50,285] {scheduler_job.py:629} INFO - Processing file /home/airflow/.local/lib/python3.6/site-packages/airflow/example_dags/example_trigger_controller_dag.py for tasks to queue
[2021-05-31 09:09:50,287] {logging_mixin.py:104} INFO - [2021-05-31 09:09:50,287] {dagbag.py:451} INFO - Filling up the DagBag from /home/airflow/.local/lib/python3.6/site-packages/airflow/example_dags/example_trigger_controller_dag.py
[2021-05-31 09:09:50,303] {scheduler_job.py:639} INFO - DAG(s) dict_keys(['example_trigger_controller_dag']) retrieved from /home/airflow/.local/lib/python3.6/site-packages/airflow/example_dags/example_trigger_controller_dag.py
[2021-05-31 09:09:50,332] {logging_mixin.py:104} INFO - [2021-05-31 09:09:50,332] {dag.py:1824} INFO - Sync 1 DAGs
[2021-05-31 09:09:50,355] {logging_mixin.py:104} INFO - [2021-05-31 09:09:50,355] {dag.py:2280} INFO - Setting next_dagrun for example_trigger_controller_dag to 2021-05-29 00:00:00+00:00
[2021-05-31 09:09:50,372] {scheduler_job.py:190} INFO - Processing /home/airflow/.local/lib/python3.6/site-packages/airflow/example_dags/example_trigger_controller_dag.py took 0.094 seconds
[2021-05-31 09:10:20,635] {scheduler_job.py:182} INFO - Started process (PID=6777) to work on /home/airflow/.local/lib/python3.6/site-packages/airflow/example_dags/example_trigger_controller_dag.py
[2021-05-31 09:10:20,637] {scheduler_job.py:629} INFO - Processing file /home/airflow/.local/lib/python3.6/site-packages/airflow/example_dags/example_trigger_controller_dag.py for tasks to queue
[2021-05-31 09:10:20,638] {logging_mixin.py:104} INFO - [2021-05-31 09:10:20,638] {dagbag.py:451} INFO - Filling up the DagBag from /home/airflow/.local/lib/python3.6/site-packages/airflow/example_dags/example_trigger_controller_dag.py
[2021-05-31 09:10:20,652] {scheduler_job.py:639} INFO - DAG(s) dict_keys(['example_trigger_controller_dag']) retrieved from /home/airflow/.local/lib/python3.6/site-packages/airflow/example_dags/example_trigger_controller_dag.py
[2021-05-31 09:10:20,680] {logging_mixin.py:104} INFO - [2021-05-31 09:10:20,680] {dag.py:1824} INFO - Sync 1 DAGs
[2021-05-31 09:10:20,711] {logging_mixin.py:104} INFO - [2021-05-31 09:10:20,711] {dag.py:2280} INFO - Setting next_dagrun for example_trigger_controller_dag to 2021-05-29 00:00:00+00:00
[2021-05-31 09:10:20,732] {scheduler_job.py:190} INFO - Processing /home/airflow/.local/lib/python3.6/site-packages/airflow/example_dags/example_trigger_controller_dag.py took 0.100 seconds
[2021-05-31 09:10:50,837] {scheduler_job.py:182} INFO - Started process (PID=6805) to work on /home/airflow/.local/lib/python3.6/site-packages/airflow/example_dags/example_trigger_controller_dag.py
[2021-05-31 09:10:50,839] {scheduler_job.py:629} INFO - Processing file /home/airflow/.local/lib/python3.6/site-packages/airflow/example_dags/example_trigger_controller_dag.py for tasks to queue
[2021-05-31 09:10:50,840] {logging_mixin.py:104} INFO - [2021-05-31 09:10:50,840] {dagbag.py:451} INFO - Filling up the DagBag from /home/airflow/.local/lib/python3.6/site-packages/airflow/example_dags/example_trigger_controller_dag.py
[2021-05-31 09:10:50,850] {scheduler_job.py:639} INFO - DAG(s) dict_keys(['example_trigger_controller_dag']) retrieved from /home/airflow/.local/lib/python3.6/site-packages/airflow/example_dags/example_trigger_controller_dag.py
[2021-05-31 09:10:50,883] {logging_mixin.py:104} INFO - [2021-05-31 09:10:50,883] {dag.py:1824} INFO - Sync 1 DAGs
[2021-05-31 09:10:50,909] {logging_mixin.py:104} INFO - [2021-05-31 09:10:50,909] {dag.py:2280} INFO - Setting next_dagrun for example_trigger_controller_dag to 2021-05-29 00:00:00+00:00
[2021-05-31 09:10:50,935] {scheduler_job.py:190} INFO - Processing /home/airflow/.local/lib/python3.6/site-packages/airflow/example_dags/example_trigger_controller_dag.py took 0.101 seconds
[2021-05-31 09:11:21,269] {scheduler_job.py:182} INFO - Started process (PID=6833) to work on /home/airflow/.local/lib/python3.6/site-packages/airflow/example_dags/example_trigger_controller_dag.py
[2021-05-31 09:11:21,271] {scheduler_job.py:629} INFO - Processing file /home/airflow/.local/lib/python3.6/site-packages/airflow/example_dags/example_trigger_controller_dag.py for tasks to queue
[2021-05-31 09:11:21,272] {logging_mixin.py:104} INFO - [2021-05-31 09:11:21,272] {dagbag.py:451} INFO - Filling up the DagBag from /home/airflow/.local/lib/python3.6/site-packages/airflow/example_dags/example_trigger_controller_dag.py
[2021-05-31 09:11:21,297] {scheduler_job.py:639} INFO - DAG(s) dict_keys(['example_trigger_controller_dag']) retrieved from /home/airflow/.local/lib/python3.6/site-packages/airflow/example_dags/example_trigger_controller_dag.py
[2021-05-31 09:11:21,327] {logging_mixin.py:104} INFO - [2021-05-31 09:11:21,327] {dag.py:1824} INFO - Sync 1 DAGs
[2021-05-31 09:11:21,354] {logging_mixin.py:104} INFO - [2021-05-31 09:11:21,353] {dag.py:2280} INFO - Setting next_dagrun for example_trigger_controller_dag to 2021-05-29 00:00:00+00:00
[2021-05-31 09:11:21,370] {scheduler_job.py:190} INFO - Processing /home/airflow/.local/lib/python3.6/site-packages/airflow/example_dags/example_trigger_controller_dag.py took 0.106 seconds
[2021-05-31 09:11:52,035] {scheduler_job.py:182} INFO - Started process (PID=6861) to work on /home/airflow/.local/lib/python3.6/site-packages/airflow/example_dags/example_trigger_controller_dag.py
[2021-05-31 09:11:52,036] {scheduler_job.py:629} INFO - Processing file /home/airflow/.local/lib/python3.6/site-packages/airflow/example_dags/example_trigger_controller_dag.py for tasks to queue
[2021-05-31 09:11:52,038] {logging_mixin.py:104} INFO - [2021-05-31 09:11:52,038] {dagbag.py:451} INFO - Filling up the DagBag from /home/airflow/.local/lib/python3.6/site-packages/airflow/example_dags/example_trigger_controller_dag.py
[2021-05-31 09:11:52,049] {scheduler_job.py:639} INFO - DAG(s) dict_keys(['example_trigger_controller_dag']) retrieved from /home/airflow/.local/lib/python3.6/site-packages/airflow/example_dags/example_trigger_controller_dag.py
[2021-05-31 09:11:52,079] {logging_mixin.py:104} INFO - [2021-05-31 09:11:52,079] {dag.py:1824} INFO - Sync 1 DAGs
[2021-05-31 09:11:52,101] {logging_mixin.py:104} INFO - [2021-05-31 09:11:52,101] {dag.py:2280} INFO - Setting next_dagrun for example_trigger_controller_dag to 2021-05-29 00:00:00+00:00
[2021-05-31 09:11:52,135] {scheduler_job.py:190} INFO - Processing /home/airflow/.local/lib/python3.6/site-packages/airflow/example_dags/example_trigger_controller_dag.py took 0.104 seconds
[2021-05-31 09:12:22,815] {scheduler_job.py:182} INFO - Started process (PID=6889) to work on /home/airflow/.local/lib/python3.6/site-packages/airflow/example_dags/example_trigger_controller_dag.py
[2021-05-31 09:12:22,817] {scheduler_job.py:629} INFO - Processing file /home/airflow/.local/lib/python3.6/site-packages/airflow/example_dags/example_trigger_controller_dag.py for tasks to queue
[2021-05-31 09:12:22,817] {logging_mixin.py:104} INFO - [2021-05-31 09:12:22,817] {dagbag.py:451} INFO - Filling up the DagBag from /home/airflow/.local/lib/python3.6/site-packages/airflow/example_dags/example_trigger_controller_dag.py
[2021-05-31 09:12:22,828] {scheduler_job.py:639} INFO - DAG(s) dict_keys(['example_trigger_controller_dag']) retrieved from /home/airflow/.local/lib/python3.6/site-packages/airflow/example_dags/example_trigger_controller_dag.py
[2021-05-31 09:12:22,859] {logging_mixin.py:104} INFO - [2021-05-31 09:12:22,859] {dag.py:1824} INFO - Sync 1 DAGs
[2021-05-31 09:12:22,889] {logging_mixin.py:104} INFO - [2021-05-31 09:12:22,888] {dag.py:2280} INFO - Setting next_dagrun for example_trigger_controller_dag to 2021-05-29 00:00:00+00:00
[2021-05-31 09:12:22,916] {scheduler_job.py:190} INFO - Processing /home/airflow/.local/lib/python3.6/site-packages/airflow/example_dags/example_trigger_controller_dag.py took 0.104 seconds
[2021-05-31 09:12:53,561] {scheduler_job.py:182} INFO - Started process (PID=6917) to work on /home/airflow/.local/lib/python3.6/site-packages/airflow/example_dags/example_trigger_controller_dag.py
[2021-05-31 09:12:53,562] {scheduler_job.py:629} INFO - Processing file /home/airflow/.local/lib/python3.6/site-packages/airflow/example_dags/example_trigger_controller_dag.py for tasks to queue
[2021-05-31 09:12:53,563] {logging_mixin.py:104} INFO - [2021-05-31 09:12:53,563] {dagbag.py:451} INFO - Filling up the DagBag from /home/airflow/.local/lib/python3.6/site-packages/airflow/example_dags/example_trigger_controller_dag.py
[2021-05-31 09:12:53,574] {scheduler_job.py:639} INFO - DAG(s) dict_keys(['example_trigger_controller_dag']) retrieved from /home/airflow/.local/lib/python3.6/site-packages/airflow/example_dags/example_trigger_controller_dag.py
[2021-05-31 09:12:53,603] {logging_mixin.py:104} INFO - [2021-05-31 09:12:53,603] {dag.py:1824} INFO - Sync 1 DAGs
[2021-05-31 09:12:53,630] {logging_mixin.py:104} INFO - [2021-05-31 09:12:53,630] {dag.py:2280} INFO - Setting next_dagrun for example_trigger_controller_dag to 2021-05-29 00:00:00+00:00
[2021-05-31 09:12:53,653] {scheduler_job.py:190} INFO - Processing /home/airflow/.local/lib/python3.6/site-packages/airflow/example_dags/example_trigger_controller_dag.py took 0.096 seconds
[2021-05-31 09:13:23,889] {scheduler_job.py:182} INFO - Started process (PID=6945) to work on /home/airflow/.local/lib/python3.6/site-packages/airflow/example_dags/example_trigger_controller_dag.py
[2021-05-31 09:13:23,890] {scheduler_job.py:629} INFO - Processing file /home/airflow/.local/lib/python3.6/site-packages/airflow/example_dags/example_trigger_controller_dag.py for tasks to queue
[2021-05-31 09:13:23,891] {logging_mixin.py:104} INFO - [2021-05-31 09:13:23,891] {dagbag.py:451} INFO - Filling up the DagBag from /home/airflow/.local/lib/python3.6/site-packages/airflow/example_dags/example_trigger_controller_dag.py
[2021-05-31 09:13:23,902] {scheduler_job.py:639} INFO - DAG(s) dict_keys(['example_trigger_controller_dag']) retrieved from /home/airflow/.local/lib/python3.6/site-packages/airflow/example_dags/example_trigger_controller_dag.py
[2021-05-31 09:13:23,931] {logging_mixin.py:104} INFO - [2021-05-31 09:13:23,931] {dag.py:1824} INFO - Sync 1 DAGs
[2021-05-31 09:13:23,950] {logging_mixin.py:104} INFO - [2021-05-31 09:13:23,949] {dag.py:2280} INFO - Setting next_dagrun for example_trigger_controller_dag to 2021-05-29 00:00:00+00:00
[2021-05-31 09:13:23,962] {scheduler_job.py:190} INFO - Processing /home/airflow/.local/lib/python3.6/site-packages/airflow/example_dags/example_trigger_controller_dag.py took 0.076 seconds
[2021-05-31 09:13:54,860] {scheduler_job.py:182} INFO - Started process (PID=6973) to work on /home/airflow/.local/lib/python3.6/site-packages/airflow/example_dags/example_trigger_controller_dag.py
[2021-05-31 09:13:54,862] {scheduler_job.py:629} INFO - Processing file /home/airflow/.local/lib/python3.6/site-packages/airflow/example_dags/example_trigger_controller_dag.py for tasks to queue
[2021-05-31 09:13:54,863] {logging_mixin.py:104} INFO - [2021-05-31 09:13:54,863] {dagbag.py:451} INFO - Filling up the DagBag from /home/airflow/.local/lib/python3.6/site-packages/airflow/example_dags/example_trigger_controller_dag.py
[2021-05-31 09:13:54,877] {scheduler_job.py:639} INFO - DAG(s) dict_keys(['example_trigger_controller_dag']) retrieved from /home/airflow/.local/lib/python3.6/site-packages/airflow/example_dags/example_trigger_controller_dag.py
[2021-05-31 09:13:54,903] {logging_mixin.py:104} INFO - [2021-05-31 09:13:54,903] {dag.py:1824} INFO - Sync 1 DAGs
[2021-05-31 09:13:54,922] {logging_mixin.py:104} INFO - [2021-05-31 09:13:54,922] {dag.py:2280} INFO - Setting next_dagrun for example_trigger_controller_dag to 2021-05-29 00:00:00+00:00
[2021-05-31 09:13:54,945] {scheduler_job.py:190} INFO - Processing /home/airflow/.local/lib/python3.6/site-packages/airflow/example_dags/example_trigger_controller_dag.py took 0.089 seconds
[2021-05-31 09:14:25,888] {scheduler_job.py:182} INFO - Started process (PID=7001) to work on /home/airflow/.local/lib/python3.6/site-packages/airflow/example_dags/example_trigger_controller_dag.py
[2021-05-31 09:14:25,890] {scheduler_job.py:629} INFO - Processing file /home/airflow/.local/lib/python3.6/site-packages/airflow/example_dags/example_trigger_controller_dag.py for tasks to queue
[2021-05-31 09:14:25,891] {logging_mixin.py:104} INFO - [2021-05-31 09:14:25,891] {dagbag.py:451} INFO - Filling up the DagBag from /home/airflow/.local/lib/python3.6/site-packages/airflow/example_dags/example_trigger_controller_dag.py
[2021-05-31 09:14:25,903] {scheduler_job.py:639} INFO - DAG(s) dict_keys(['example_trigger_controller_dag']) retrieved from /home/airflow/.local/lib/python3.6/site-packages/airflow/example_dags/example_trigger_controller_dag.py
[2021-05-31 09:14:25,931] {logging_mixin.py:104} INFO - [2021-05-31 09:14:25,931] {dag.py:1824} INFO - Sync 1 DAGs
[2021-05-31 09:14:25,963] {logging_mixin.py:104} INFO - [2021-05-31 09:14:25,963] {dag.py:2280} INFO - Setting next_dagrun for example_trigger_controller_dag to 2021-05-29 00:00:00+00:00
[2021-05-31 09:14:25,977] {scheduler_job.py:190} INFO - Processing /home/airflow/.local/lib/python3.6/site-packages/airflow/example_dags/example_trigger_controller_dag.py took 0.092 seconds
[2021-05-31 09:14:56,620] {scheduler_job.py:182} INFO - Started process (PID=7029) to work on /home/airflow/.local/lib/python3.6/site-packages/airflow/example_dags/example_trigger_controller_dag.py
[2021-05-31 09:14:56,622] {scheduler_job.py:629} INFO - Processing file /home/airflow/.local/lib/python3.6/site-packages/airflow/example_dags/example_trigger_controller_dag.py for tasks to queue
[2021-05-31 09:14:56,624] {logging_mixin.py:104} INFO - [2021-05-31 09:14:56,624] {dagbag.py:451} INFO - Filling up the DagBag from /home/airflow/.local/lib/python3.6/site-packages/airflow/example_dags/example_trigger_controller_dag.py
[2021-05-31 09:14:56,636] {scheduler_job.py:639} INFO - DAG(s) dict_keys(['example_trigger_controller_dag']) retrieved from /home/airflow/.local/lib/python3.6/site-packages/airflow/example_dags/example_trigger_controller_dag.py
[2021-05-31 09:14:56,664] {logging_mixin.py:104} INFO - [2021-05-31 09:14:56,664] {dag.py:1824} INFO - Sync 1 DAGs
[2021-05-31 09:14:56,690] {logging_mixin.py:104} INFO - [2021-05-31 09:14:56,690] {dag.py:2280} INFO - Setting next_dagrun for example_trigger_controller_dag to 2021-05-29 00:00:00+00:00
[2021-05-31 09:14:56,707] {scheduler_job.py:190} INFO - Processing /home/airflow/.local/lib/python3.6/site-packages/airflow/example_dags/example_trigger_controller_dag.py took 0.091 seconds
[2021-05-31 09:15:27,457] {scheduler_job.py:182} INFO - Started process (PID=7057) to work on /home/airflow/.local/lib/python3.6/site-packages/airflow/example_dags/example_trigger_controller_dag.py
[2021-05-31 09:15:27,460] {scheduler_job.py:629} INFO - Processing file /home/airflow/.local/lib/python3.6/site-packages/airflow/example_dags/example_trigger_controller_dag.py for tasks to queue
[2021-05-31 09:15:27,461] {logging_mixin.py:104} INFO - [2021-05-31 09:15:27,460] {dagbag.py:451} INFO - Filling up the DagBag from /home/airflow/.local/lib/python3.6/site-packages/airflow/example_dags/example_trigger_controller_dag.py
[2021-05-31 09:15:27,471] {scheduler_job.py:639} INFO - DAG(s) dict_keys(['example_trigger_controller_dag']) retrieved from /home/airflow/.local/lib/python3.6/site-packages/airflow/example_dags/example_trigger_controller_dag.py
[2021-05-31 09:15:27,497] {logging_mixin.py:104} INFO - [2021-05-31 09:15:27,497] {dag.py:1824} INFO - Sync 1 DAGs
[2021-05-31 09:15:27,517] {logging_mixin.py:104} INFO - [2021-05-31 09:15:27,517] {dag.py:2280} INFO - Setting next_dagrun for example_trigger_controller_dag to 2021-05-29 00:00:00+00:00
[2021-05-31 09:15:27,531] {scheduler_job.py:190} INFO - Processing /home/airflow/.local/lib/python3.6/site-packages/airflow/example_dags/example_trigger_controller_dag.py took 0.078 seconds
[2021-05-31 09:15:58,352] {scheduler_job.py:182} INFO - Started process (PID=7085) to work on /home/airflow/.local/lib/python3.6/site-packages/airflow/example_dags/example_trigger_controller_dag.py
[2021-05-31 09:15:58,354] {scheduler_job.py:629} INFO - Processing file /home/airflow/.local/lib/python3.6/site-packages/airflow/example_dags/example_trigger_controller_dag.py for tasks to queue
[2021-05-31 09:15:58,355] {logging_mixin.py:104} INFO - [2021-05-31 09:15:58,355] {dagbag.py:451} INFO - Filling up the DagBag from /home/airflow/.local/lib/python3.6/site-packages/airflow/example_dags/example_trigger_controller_dag.py
[2021-05-31 09:15:58,365] {scheduler_job.py:639} INFO - DAG(s) dict_keys(['example_trigger_controller_dag']) retrieved from /home/airflow/.local/lib/python3.6/site-packages/airflow/example_dags/example_trigger_controller_dag.py
[2021-05-31 09:15:58,388] {logging_mixin.py:104} INFO - [2021-05-31 09:15:58,388] {dag.py:1824} INFO - Sync 1 DAGs
[2021-05-31 09:15:58,405] {logging_mixin.py:104} INFO - [2021-05-31 09:15:58,405] {dag.py:2280} INFO - Setting next_dagrun for example_trigger_controller_dag to 2021-05-29 00:00:00+00:00
[2021-05-31 09:15:58,429] {scheduler_job.py:190} INFO - Processing /home/airflow/.local/lib/python3.6/site-packages/airflow/example_dags/example_trigger_controller_dag.py took 0.080 seconds
[2021-05-31 09:16:29,192] {scheduler_job.py:182} INFO - Started process (PID=7113) to work on /home/airflow/.local/lib/python3.6/site-packages/airflow/example_dags/example_trigger_controller_dag.py
[2021-05-31 09:16:29,193] {scheduler_job.py:629} INFO - Processing file /home/airflow/.local/lib/python3.6/site-packages/airflow/example_dags/example_trigger_controller_dag.py for tasks to queue
[2021-05-31 09:16:29,194] {logging_mixin.py:104} INFO - [2021-05-31 09:16:29,194] {dagbag.py:451} INFO - Filling up the DagBag from /home/airflow/.local/lib/python3.6/site-packages/airflow/example_dags/example_trigger_controller_dag.py
[2021-05-31 09:16:29,205] {scheduler_job.py:639} INFO - DAG(s) dict_keys(['example_trigger_controller_dag']) retrieved from /home/airflow/.local/lib/python3.6/site-packages/airflow/example_dags/example_trigger_controller_dag.py
[2021-05-31 09:16:29,235] {logging_mixin.py:104} INFO - [2021-05-31 09:16:29,235] {dag.py:1824} INFO - Sync 1 DAGs
[2021-05-31 09:16:29,255] {logging_mixin.py:104} INFO - [2021-05-31 09:16:29,255] {dag.py:2280} INFO - Setting next_dagrun for example_trigger_controller_dag to 2021-05-29 00:00:00+00:00
[2021-05-31 09:16:29,273] {scheduler_job.py:190} INFO - Processing /home/airflow/.local/lib/python3.6/site-packages/airflow/example_dags/example_trigger_controller_dag.py took 0.085 seconds
[2021-05-31 09:16:59,778] {scheduler_job.py:182} INFO - Started process (PID=7141) to work on /home/airflow/.local/lib/python3.6/site-packages/airflow/example_dags/example_trigger_controller_dag.py
[2021-05-31 09:16:59,780] {scheduler_job.py:629} INFO - Processing file /home/airflow/.local/lib/python3.6/site-packages/airflow/example_dags/example_trigger_controller_dag.py for tasks to queue
[2021-05-31 09:16:59,782] {logging_mixin.py:104} INFO - [2021-05-31 09:16:59,782] {dagbag.py:451} INFO - Filling up the DagBag from /home/airflow/.local/lib/python3.6/site-packages/airflow/example_dags/example_trigger_controller_dag.py
[2021-05-31 09:16:59,806] {scheduler_job.py:639} INFO - DAG(s) dict_keys(['example_trigger_controller_dag']) retrieved from /home/airflow/.local/lib/python3.6/site-packages/airflow/example_dags/example_trigger_controller_dag.py
[2021-05-31 09:16:59,868] {logging_mixin.py:104} INFO - [2021-05-31 09:16:59,867] {dag.py:1824} INFO - Sync 1 DAGs
[2021-05-31 09:16:59,897] {logging_mixin.py:104} INFO - [2021-05-31 09:16:59,897] {dag.py:2280} INFO - Setting next_dagrun for example_trigger_controller_dag to 2021-05-29 00:00:00+00:00
[2021-05-31 09:16:59,941] {scheduler_job.py:190} INFO - Processing /home/airflow/.local/lib/python3.6/site-packages/airflow/example_dags/example_trigger_controller_dag.py took 0.170 seconds
[2021-05-31 09:17:30,173] {scheduler_job.py:182} INFO - Started process (PID=7169) to work on /home/airflow/.local/lib/python3.6/site-packages/airflow/example_dags/example_trigger_controller_dag.py
[2021-05-31 09:17:30,175] {scheduler_job.py:629} INFO - Processing file /home/airflow/.local/lib/python3.6/site-packages/airflow/example_dags/example_trigger_controller_dag.py for tasks to queue
[2021-05-31 09:17:30,178] {logging_mixin.py:104} INFO - [2021-05-31 09:17:30,177] {dagbag.py:451} INFO - Filling up the DagBag from /home/airflow/.local/lib/python3.6/site-packages/airflow/example_dags/example_trigger_controller_dag.py
[2021-05-31 09:17:30,201] {scheduler_job.py:639} INFO - DAG(s) dict_keys(['example_trigger_controller_dag']) retrieved from /home/airflow/.local/lib/python3.6/site-packages/airflow/example_dags/example_trigger_controller_dag.py
[2021-05-31 09:17:30,248] {logging_mixin.py:104} INFO - [2021-05-31 09:17:30,247] {dag.py:1824} INFO - Sync 1 DAGs
[2021-05-31 09:17:30,284] {logging_mixin.py:104} INFO - [2021-05-31 09:17:30,284] {dag.py:2280} INFO - Setting next_dagrun for example_trigger_controller_dag to 2021-05-29 00:00:00+00:00
[2021-05-31 09:17:30,300] {scheduler_job.py:190} INFO - Processing /home/airflow/.local/lib/python3.6/site-packages/airflow/example_dags/example_trigger_controller_dag.py took 0.133 seconds
[2021-05-31 09:18:00,696] {scheduler_job.py:182} INFO - Started process (PID=7197) to work on /home/airflow/.local/lib/python3.6/site-packages/airflow/example_dags/example_trigger_controller_dag.py
[2021-05-31 09:18:00,698] {scheduler_job.py:629} INFO - Processing file /home/airflow/.local/lib/python3.6/site-packages/airflow/example_dags/example_trigger_controller_dag.py for tasks to queue
[2021-05-31 09:18:00,700] {logging_mixin.py:104} INFO - [2021-05-31 09:18:00,700] {dagbag.py:451} INFO - Filling up the DagBag from /home/airflow/.local/lib/python3.6/site-packages/airflow/example_dags/example_trigger_controller_dag.py
[2021-05-31 09:18:00,715] {scheduler_job.py:639} INFO - DAG(s) dict_keys(['example_trigger_controller_dag']) retrieved from /home/airflow/.local/lib/python3.6/site-packages/airflow/example_dags/example_trigger_controller_dag.py
[2021-05-31 09:18:00,750] {logging_mixin.py:104} INFO - [2021-05-31 09:18:00,750] {dag.py:1824} INFO - Sync 1 DAGs
[2021-05-31 09:18:00,777] {logging_mixin.py:104} INFO - [2021-05-31 09:18:00,777] {dag.py:2280} INFO - Setting next_dagrun for example_trigger_controller_dag to 2021-05-29 00:00:00+00:00
[2021-05-31 09:18:00,796] {scheduler_job.py:190} INFO - Processing /home/airflow/.local/lib/python3.6/site-packages/airflow/example_dags/example_trigger_controller_dag.py took 0.104 seconds
[2021-05-31 09:18:30,912] {scheduler_job.py:182} INFO - Started process (PID=7225) to work on /home/airflow/.local/lib/python3.6/site-packages/airflow/example_dags/example_trigger_controller_dag.py
[2021-05-31 09:18:30,914] {scheduler_job.py:629} INFO - Processing file /home/airflow/.local/lib/python3.6/site-packages/airflow/example_dags/example_trigger_controller_dag.py for tasks to queue
[2021-05-31 09:18:30,918] {logging_mixin.py:104} INFO - [2021-05-31 09:18:30,918] {dagbag.py:451} INFO - Filling up the DagBag from /home/airflow/.local/lib/python3.6/site-packages/airflow/example_dags/example_trigger_controller_dag.py
[2021-05-31 09:18:30,934] {scheduler_job.py:639} INFO - DAG(s) dict_keys(['example_trigger_controller_dag']) retrieved from /home/airflow/.local/lib/python3.6/site-packages/airflow/example_dags/example_trigger_controller_dag.py
[2021-05-31 09:18:30,968] {logging_mixin.py:104} INFO - [2021-05-31 09:18:30,968] {dag.py:1824} INFO - Sync 1 DAGs
[2021-05-31 09:18:30,993] {logging_mixin.py:104} INFO - [2021-05-31 09:18:30,993] {dag.py:2280} INFO - Setting next_dagrun for example_trigger_controller_dag to 2021-05-29 00:00:00+00:00
[2021-05-31 09:18:31,048] {scheduler_job.py:190} INFO - Processing /home/airflow/.local/lib/python3.6/site-packages/airflow/example_dags/example_trigger_controller_dag.py took 0.141 seconds
[2021-05-31 09:19:01,831] {scheduler_job.py:182} INFO - Started process (PID=7253) to work on /home/airflow/.local/lib/python3.6/site-packages/airflow/example_dags/example_trigger_controller_dag.py
[2021-05-31 09:19:01,835] {scheduler_job.py:629} INFO - Processing file /home/airflow/.local/lib/python3.6/site-packages/airflow/example_dags/example_trigger_controller_dag.py for tasks to queue
[2021-05-31 09:19:01,841] {logging_mixin.py:104} INFO - [2021-05-31 09:19:01,840] {dagbag.py:451} INFO - Filling up the DagBag from /home/airflow/.local/lib/python3.6/site-packages/airflow/example_dags/example_trigger_controller_dag.py
[2021-05-31 09:19:01,886] {scheduler_job.py:639} INFO - DAG(s) dict_keys(['example_trigger_controller_dag']) retrieved from /home/airflow/.local/lib/python3.6/site-packages/airflow/example_dags/example_trigger_controller_dag.py
[2021-05-31 09:19:01,924] {logging_mixin.py:104} INFO - [2021-05-31 09:19:01,923] {dag.py:1824} INFO - Sync 1 DAGs
[2021-05-31 09:19:01,962] {logging_mixin.py:104} INFO - [2021-05-31 09:19:01,962] {dag.py:2280} INFO - Setting next_dagrun for example_trigger_controller_dag to 2021-05-29 00:00:00+00:00
[2021-05-31 09:19:02,027] {scheduler_job.py:190} INFO - Processing /home/airflow/.local/lib/python3.6/site-packages/airflow/example_dags/example_trigger_controller_dag.py took 0.206 seconds
[2021-05-31 09:19:32,192] {scheduler_job.py:182} INFO - Started process (PID=7281) to work on /home/airflow/.local/lib/python3.6/site-packages/airflow/example_dags/example_trigger_controller_dag.py
[2021-05-31 09:19:32,195] {scheduler_job.py:629} INFO - Processing file /home/airflow/.local/lib/python3.6/site-packages/airflow/example_dags/example_trigger_controller_dag.py for tasks to queue
[2021-05-31 09:19:32,196] {logging_mixin.py:104} INFO - [2021-05-31 09:19:32,196] {dagbag.py:451} INFO - Filling up the DagBag from /home/airflow/.local/lib/python3.6/site-packages/airflow/example_dags/example_trigger_controller_dag.py
[2021-05-31 09:19:32,211] {scheduler_job.py:639} INFO - DAG(s) dict_keys(['example_trigger_controller_dag']) retrieved from /home/airflow/.local/lib/python3.6/site-packages/airflow/example_dags/example_trigger_controller_dag.py
[2021-05-31 09:19:32,256] {logging_mixin.py:104} INFO - [2021-05-31 09:19:32,255] {dag.py:1824} INFO - Sync 1 DAGs
[2021-05-31 09:19:32,284] {logging_mixin.py:104} INFO - [2021-05-31 09:19:32,283] {dag.py:2280} INFO - Setting next_dagrun for example_trigger_controller_dag to 2021-05-29 00:00:00+00:00
[2021-05-31 09:19:32,340] {scheduler_job.py:190} INFO - Processing /home/airflow/.local/lib/python3.6/site-packages/airflow/example_dags/example_trigger_controller_dag.py took 0.152 seconds
[2021-05-31 09:20:02,862] {scheduler_job.py:182} INFO - Started process (PID=7309) to work on /home/airflow/.local/lib/python3.6/site-packages/airflow/example_dags/example_trigger_controller_dag.py
[2021-05-31 09:20:02,865] {scheduler_job.py:629} INFO - Processing file /home/airflow/.local/lib/python3.6/site-packages/airflow/example_dags/example_trigger_controller_dag.py for tasks to queue
[2021-05-31 09:20:02,867] {logging_mixin.py:104} INFO - [2021-05-31 09:20:02,867] {dagbag.py:451} INFO - Filling up the DagBag from /home/airflow/.local/lib/python3.6/site-packages/airflow/example_dags/example_trigger_controller_dag.py
[2021-05-31 09:20:02,881] {scheduler_job.py:639} INFO - DAG(s) dict_keys(['example_trigger_controller_dag']) retrieved from /home/airflow/.local/lib/python3.6/site-packages/airflow/example_dags/example_trigger_controller_dag.py
[2021-05-31 09:20:02,926] {logging_mixin.py:104} INFO - [2021-05-31 09:20:02,926] {dag.py:1824} INFO - Sync 1 DAGs
[2021-05-31 09:20:02,959] {logging_mixin.py:104} INFO - [2021-05-31 09:20:02,958] {dag.py:2280} INFO - Setting next_dagrun for example_trigger_controller_dag to 2021-05-29 00:00:00+00:00
[2021-05-31 09:20:03,014] {scheduler_job.py:190} INFO - Processing /home/airflow/.local/lib/python3.6/site-packages/airflow/example_dags/example_trigger_controller_dag.py took 0.158 seconds
[2021-05-31 09:20:33,443] {scheduler_job.py:182} INFO - Started process (PID=7337) to work on /home/airflow/.local/lib/python3.6/site-packages/airflow/example_dags/example_trigger_controller_dag.py
[2021-05-31 09:20:33,446] {scheduler_job.py:629} INFO - Processing file /home/airflow/.local/lib/python3.6/site-packages/airflow/example_dags/example_trigger_controller_dag.py for tasks to queue
[2021-05-31 09:20:33,450] {logging_mixin.py:104} INFO - [2021-05-31 09:20:33,450] {dagbag.py:451} INFO - Filling up the DagBag from /home/airflow/.local/lib/python3.6/site-packages/airflow/example_dags/example_trigger_controller_dag.py
[2021-05-31 09:20:33,472] {scheduler_job.py:639} INFO - DAG(s) dict_keys(['example_trigger_controller_dag']) retrieved from /home/airflow/.local/lib/python3.6/site-packages/airflow/example_dags/example_trigger_controller_dag.py
[2021-05-31 09:20:33,514] {logging_mixin.py:104} INFO - [2021-05-31 09:20:33,513] {dag.py:1824} INFO - Sync 1 DAGs
[2021-05-31 09:20:33,544] {logging_mixin.py:104} INFO - [2021-05-31 09:20:33,543] {dag.py:2280} INFO - Setting next_dagrun for example_trigger_controller_dag to 2021-05-29 00:00:00+00:00
[2021-05-31 09:20:33,588] {scheduler_job.py:190} INFO - Processing /home/airflow/.local/lib/python3.6/site-packages/airflow/example_dags/example_trigger_controller_dag.py took 0.150 seconds
[2021-05-31 09:21:03,647] {scheduler_job.py:182} INFO - Started process (PID=7365) to work on /home/airflow/.local/lib/python3.6/site-packages/airflow/example_dags/example_trigger_controller_dag.py
[2021-05-31 09:21:03,649] {scheduler_job.py:629} INFO - Processing file /home/airflow/.local/lib/python3.6/site-packages/airflow/example_dags/example_trigger_controller_dag.py for tasks to queue
[2021-05-31 09:21:03,650] {logging_mixin.py:104} INFO - [2021-05-31 09:21:03,650] {dagbag.py:451} INFO - Filling up the DagBag from /home/airflow/.local/lib/python3.6/site-packages/airflow/example_dags/example_trigger_controller_dag.py
[2021-05-31 09:21:03,665] {scheduler_job.py:639} INFO - DAG(s) dict_keys(['example_trigger_controller_dag']) retrieved from /home/airflow/.local/lib/python3.6/site-packages/airflow/example_dags/example_trigger_controller_dag.py
[2021-05-31 09:21:03,701] {logging_mixin.py:104} INFO - [2021-05-31 09:21:03,701] {dag.py:1824} INFO - Sync 1 DAGs
[2021-05-31 09:21:03,727] {logging_mixin.py:104} INFO - [2021-05-31 09:21:03,727] {dag.py:2280} INFO - Setting next_dagrun for example_trigger_controller_dag to 2021-05-29 00:00:00+00:00
[2021-05-31 09:21:03,784] {scheduler_job.py:190} INFO - Processing /home/airflow/.local/lib/python3.6/site-packages/airflow/example_dags/example_trigger_controller_dag.py took 0.142 seconds
[2021-05-31 09:21:34,068] {scheduler_job.py:182} INFO - Started process (PID=7393) to work on /home/airflow/.local/lib/python3.6/site-packages/airflow/example_dags/example_trigger_controller_dag.py
[2021-05-31 09:21:34,072] {scheduler_job.py:629} INFO - Processing file /home/airflow/.local/lib/python3.6/site-packages/airflow/example_dags/example_trigger_controller_dag.py for tasks to queue
[2021-05-31 09:21:34,073] {logging_mixin.py:104} INFO - [2021-05-31 09:21:34,073] {dagbag.py:451} INFO - Filling up the DagBag from /home/airflow/.local/lib/python3.6/site-packages/airflow/example_dags/example_trigger_controller_dag.py
[2021-05-31 09:21:34,089] {scheduler_job.py:639} INFO - DAG(s) dict_keys(['example_trigger_controller_dag']) retrieved from /home/airflow/.local/lib/python3.6/site-packages/airflow/example_dags/example_trigger_controller_dag.py
[2021-05-31 09:21:34,129] {logging_mixin.py:104} INFO - [2021-05-31 09:21:34,129] {dag.py:1824} INFO - Sync 1 DAGs
[2021-05-31 09:21:34,154] {logging_mixin.py:104} INFO - [2021-05-31 09:21:34,154] {dag.py:2280} INFO - Setting next_dagrun for example_trigger_controller_dag to 2021-05-29 00:00:00+00:00
[2021-05-31 09:21:34,212] {scheduler_job.py:190} INFO - Processing /home/airflow/.local/lib/python3.6/site-packages/airflow/example_dags/example_trigger_controller_dag.py took 0.149 seconds
[2021-05-31 09:22:04,772] {scheduler_job.py:182} INFO - Started process (PID=7421) to work on /home/airflow/.local/lib/python3.6/site-packages/airflow/example_dags/example_trigger_controller_dag.py
[2021-05-31 09:22:04,775] {scheduler_job.py:629} INFO - Processing file /home/airflow/.local/lib/python3.6/site-packages/airflow/example_dags/example_trigger_controller_dag.py for tasks to queue
[2021-05-31 09:22:04,776] {logging_mixin.py:104} INFO - [2021-05-31 09:22:04,776] {dagbag.py:451} INFO - Filling up the DagBag from /home/airflow/.local/lib/python3.6/site-packages/airflow/example_dags/example_trigger_controller_dag.py
[2021-05-31 09:22:04,794] {scheduler_job.py:639} INFO - DAG(s) dict_keys(['example_trigger_controller_dag']) retrieved from /home/airflow/.local/lib/python3.6/site-packages/airflow/example_dags/example_trigger_controller_dag.py
[2021-05-31 09:22:04,838] {logging_mixin.py:104} INFO - [2021-05-31 09:22:04,838] {dag.py:1824} INFO - Sync 1 DAGs
[2021-05-31 09:22:04,860] {logging_mixin.py:104} INFO - [2021-05-31 09:22:04,860] {dag.py:2280} INFO - Setting next_dagrun for example_trigger_controller_dag to 2021-05-29 00:00:00+00:00
[2021-05-31 09:22:04,928] {scheduler_job.py:190} INFO - Processing /home/airflow/.local/lib/python3.6/site-packages/airflow/example_dags/example_trigger_controller_dag.py took 0.161 seconds
[2021-05-31 09:22:35,899] {scheduler_job.py:182} INFO - Started process (PID=7449) to work on /home/airflow/.local/lib/python3.6/site-packages/airflow/example_dags/example_trigger_controller_dag.py
[2021-05-31 09:22:35,902] {scheduler_job.py:629} INFO - Processing file /home/airflow/.local/lib/python3.6/site-packages/airflow/example_dags/example_trigger_controller_dag.py for tasks to queue
[2021-05-31 09:22:35,904] {logging_mixin.py:104} INFO - [2021-05-31 09:22:35,904] {dagbag.py:451} INFO - Filling up the DagBag from /home/airflow/.local/lib/python3.6/site-packages/airflow/example_dags/example_trigger_controller_dag.py
[2021-05-31 09:22:35,924] {scheduler_job.py:639} INFO - DAG(s) dict_keys(['example_trigger_controller_dag']) retrieved from /home/airflow/.local/lib/python3.6/site-packages/airflow/example_dags/example_trigger_controller_dag.py
[2021-05-31 09:22:35,971] {logging_mixin.py:104} INFO - [2021-05-31 09:22:35,970] {dag.py:1824} INFO - Sync 1 DAGs
[2021-05-31 09:22:35,999] {logging_mixin.py:104} INFO - [2021-05-31 09:22:35,999] {dag.py:2280} INFO - Setting next_dagrun for example_trigger_controller_dag to 2021-05-29 00:00:00+00:00
[2021-05-31 09:22:36,045] {scheduler_job.py:190} INFO - Processing /home/airflow/.local/lib/python3.6/site-packages/airflow/example_dags/example_trigger_controller_dag.py took 0.151 seconds
[2021-05-31 09:23:06,194] {scheduler_job.py:182} INFO - Started process (PID=7477) to work on /home/airflow/.local/lib/python3.6/site-packages/airflow/example_dags/example_trigger_controller_dag.py
[2021-05-31 09:23:06,197] {scheduler_job.py:629} INFO - Processing file /home/airflow/.local/lib/python3.6/site-packages/airflow/example_dags/example_trigger_controller_dag.py for tasks to queue
[2021-05-31 09:23:06,199] {logging_mixin.py:104} INFO - [2021-05-31 09:23:06,199] {dagbag.py:451} INFO - Filling up the DagBag from /home/airflow/.local/lib/python3.6/site-packages/airflow/example_dags/example_trigger_controller_dag.py
[2021-05-31 09:23:06,214] {scheduler_job.py:639} INFO - DAG(s) dict_keys(['example_trigger_controller_dag']) retrieved from /home/airflow/.local/lib/python3.6/site-packages/airflow/example_dags/example_trigger_controller_dag.py
[2021-05-31 09:23:06,252] {logging_mixin.py:104} INFO - [2021-05-31 09:23:06,251] {dag.py:1824} INFO - Sync 1 DAGs
[2021-05-31 09:23:06,280] {logging_mixin.py:104} INFO - [2021-05-31 09:23:06,280] {dag.py:2280} INFO - Setting next_dagrun for example_trigger_controller_dag to 2021-05-29 00:00:00+00:00
[2021-05-31 09:23:06,340] {scheduler_job.py:190} INFO - Processing /home/airflow/.local/lib/python3.6/site-packages/airflow/example_dags/example_trigger_controller_dag.py took 0.149 seconds
[2021-05-31 09:23:36,757] {scheduler_job.py:182} INFO - Started process (PID=7505) to work on /home/airflow/.local/lib/python3.6/site-packages/airflow/example_dags/example_trigger_controller_dag.py
[2021-05-31 09:23:36,760] {scheduler_job.py:629} INFO - Processing file /home/airflow/.local/lib/python3.6/site-packages/airflow/example_dags/example_trigger_controller_dag.py for tasks to queue
[2021-05-31 09:23:36,762] {logging_mixin.py:104} INFO - [2021-05-31 09:23:36,761] {dagbag.py:451} INFO - Filling up the DagBag from /home/airflow/.local/lib/python3.6/site-packages/airflow/example_dags/example_trigger_controller_dag.py
[2021-05-31 09:23:36,781] {scheduler_job.py:639} INFO - DAG(s) dict_keys(['example_trigger_controller_dag']) retrieved from /home/airflow/.local/lib/python3.6/site-packages/airflow/example_dags/example_trigger_controller_dag.py
[2021-05-31 09:23:36,816] {logging_mixin.py:104} INFO - [2021-05-31 09:23:36,816] {dag.py:1824} INFO - Sync 1 DAGs
[2021-05-31 09:23:36,843] {logging_mixin.py:104} INFO - [2021-05-31 09:23:36,843] {dag.py:2280} INFO - Setting next_dagrun for example_trigger_controller_dag to 2021-05-29 00:00:00+00:00
[2021-05-31 09:23:36,898] {scheduler_job.py:190} INFO - Processing /home/airflow/.local/lib/python3.6/site-packages/airflow/example_dags/example_trigger_controller_dag.py took 0.145 seconds
