[2021-05-31 09:07:03,098] {scheduler_job.py:182} INFO - Started process (PID=6603) to work on /home/airflow/.local/lib/python3.6/site-packages/airflow/example_dags/example_branch_operator.py
[2021-05-31 09:07:03,100] {scheduler_job.py:629} INFO - Processing file /home/airflow/.local/lib/python3.6/site-packages/airflow/example_dags/example_branch_operator.py for tasks to queue
[2021-05-31 09:07:03,103] {logging_mixin.py:104} INFO - [2021-05-31 09:07:03,102] {dagbag.py:451} INFO - Filling up the DagBag from /home/airflow/.local/lib/python3.6/site-packages/airflow/example_dags/example_branch_operator.py
[2021-05-31 09:07:03,142] {scheduler_job.py:639} INFO - DAG(s) dict_keys(['example_branch_operator']) retrieved from /home/airflow/.local/lib/python3.6/site-packages/airflow/example_dags/example_branch_operator.py
[2021-05-31 09:07:03,190] {logging_mixin.py:104} INFO - [2021-05-31 09:07:03,189] {dag.py:1824} INFO - Sync 1 DAGs
[2021-05-31 09:07:03,253] {logging_mixin.py:104} INFO - [2021-05-31 09:07:03,253] {dag.py:2280} INFO - Setting next_dagrun for example_branch_operator to 2021-05-29 00:00:00+00:00
[2021-05-31 09:07:03,293] {scheduler_job.py:190} INFO - Processing /home/airflow/.local/lib/python3.6/site-packages/airflow/example_dags/example_branch_operator.py took 0.201 seconds
[2021-05-31 09:07:33,530] {scheduler_job.py:182} INFO - Started process (PID=6631) to work on /home/airflow/.local/lib/python3.6/site-packages/airflow/example_dags/example_branch_operator.py
[2021-05-31 09:07:33,532] {scheduler_job.py:629} INFO - Processing file /home/airflow/.local/lib/python3.6/site-packages/airflow/example_dags/example_branch_operator.py for tasks to queue
[2021-05-31 09:07:33,534] {logging_mixin.py:104} INFO - [2021-05-31 09:07:33,534] {dagbag.py:451} INFO - Filling up the DagBag from /home/airflow/.local/lib/python3.6/site-packages/airflow/example_dags/example_branch_operator.py
[2021-05-31 09:07:33,551] {scheduler_job.py:639} INFO - DAG(s) dict_keys(['example_branch_operator']) retrieved from /home/airflow/.local/lib/python3.6/site-packages/airflow/example_dags/example_branch_operator.py
[2021-05-31 09:07:33,575] {logging_mixin.py:104} INFO - [2021-05-31 09:07:33,575] {dag.py:1824} INFO - Sync 1 DAGs
[2021-05-31 09:07:33,600] {logging_mixin.py:104} INFO - [2021-05-31 09:07:33,600] {dag.py:2280} INFO - Setting next_dagrun for example_branch_operator to 2021-05-29 00:00:00+00:00
[2021-05-31 09:07:33,613] {scheduler_job.py:190} INFO - Processing /home/airflow/.local/lib/python3.6/site-packages/airflow/example_dags/example_branch_operator.py took 0.087 seconds
[2021-05-31 09:08:03,879] {scheduler_job.py:182} INFO - Started process (PID=6659) to work on /home/airflow/.local/lib/python3.6/site-packages/airflow/example_dags/example_branch_operator.py
[2021-05-31 09:08:03,881] {scheduler_job.py:629} INFO - Processing file /home/airflow/.local/lib/python3.6/site-packages/airflow/example_dags/example_branch_operator.py for tasks to queue
[2021-05-31 09:08:03,883] {logging_mixin.py:104} INFO - [2021-05-31 09:08:03,882] {dagbag.py:451} INFO - Filling up the DagBag from /home/airflow/.local/lib/python3.6/site-packages/airflow/example_dags/example_branch_operator.py
[2021-05-31 09:08:03,912] {scheduler_job.py:639} INFO - DAG(s) dict_keys(['example_branch_operator']) retrieved from /home/airflow/.local/lib/python3.6/site-packages/airflow/example_dags/example_branch_operator.py
[2021-05-31 09:08:03,954] {logging_mixin.py:104} INFO - [2021-05-31 09:08:03,954] {dag.py:1824} INFO - Sync 1 DAGs
[2021-05-31 09:08:03,991] {logging_mixin.py:104} INFO - [2021-05-31 09:08:03,991] {dag.py:2280} INFO - Setting next_dagrun for example_branch_operator to 2021-05-29 00:00:00+00:00
[2021-05-31 09:08:04,019] {scheduler_job.py:190} INFO - Processing /home/airflow/.local/lib/python3.6/site-packages/airflow/example_dags/example_branch_operator.py took 0.146 seconds
[2021-05-31 09:08:34,597] {scheduler_job.py:182} INFO - Started process (PID=6687) to work on /home/airflow/.local/lib/python3.6/site-packages/airflow/example_dags/example_branch_operator.py
[2021-05-31 09:08:34,598] {scheduler_job.py:629} INFO - Processing file /home/airflow/.local/lib/python3.6/site-packages/airflow/example_dags/example_branch_operator.py for tasks to queue
[2021-05-31 09:08:34,600] {logging_mixin.py:104} INFO - [2021-05-31 09:08:34,599] {dagbag.py:451} INFO - Filling up the DagBag from /home/airflow/.local/lib/python3.6/site-packages/airflow/example_dags/example_branch_operator.py
[2021-05-31 09:08:34,619] {scheduler_job.py:639} INFO - DAG(s) dict_keys(['example_branch_operator']) retrieved from /home/airflow/.local/lib/python3.6/site-packages/airflow/example_dags/example_branch_operator.py
[2021-05-31 09:08:34,658] {logging_mixin.py:104} INFO - [2021-05-31 09:08:34,658] {dag.py:1824} INFO - Sync 1 DAGs
[2021-05-31 09:08:34,695] {logging_mixin.py:104} INFO - [2021-05-31 09:08:34,695] {dag.py:2280} INFO - Setting next_dagrun for example_branch_operator to 2021-05-29 00:00:00+00:00
[2021-05-31 09:08:34,718] {scheduler_job.py:190} INFO - Processing /home/airflow/.local/lib/python3.6/site-packages/airflow/example_dags/example_branch_operator.py took 0.125 seconds
[2021-05-31 09:09:05,409] {scheduler_job.py:182} INFO - Started process (PID=6715) to work on /home/airflow/.local/lib/python3.6/site-packages/airflow/example_dags/example_branch_operator.py
[2021-05-31 09:09:05,412] {scheduler_job.py:629} INFO - Processing file /home/airflow/.local/lib/python3.6/site-packages/airflow/example_dags/example_branch_operator.py for tasks to queue
[2021-05-31 09:09:05,413] {logging_mixin.py:104} INFO - [2021-05-31 09:09:05,413] {dagbag.py:451} INFO - Filling up the DagBag from /home/airflow/.local/lib/python3.6/site-packages/airflow/example_dags/example_branch_operator.py
[2021-05-31 09:09:05,444] {scheduler_job.py:639} INFO - DAG(s) dict_keys(['example_branch_operator']) retrieved from /home/airflow/.local/lib/python3.6/site-packages/airflow/example_dags/example_branch_operator.py
[2021-05-31 09:09:05,479] {logging_mixin.py:104} INFO - [2021-05-31 09:09:05,478] {dag.py:1824} INFO - Sync 1 DAGs
[2021-05-31 09:09:05,516] {logging_mixin.py:104} INFO - [2021-05-31 09:09:05,516] {dag.py:2280} INFO - Setting next_dagrun for example_branch_operator to 2021-05-29 00:00:00+00:00
[2021-05-31 09:09:05,535] {scheduler_job.py:190} INFO - Processing /home/airflow/.local/lib/python3.6/site-packages/airflow/example_dags/example_branch_operator.py took 0.131 seconds
[2021-05-31 09:09:35,958] {scheduler_job.py:182} INFO - Started process (PID=6743) to work on /home/airflow/.local/lib/python3.6/site-packages/airflow/example_dags/example_branch_operator.py
[2021-05-31 09:09:35,961] {scheduler_job.py:629} INFO - Processing file /home/airflow/.local/lib/python3.6/site-packages/airflow/example_dags/example_branch_operator.py for tasks to queue
[2021-05-31 09:09:35,963] {logging_mixin.py:104} INFO - [2021-05-31 09:09:35,962] {dagbag.py:451} INFO - Filling up the DagBag from /home/airflow/.local/lib/python3.6/site-packages/airflow/example_dags/example_branch_operator.py
[2021-05-31 09:09:35,990] {scheduler_job.py:639} INFO - DAG(s) dict_keys(['example_branch_operator']) retrieved from /home/airflow/.local/lib/python3.6/site-packages/airflow/example_dags/example_branch_operator.py
[2021-05-31 09:09:36,025] {logging_mixin.py:104} INFO - [2021-05-31 09:09:36,025] {dag.py:1824} INFO - Sync 1 DAGs
[2021-05-31 09:09:36,063] {logging_mixin.py:104} INFO - [2021-05-31 09:09:36,063] {dag.py:2280} INFO - Setting next_dagrun for example_branch_operator to 2021-05-29 00:00:00+00:00
[2021-05-31 09:09:36,079] {scheduler_job.py:190} INFO - Processing /home/airflow/.local/lib/python3.6/site-packages/airflow/example_dags/example_branch_operator.py took 0.125 seconds
[2021-05-31 09:10:06,309] {scheduler_job.py:182} INFO - Started process (PID=6771) to work on /home/airflow/.local/lib/python3.6/site-packages/airflow/example_dags/example_branch_operator.py
[2021-05-31 09:10:06,311] {scheduler_job.py:629} INFO - Processing file /home/airflow/.local/lib/python3.6/site-packages/airflow/example_dags/example_branch_operator.py for tasks to queue
[2021-05-31 09:10:06,312] {logging_mixin.py:104} INFO - [2021-05-31 09:10:06,312] {dagbag.py:451} INFO - Filling up the DagBag from /home/airflow/.local/lib/python3.6/site-packages/airflow/example_dags/example_branch_operator.py
[2021-05-31 09:10:06,332] {scheduler_job.py:639} INFO - DAG(s) dict_keys(['example_branch_operator']) retrieved from /home/airflow/.local/lib/python3.6/site-packages/airflow/example_dags/example_branch_operator.py
[2021-05-31 09:10:06,364] {logging_mixin.py:104} INFO - [2021-05-31 09:10:06,364] {dag.py:1824} INFO - Sync 1 DAGs
[2021-05-31 09:10:06,398] {logging_mixin.py:104} INFO - [2021-05-31 09:10:06,398] {dag.py:2280} INFO - Setting next_dagrun for example_branch_operator to 2021-05-29 00:00:00+00:00
[2021-05-31 09:10:06,416] {scheduler_job.py:190} INFO - Processing /home/airflow/.local/lib/python3.6/site-packages/airflow/example_dags/example_branch_operator.py took 0.110 seconds
[2021-05-31 09:10:36,629] {scheduler_job.py:182} INFO - Started process (PID=6799) to work on /home/airflow/.local/lib/python3.6/site-packages/airflow/example_dags/example_branch_operator.py
[2021-05-31 09:10:36,631] {scheduler_job.py:629} INFO - Processing file /home/airflow/.local/lib/python3.6/site-packages/airflow/example_dags/example_branch_operator.py for tasks to queue
[2021-05-31 09:10:36,632] {logging_mixin.py:104} INFO - [2021-05-31 09:10:36,632] {dagbag.py:451} INFO - Filling up the DagBag from /home/airflow/.local/lib/python3.6/site-packages/airflow/example_dags/example_branch_operator.py
[2021-05-31 09:10:36,653] {scheduler_job.py:639} INFO - DAG(s) dict_keys(['example_branch_operator']) retrieved from /home/airflow/.local/lib/python3.6/site-packages/airflow/example_dags/example_branch_operator.py
[2021-05-31 09:10:36,688] {logging_mixin.py:104} INFO - [2021-05-31 09:10:36,688] {dag.py:1824} INFO - Sync 1 DAGs
[2021-05-31 09:10:36,730] {logging_mixin.py:104} INFO - [2021-05-31 09:10:36,729] {dag.py:2280} INFO - Setting next_dagrun for example_branch_operator to 2021-05-29 00:00:00+00:00
[2021-05-31 09:10:36,756] {scheduler_job.py:190} INFO - Processing /home/airflow/.local/lib/python3.6/site-packages/airflow/example_dags/example_branch_operator.py took 0.131 seconds
[2021-05-31 09:11:07,008] {scheduler_job.py:182} INFO - Started process (PID=6827) to work on /home/airflow/.local/lib/python3.6/site-packages/airflow/example_dags/example_branch_operator.py
[2021-05-31 09:11:07,010] {scheduler_job.py:629} INFO - Processing file /home/airflow/.local/lib/python3.6/site-packages/airflow/example_dags/example_branch_operator.py for tasks to queue
[2021-05-31 09:11:07,011] {logging_mixin.py:104} INFO - [2021-05-31 09:11:07,011] {dagbag.py:451} INFO - Filling up the DagBag from /home/airflow/.local/lib/python3.6/site-packages/airflow/example_dags/example_branch_operator.py
[2021-05-31 09:11:07,028] {scheduler_job.py:639} INFO - DAG(s) dict_keys(['example_branch_operator']) retrieved from /home/airflow/.local/lib/python3.6/site-packages/airflow/example_dags/example_branch_operator.py
[2021-05-31 09:11:07,054] {logging_mixin.py:104} INFO - [2021-05-31 09:11:07,054] {dag.py:1824} INFO - Sync 1 DAGs
[2021-05-31 09:11:07,083] {logging_mixin.py:104} INFO - [2021-05-31 09:11:07,082] {dag.py:2280} INFO - Setting next_dagrun for example_branch_operator to 2021-05-29 00:00:00+00:00
[2021-05-31 09:11:07,106] {scheduler_job.py:190} INFO - Processing /home/airflow/.local/lib/python3.6/site-packages/airflow/example_dags/example_branch_operator.py took 0.102 seconds
[2021-05-31 09:11:37,642] {scheduler_job.py:182} INFO - Started process (PID=6855) to work on /home/airflow/.local/lib/python3.6/site-packages/airflow/example_dags/example_branch_operator.py
[2021-05-31 09:11:37,644] {scheduler_job.py:629} INFO - Processing file /home/airflow/.local/lib/python3.6/site-packages/airflow/example_dags/example_branch_operator.py for tasks to queue
[2021-05-31 09:11:37,645] {logging_mixin.py:104} INFO - [2021-05-31 09:11:37,645] {dagbag.py:451} INFO - Filling up the DagBag from /home/airflow/.local/lib/python3.6/site-packages/airflow/example_dags/example_branch_operator.py
[2021-05-31 09:11:37,695] {scheduler_job.py:639} INFO - DAG(s) dict_keys(['example_branch_operator']) retrieved from /home/airflow/.local/lib/python3.6/site-packages/airflow/example_dags/example_branch_operator.py
[2021-05-31 09:11:37,742] {logging_mixin.py:104} INFO - [2021-05-31 09:11:37,742] {dag.py:1824} INFO - Sync 1 DAGs
[2021-05-31 09:11:37,784] {logging_mixin.py:104} INFO - [2021-05-31 09:11:37,784] {dag.py:2280} INFO - Setting next_dagrun for example_branch_operator to 2021-05-29 00:00:00+00:00
[2021-05-31 09:11:37,807] {scheduler_job.py:190} INFO - Processing /home/airflow/.local/lib/python3.6/site-packages/airflow/example_dags/example_branch_operator.py took 0.168 seconds
[2021-05-31 09:12:08,513] {scheduler_job.py:182} INFO - Started process (PID=6883) to work on /home/airflow/.local/lib/python3.6/site-packages/airflow/example_dags/example_branch_operator.py
[2021-05-31 09:12:08,518] {scheduler_job.py:629} INFO - Processing file /home/airflow/.local/lib/python3.6/site-packages/airflow/example_dags/example_branch_operator.py for tasks to queue
[2021-05-31 09:12:08,521] {logging_mixin.py:104} INFO - [2021-05-31 09:12:08,520] {dagbag.py:451} INFO - Filling up the DagBag from /home/airflow/.local/lib/python3.6/site-packages/airflow/example_dags/example_branch_operator.py
[2021-05-31 09:12:08,541] {scheduler_job.py:639} INFO - DAG(s) dict_keys(['example_branch_operator']) retrieved from /home/airflow/.local/lib/python3.6/site-packages/airflow/example_dags/example_branch_operator.py
[2021-05-31 09:12:08,569] {logging_mixin.py:104} INFO - [2021-05-31 09:12:08,569] {dag.py:1824} INFO - Sync 1 DAGs
[2021-05-31 09:12:08,597] {logging_mixin.py:104} INFO - [2021-05-31 09:12:08,597] {dag.py:2280} INFO - Setting next_dagrun for example_branch_operator to 2021-05-29 00:00:00+00:00
[2021-05-31 09:12:08,611] {scheduler_job.py:190} INFO - Processing /home/airflow/.local/lib/python3.6/site-packages/airflow/example_dags/example_branch_operator.py took 0.104 seconds
[2021-05-31 09:12:39,305] {scheduler_job.py:182} INFO - Started process (PID=6911) to work on /home/airflow/.local/lib/python3.6/site-packages/airflow/example_dags/example_branch_operator.py
[2021-05-31 09:12:39,306] {scheduler_job.py:629} INFO - Processing file /home/airflow/.local/lib/python3.6/site-packages/airflow/example_dags/example_branch_operator.py for tasks to queue
[2021-05-31 09:12:39,308] {logging_mixin.py:104} INFO - [2021-05-31 09:12:39,308] {dagbag.py:451} INFO - Filling up the DagBag from /home/airflow/.local/lib/python3.6/site-packages/airflow/example_dags/example_branch_operator.py
[2021-05-31 09:12:39,324] {scheduler_job.py:639} INFO - DAG(s) dict_keys(['example_branch_operator']) retrieved from /home/airflow/.local/lib/python3.6/site-packages/airflow/example_dags/example_branch_operator.py
[2021-05-31 09:12:39,351] {logging_mixin.py:104} INFO - [2021-05-31 09:12:39,351] {dag.py:1824} INFO - Sync 1 DAGs
[2021-05-31 09:12:39,378] {logging_mixin.py:104} INFO - [2021-05-31 09:12:39,378] {dag.py:2280} INFO - Setting next_dagrun for example_branch_operator to 2021-05-29 00:00:00+00:00
[2021-05-31 09:12:39,393] {scheduler_job.py:190} INFO - Processing /home/airflow/.local/lib/python3.6/site-packages/airflow/example_dags/example_branch_operator.py took 0.091 seconds
[2021-05-31 09:13:09,560] {scheduler_job.py:182} INFO - Started process (PID=6939) to work on /home/airflow/.local/lib/python3.6/site-packages/airflow/example_dags/example_branch_operator.py
[2021-05-31 09:13:09,561] {scheduler_job.py:629} INFO - Processing file /home/airflow/.local/lib/python3.6/site-packages/airflow/example_dags/example_branch_operator.py for tasks to queue
[2021-05-31 09:13:09,563] {logging_mixin.py:104} INFO - [2021-05-31 09:13:09,562] {dagbag.py:451} INFO - Filling up the DagBag from /home/airflow/.local/lib/python3.6/site-packages/airflow/example_dags/example_branch_operator.py
[2021-05-31 09:13:09,593] {scheduler_job.py:639} INFO - DAG(s) dict_keys(['example_branch_operator']) retrieved from /home/airflow/.local/lib/python3.6/site-packages/airflow/example_dags/example_branch_operator.py
[2021-05-31 09:13:09,637] {logging_mixin.py:104} INFO - [2021-05-31 09:13:09,637] {dag.py:1824} INFO - Sync 1 DAGs
[2021-05-31 09:13:09,677] {logging_mixin.py:104} INFO - [2021-05-31 09:13:09,677] {dag.py:2280} INFO - Setting next_dagrun for example_branch_operator to 2021-05-29 00:00:00+00:00
[2021-05-31 09:13:09,694] {scheduler_job.py:190} INFO - Processing /home/airflow/.local/lib/python3.6/site-packages/airflow/example_dags/example_branch_operator.py took 0.139 seconds
[2021-05-31 09:13:39,959] {scheduler_job.py:182} INFO - Started process (PID=6965) to work on /home/airflow/.local/lib/python3.6/site-packages/airflow/example_dags/example_branch_operator.py
[2021-05-31 09:13:39,961] {scheduler_job.py:629} INFO - Processing file /home/airflow/.local/lib/python3.6/site-packages/airflow/example_dags/example_branch_operator.py for tasks to queue
[2021-05-31 09:13:39,962] {logging_mixin.py:104} INFO - [2021-05-31 09:13:39,962] {dagbag.py:451} INFO - Filling up the DagBag from /home/airflow/.local/lib/python3.6/site-packages/airflow/example_dags/example_branch_operator.py
[2021-05-31 09:13:39,990] {scheduler_job.py:639} INFO - DAG(s) dict_keys(['example_branch_operator']) retrieved from /home/airflow/.local/lib/python3.6/site-packages/airflow/example_dags/example_branch_operator.py
[2021-05-31 09:13:40,029] {logging_mixin.py:104} INFO - [2021-05-31 09:13:40,029] {dag.py:1824} INFO - Sync 1 DAGs
[2021-05-31 09:13:40,061] {logging_mixin.py:104} INFO - [2021-05-31 09:13:40,061] {dag.py:2280} INFO - Setting next_dagrun for example_branch_operator to 2021-05-29 00:00:00+00:00
[2021-05-31 09:13:40,079] {scheduler_job.py:190} INFO - Processing /home/airflow/.local/lib/python3.6/site-packages/airflow/example_dags/example_branch_operator.py took 0.123 seconds
[2021-05-31 09:14:10,934] {scheduler_job.py:182} INFO - Started process (PID=6993) to work on /home/airflow/.local/lib/python3.6/site-packages/airflow/example_dags/example_branch_operator.py
[2021-05-31 09:14:10,937] {scheduler_job.py:629} INFO - Processing file /home/airflow/.local/lib/python3.6/site-packages/airflow/example_dags/example_branch_operator.py for tasks to queue
[2021-05-31 09:14:10,939] {logging_mixin.py:104} INFO - [2021-05-31 09:14:10,938] {dagbag.py:451} INFO - Filling up the DagBag from /home/airflow/.local/lib/python3.6/site-packages/airflow/example_dags/example_branch_operator.py
[2021-05-31 09:14:10,964] {scheduler_job.py:639} INFO - DAG(s) dict_keys(['example_branch_operator']) retrieved from /home/airflow/.local/lib/python3.6/site-packages/airflow/example_dags/example_branch_operator.py
[2021-05-31 09:14:11,000] {logging_mixin.py:104} INFO - [2021-05-31 09:14:11,000] {dag.py:1824} INFO - Sync 1 DAGs
[2021-05-31 09:14:11,034] {logging_mixin.py:104} INFO - [2021-05-31 09:14:11,034] {dag.py:2280} INFO - Setting next_dagrun for example_branch_operator to 2021-05-29 00:00:00+00:00
[2021-05-31 09:14:11,050] {scheduler_job.py:190} INFO - Processing /home/airflow/.local/lib/python3.6/site-packages/airflow/example_dags/example_branch_operator.py took 0.120 seconds
[2021-05-31 09:14:41,772] {scheduler_job.py:182} INFO - Started process (PID=7021) to work on /home/airflow/.local/lib/python3.6/site-packages/airflow/example_dags/example_branch_operator.py
[2021-05-31 09:14:41,773] {scheduler_job.py:629} INFO - Processing file /home/airflow/.local/lib/python3.6/site-packages/airflow/example_dags/example_branch_operator.py for tasks to queue
[2021-05-31 09:14:41,774] {logging_mixin.py:104} INFO - [2021-05-31 09:14:41,774] {dagbag.py:451} INFO - Filling up the DagBag from /home/airflow/.local/lib/python3.6/site-packages/airflow/example_dags/example_branch_operator.py
[2021-05-31 09:14:41,791] {scheduler_job.py:639} INFO - DAG(s) dict_keys(['example_branch_operator']) retrieved from /home/airflow/.local/lib/python3.6/site-packages/airflow/example_dags/example_branch_operator.py
[2021-05-31 09:14:41,816] {logging_mixin.py:104} INFO - [2021-05-31 09:14:41,816] {dag.py:1824} INFO - Sync 1 DAGs
[2021-05-31 09:14:41,840] {logging_mixin.py:104} INFO - [2021-05-31 09:14:41,840] {dag.py:2280} INFO - Setting next_dagrun for example_branch_operator to 2021-05-29 00:00:00+00:00
[2021-05-31 09:14:41,855] {scheduler_job.py:190} INFO - Processing /home/airflow/.local/lib/python3.6/site-packages/airflow/example_dags/example_branch_operator.py took 0.086 seconds
[2021-05-31 09:15:12,591] {scheduler_job.py:182} INFO - Started process (PID=7049) to work on /home/airflow/.local/lib/python3.6/site-packages/airflow/example_dags/example_branch_operator.py
[2021-05-31 09:15:12,593] {scheduler_job.py:629} INFO - Processing file /home/airflow/.local/lib/python3.6/site-packages/airflow/example_dags/example_branch_operator.py for tasks to queue
[2021-05-31 09:15:12,594] {logging_mixin.py:104} INFO - [2021-05-31 09:15:12,594] {dagbag.py:451} INFO - Filling up the DagBag from /home/airflow/.local/lib/python3.6/site-packages/airflow/example_dags/example_branch_operator.py
[2021-05-31 09:15:12,610] {scheduler_job.py:639} INFO - DAG(s) dict_keys(['example_branch_operator']) retrieved from /home/airflow/.local/lib/python3.6/site-packages/airflow/example_dags/example_branch_operator.py
[2021-05-31 09:15:12,638] {logging_mixin.py:104} INFO - [2021-05-31 09:15:12,638] {dag.py:1824} INFO - Sync 1 DAGs
[2021-05-31 09:15:12,673] {logging_mixin.py:104} INFO - [2021-05-31 09:15:12,673] {dag.py:2280} INFO - Setting next_dagrun for example_branch_operator to 2021-05-29 00:00:00+00:00
[2021-05-31 09:15:12,703] {scheduler_job.py:190} INFO - Processing /home/airflow/.local/lib/python3.6/site-packages/airflow/example_dags/example_branch_operator.py took 0.114 seconds
[2021-05-31 09:15:43,494] {scheduler_job.py:182} INFO - Started process (PID=7077) to work on /home/airflow/.local/lib/python3.6/site-packages/airflow/example_dags/example_branch_operator.py
[2021-05-31 09:15:43,497] {scheduler_job.py:629} INFO - Processing file /home/airflow/.local/lib/python3.6/site-packages/airflow/example_dags/example_branch_operator.py for tasks to queue
[2021-05-31 09:15:43,500] {logging_mixin.py:104} INFO - [2021-05-31 09:15:43,499] {dagbag.py:451} INFO - Filling up the DagBag from /home/airflow/.local/lib/python3.6/site-packages/airflow/example_dags/example_branch_operator.py
[2021-05-31 09:15:43,521] {scheduler_job.py:639} INFO - DAG(s) dict_keys(['example_branch_operator']) retrieved from /home/airflow/.local/lib/python3.6/site-packages/airflow/example_dags/example_branch_operator.py
[2021-05-31 09:15:43,560] {logging_mixin.py:104} INFO - [2021-05-31 09:15:43,560] {dag.py:1824} INFO - Sync 1 DAGs
[2021-05-31 09:15:43,593] {logging_mixin.py:104} INFO - [2021-05-31 09:15:43,592] {dag.py:2280} INFO - Setting next_dagrun for example_branch_operator to 2021-05-29 00:00:00+00:00
[2021-05-31 09:15:43,617] {scheduler_job.py:190} INFO - Processing /home/airflow/.local/lib/python3.6/site-packages/airflow/example_dags/example_branch_operator.py took 0.126 seconds
[2021-05-31 09:16:14,391] {scheduler_job.py:182} INFO - Started process (PID=7105) to work on /home/airflow/.local/lib/python3.6/site-packages/airflow/example_dags/example_branch_operator.py
[2021-05-31 09:16:14,393] {scheduler_job.py:629} INFO - Processing file /home/airflow/.local/lib/python3.6/site-packages/airflow/example_dags/example_branch_operator.py for tasks to queue
[2021-05-31 09:16:14,393] {logging_mixin.py:104} INFO - [2021-05-31 09:16:14,393] {dagbag.py:451} INFO - Filling up the DagBag from /home/airflow/.local/lib/python3.6/site-packages/airflow/example_dags/example_branch_operator.py
[2021-05-31 09:16:14,409] {scheduler_job.py:639} INFO - DAG(s) dict_keys(['example_branch_operator']) retrieved from /home/airflow/.local/lib/python3.6/site-packages/airflow/example_dags/example_branch_operator.py
[2021-05-31 09:16:14,432] {logging_mixin.py:104} INFO - [2021-05-31 09:16:14,432] {dag.py:1824} INFO - Sync 1 DAGs
[2021-05-31 09:16:14,459] {logging_mixin.py:104} INFO - [2021-05-31 09:16:14,458] {dag.py:2280} INFO - Setting next_dagrun for example_branch_operator to 2021-05-29 00:00:00+00:00
[2021-05-31 09:16:14,476] {scheduler_job.py:190} INFO - Processing /home/airflow/.local/lib/python3.6/site-packages/airflow/example_dags/example_branch_operator.py took 0.087 seconds
[2021-05-31 09:16:45,159] {scheduler_job.py:182} INFO - Started process (PID=7133) to work on /home/airflow/.local/lib/python3.6/site-packages/airflow/example_dags/example_branch_operator.py
[2021-05-31 09:16:45,161] {scheduler_job.py:629} INFO - Processing file /home/airflow/.local/lib/python3.6/site-packages/airflow/example_dags/example_branch_operator.py for tasks to queue
[2021-05-31 09:16:45,163] {logging_mixin.py:104} INFO - [2021-05-31 09:16:45,162] {dagbag.py:451} INFO - Filling up the DagBag from /home/airflow/.local/lib/python3.6/site-packages/airflow/example_dags/example_branch_operator.py
[2021-05-31 09:16:45,201] {scheduler_job.py:639} INFO - DAG(s) dict_keys(['example_branch_operator']) retrieved from /home/airflow/.local/lib/python3.6/site-packages/airflow/example_dags/example_branch_operator.py
[2021-05-31 09:16:45,248] {logging_mixin.py:104} INFO - [2021-05-31 09:16:45,248] {dag.py:1824} INFO - Sync 1 DAGs
[2021-05-31 09:16:45,302] {logging_mixin.py:104} INFO - [2021-05-31 09:16:45,302] {dag.py:2280} INFO - Setting next_dagrun for example_branch_operator to 2021-05-29 00:00:00+00:00
[2021-05-31 09:16:45,372] {scheduler_job.py:190} INFO - Processing /home/airflow/.local/lib/python3.6/site-packages/airflow/example_dags/example_branch_operator.py took 0.219 seconds
[2021-05-31 09:17:15,706] {scheduler_job.py:182} INFO - Started process (PID=7160) to work on /home/airflow/.local/lib/python3.6/site-packages/airflow/example_dags/example_branch_operator.py
[2021-05-31 09:17:15,709] {scheduler_job.py:629} INFO - Processing file /home/airflow/.local/lib/python3.6/site-packages/airflow/example_dags/example_branch_operator.py for tasks to queue
[2021-05-31 09:17:15,710] {logging_mixin.py:104} INFO - [2021-05-31 09:17:15,710] {dagbag.py:451} INFO - Filling up the DagBag from /home/airflow/.local/lib/python3.6/site-packages/airflow/example_dags/example_branch_operator.py
[2021-05-31 09:17:15,733] {scheduler_job.py:639} INFO - DAG(s) dict_keys(['example_branch_operator']) retrieved from /home/airflow/.local/lib/python3.6/site-packages/airflow/example_dags/example_branch_operator.py
[2021-05-31 09:17:15,774] {logging_mixin.py:104} INFO - [2021-05-31 09:17:15,774] {dag.py:1824} INFO - Sync 1 DAGs
[2021-05-31 09:17:15,821] {logging_mixin.py:104} INFO - [2021-05-31 09:17:15,821] {dag.py:2280} INFO - Setting next_dagrun for example_branch_operator to 2021-05-29 00:00:00+00:00
[2021-05-31 09:17:15,838] {scheduler_job.py:190} INFO - Processing /home/airflow/.local/lib/python3.6/site-packages/airflow/example_dags/example_branch_operator.py took 0.137 seconds
[2021-05-31 09:17:45,995] {scheduler_job.py:182} INFO - Started process (PID=7188) to work on /home/airflow/.local/lib/python3.6/site-packages/airflow/example_dags/example_branch_operator.py
[2021-05-31 09:17:45,997] {scheduler_job.py:629} INFO - Processing file /home/airflow/.local/lib/python3.6/site-packages/airflow/example_dags/example_branch_operator.py for tasks to queue
[2021-05-31 09:17:45,999] {logging_mixin.py:104} INFO - [2021-05-31 09:17:45,999] {dagbag.py:451} INFO - Filling up the DagBag from /home/airflow/.local/lib/python3.6/site-packages/airflow/example_dags/example_branch_operator.py
[2021-05-31 09:17:46,020] {scheduler_job.py:639} INFO - DAG(s) dict_keys(['example_branch_operator']) retrieved from /home/airflow/.local/lib/python3.6/site-packages/airflow/example_dags/example_branch_operator.py
[2021-05-31 09:17:46,049] {logging_mixin.py:104} INFO - [2021-05-31 09:17:46,049] {dag.py:1824} INFO - Sync 1 DAGs
[2021-05-31 09:17:46,087] {logging_mixin.py:104} INFO - [2021-05-31 09:17:46,087] {dag.py:2280} INFO - Setting next_dagrun for example_branch_operator to 2021-05-29 00:00:00+00:00
[2021-05-31 09:17:46,144] {scheduler_job.py:190} INFO - Processing /home/airflow/.local/lib/python3.6/site-packages/airflow/example_dags/example_branch_operator.py took 0.154 seconds
[2021-05-31 09:18:16,221] {scheduler_job.py:182} INFO - Started process (PID=7216) to work on /home/airflow/.local/lib/python3.6/site-packages/airflow/example_dags/example_branch_operator.py
[2021-05-31 09:18:16,224] {scheduler_job.py:629} INFO - Processing file /home/airflow/.local/lib/python3.6/site-packages/airflow/example_dags/example_branch_operator.py for tasks to queue
[2021-05-31 09:18:16,225] {logging_mixin.py:104} INFO - [2021-05-31 09:18:16,225] {dagbag.py:451} INFO - Filling up the DagBag from /home/airflow/.local/lib/python3.6/site-packages/airflow/example_dags/example_branch_operator.py
[2021-05-31 09:18:16,253] {scheduler_job.py:639} INFO - DAG(s) dict_keys(['example_branch_operator']) retrieved from /home/airflow/.local/lib/python3.6/site-packages/airflow/example_dags/example_branch_operator.py
[2021-05-31 09:18:16,286] {logging_mixin.py:104} INFO - [2021-05-31 09:18:16,286] {dag.py:1824} INFO - Sync 1 DAGs
[2021-05-31 09:18:16,321] {logging_mixin.py:104} INFO - [2021-05-31 09:18:16,320] {dag.py:2280} INFO - Setting next_dagrun for example_branch_operator to 2021-05-29 00:00:00+00:00
[2021-05-31 09:18:16,377] {scheduler_job.py:190} INFO - Processing /home/airflow/.local/lib/python3.6/site-packages/airflow/example_dags/example_branch_operator.py took 0.161 seconds
[2021-05-31 09:18:46,820] {scheduler_job.py:182} INFO - Started process (PID=7244) to work on /home/airflow/.local/lib/python3.6/site-packages/airflow/example_dags/example_branch_operator.py
[2021-05-31 09:18:46,825] {scheduler_job.py:629} INFO - Processing file /home/airflow/.local/lib/python3.6/site-packages/airflow/example_dags/example_branch_operator.py for tasks to queue
[2021-05-31 09:18:46,829] {logging_mixin.py:104} INFO - [2021-05-31 09:18:46,828] {dagbag.py:451} INFO - Filling up the DagBag from /home/airflow/.local/lib/python3.6/site-packages/airflow/example_dags/example_branch_operator.py
[2021-05-31 09:18:46,898] {scheduler_job.py:639} INFO - DAG(s) dict_keys(['example_branch_operator']) retrieved from /home/airflow/.local/lib/python3.6/site-packages/airflow/example_dags/example_branch_operator.py
[2021-05-31 09:18:46,987] {logging_mixin.py:104} INFO - [2021-05-31 09:18:46,986] {dag.py:1824} INFO - Sync 1 DAGs
[2021-05-31 09:18:47,091] {logging_mixin.py:104} INFO - [2021-05-31 09:18:47,090] {dag.py:2280} INFO - Setting next_dagrun for example_branch_operator to 2021-05-29 00:00:00+00:00
[2021-05-31 09:18:47,135] {scheduler_job.py:190} INFO - Processing /home/airflow/.local/lib/python3.6/site-packages/airflow/example_dags/example_branch_operator.py took 0.320 seconds
[2021-05-31 09:19:17,653] {scheduler_job.py:182} INFO - Started process (PID=7272) to work on /home/airflow/.local/lib/python3.6/site-packages/airflow/example_dags/example_branch_operator.py
[2021-05-31 09:19:17,658] {scheduler_job.py:629} INFO - Processing file /home/airflow/.local/lib/python3.6/site-packages/airflow/example_dags/example_branch_operator.py for tasks to queue
[2021-05-31 09:19:17,659] {logging_mixin.py:104} INFO - [2021-05-31 09:19:17,659] {dagbag.py:451} INFO - Filling up the DagBag from /home/airflow/.local/lib/python3.6/site-packages/airflow/example_dags/example_branch_operator.py
[2021-05-31 09:19:17,692] {scheduler_job.py:639} INFO - DAG(s) dict_keys(['example_branch_operator']) retrieved from /home/airflow/.local/lib/python3.6/site-packages/airflow/example_dags/example_branch_operator.py
[2021-05-31 09:19:17,736] {logging_mixin.py:104} INFO - [2021-05-31 09:19:17,736] {dag.py:1824} INFO - Sync 1 DAGs
[2021-05-31 09:19:17,781] {logging_mixin.py:104} INFO - [2021-05-31 09:19:17,781] {dag.py:2280} INFO - Setting next_dagrun for example_branch_operator to 2021-05-29 00:00:00+00:00
[2021-05-31 09:19:17,814] {scheduler_job.py:190} INFO - Processing /home/airflow/.local/lib/python3.6/site-packages/airflow/example_dags/example_branch_operator.py took 0.167 seconds
[2021-05-31 09:19:48,177] {scheduler_job.py:182} INFO - Started process (PID=7300) to work on /home/airflow/.local/lib/python3.6/site-packages/airflow/example_dags/example_branch_operator.py
[2021-05-31 09:19:48,179] {scheduler_job.py:629} INFO - Processing file /home/airflow/.local/lib/python3.6/site-packages/airflow/example_dags/example_branch_operator.py for tasks to queue
[2021-05-31 09:19:48,182] {logging_mixin.py:104} INFO - [2021-05-31 09:19:48,181] {dagbag.py:451} INFO - Filling up the DagBag from /home/airflow/.local/lib/python3.6/site-packages/airflow/example_dags/example_branch_operator.py
[2021-05-31 09:19:48,262] {scheduler_job.py:639} INFO - DAG(s) dict_keys(['example_branch_operator']) retrieved from /home/airflow/.local/lib/python3.6/site-packages/airflow/example_dags/example_branch_operator.py
[2021-05-31 09:19:48,320] {logging_mixin.py:104} INFO - [2021-05-31 09:19:48,320] {dag.py:1824} INFO - Sync 1 DAGs
[2021-05-31 09:19:48,377] {logging_mixin.py:104} INFO - [2021-05-31 09:19:48,377] {dag.py:2280} INFO - Setting next_dagrun for example_branch_operator to 2021-05-29 00:00:00+00:00
[2021-05-31 09:19:48,395] {scheduler_job.py:190} INFO - Processing /home/airflow/.local/lib/python3.6/site-packages/airflow/example_dags/example_branch_operator.py took 0.225 seconds
[2021-05-31 09:20:18,876] {scheduler_job.py:182} INFO - Started process (PID=7328) to work on /home/airflow/.local/lib/python3.6/site-packages/airflow/example_dags/example_branch_operator.py
[2021-05-31 09:20:18,881] {scheduler_job.py:629} INFO - Processing file /home/airflow/.local/lib/python3.6/site-packages/airflow/example_dags/example_branch_operator.py for tasks to queue
[2021-05-31 09:20:18,883] {logging_mixin.py:104} INFO - [2021-05-31 09:20:18,882] {dagbag.py:451} INFO - Filling up the DagBag from /home/airflow/.local/lib/python3.6/site-packages/airflow/example_dags/example_branch_operator.py
[2021-05-31 09:20:18,913] {scheduler_job.py:639} INFO - DAG(s) dict_keys(['example_branch_operator']) retrieved from /home/airflow/.local/lib/python3.6/site-packages/airflow/example_dags/example_branch_operator.py
[2021-05-31 09:20:18,962] {logging_mixin.py:104} INFO - [2021-05-31 09:20:18,961] {dag.py:1824} INFO - Sync 1 DAGs
[2021-05-31 09:20:18,998] {logging_mixin.py:104} INFO - [2021-05-31 09:20:18,998] {dag.py:2280} INFO - Setting next_dagrun for example_branch_operator to 2021-05-29 00:00:00+00:00
[2021-05-31 09:20:19,064] {scheduler_job.py:190} INFO - Processing /home/airflow/.local/lib/python3.6/site-packages/airflow/example_dags/example_branch_operator.py took 0.195 seconds
[2021-05-31 09:20:49,184] {scheduler_job.py:182} INFO - Started process (PID=7356) to work on /home/airflow/.local/lib/python3.6/site-packages/airflow/example_dags/example_branch_operator.py
[2021-05-31 09:20:49,187] {scheduler_job.py:629} INFO - Processing file /home/airflow/.local/lib/python3.6/site-packages/airflow/example_dags/example_branch_operator.py for tasks to queue
[2021-05-31 09:20:49,189] {logging_mixin.py:104} INFO - [2021-05-31 09:20:49,188] {dagbag.py:451} INFO - Filling up the DagBag from /home/airflow/.local/lib/python3.6/site-packages/airflow/example_dags/example_branch_operator.py
[2021-05-31 09:20:49,211] {scheduler_job.py:639} INFO - DAG(s) dict_keys(['example_branch_operator']) retrieved from /home/airflow/.local/lib/python3.6/site-packages/airflow/example_dags/example_branch_operator.py
[2021-05-31 09:20:49,245] {logging_mixin.py:104} INFO - [2021-05-31 09:20:49,245] {dag.py:1824} INFO - Sync 1 DAGs
[2021-05-31 09:20:49,278] {logging_mixin.py:104} INFO - [2021-05-31 09:20:49,277] {dag.py:2280} INFO - Setting next_dagrun for example_branch_operator to 2021-05-29 00:00:00+00:00
[2021-05-31 09:20:49,334] {scheduler_job.py:190} INFO - Processing /home/airflow/.local/lib/python3.6/site-packages/airflow/example_dags/example_branch_operator.py took 0.155 seconds
[2021-05-31 09:21:19,518] {scheduler_job.py:182} INFO - Started process (PID=7384) to work on /home/airflow/.local/lib/python3.6/site-packages/airflow/example_dags/example_branch_operator.py
[2021-05-31 09:21:19,521] {scheduler_job.py:629} INFO - Processing file /home/airflow/.local/lib/python3.6/site-packages/airflow/example_dags/example_branch_operator.py for tasks to queue
[2021-05-31 09:21:19,522] {logging_mixin.py:104} INFO - [2021-05-31 09:21:19,522] {dagbag.py:451} INFO - Filling up the DagBag from /home/airflow/.local/lib/python3.6/site-packages/airflow/example_dags/example_branch_operator.py
[2021-05-31 09:21:19,553] {scheduler_job.py:639} INFO - DAG(s) dict_keys(['example_branch_operator']) retrieved from /home/airflow/.local/lib/python3.6/site-packages/airflow/example_dags/example_branch_operator.py
[2021-05-31 09:21:19,598] {logging_mixin.py:104} INFO - [2021-05-31 09:21:19,598] {dag.py:1824} INFO - Sync 1 DAGs
[2021-05-31 09:21:19,643] {logging_mixin.py:104} INFO - [2021-05-31 09:21:19,643] {dag.py:2280} INFO - Setting next_dagrun for example_branch_operator to 2021-05-29 00:00:00+00:00
[2021-05-31 09:21:19,700] {scheduler_job.py:190} INFO - Processing /home/airflow/.local/lib/python3.6/site-packages/airflow/example_dags/example_branch_operator.py took 0.186 seconds
[2021-05-31 09:21:50,227] {scheduler_job.py:182} INFO - Started process (PID=7412) to work on /home/airflow/.local/lib/python3.6/site-packages/airflow/example_dags/example_branch_operator.py
[2021-05-31 09:21:50,229] {scheduler_job.py:629} INFO - Processing file /home/airflow/.local/lib/python3.6/site-packages/airflow/example_dags/example_branch_operator.py for tasks to queue
[2021-05-31 09:21:50,231] {logging_mixin.py:104} INFO - [2021-05-31 09:21:50,230] {dagbag.py:451} INFO - Filling up the DagBag from /home/airflow/.local/lib/python3.6/site-packages/airflow/example_dags/example_branch_operator.py
[2021-05-31 09:21:50,258] {scheduler_job.py:639} INFO - DAG(s) dict_keys(['example_branch_operator']) retrieved from /home/airflow/.local/lib/python3.6/site-packages/airflow/example_dags/example_branch_operator.py
[2021-05-31 09:21:50,297] {logging_mixin.py:104} INFO - [2021-05-31 09:21:50,297] {dag.py:1824} INFO - Sync 1 DAGs
[2021-05-31 09:21:50,336] {logging_mixin.py:104} INFO - [2021-05-31 09:21:50,336] {dag.py:2280} INFO - Setting next_dagrun for example_branch_operator to 2021-05-29 00:00:00+00:00
[2021-05-31 09:21:50,394] {scheduler_job.py:190} INFO - Processing /home/airflow/.local/lib/python3.6/site-packages/airflow/example_dags/example_branch_operator.py took 0.171 seconds
[2021-05-31 09:22:21,134] {scheduler_job.py:182} INFO - Started process (PID=7440) to work on /home/airflow/.local/lib/python3.6/site-packages/airflow/example_dags/example_branch_operator.py
[2021-05-31 09:22:21,137] {scheduler_job.py:629} INFO - Processing file /home/airflow/.local/lib/python3.6/site-packages/airflow/example_dags/example_branch_operator.py for tasks to queue
[2021-05-31 09:22:21,139] {logging_mixin.py:104} INFO - [2021-05-31 09:22:21,138] {dagbag.py:451} INFO - Filling up the DagBag from /home/airflow/.local/lib/python3.6/site-packages/airflow/example_dags/example_branch_operator.py
[2021-05-31 09:22:21,161] {scheduler_job.py:639} INFO - DAG(s) dict_keys(['example_branch_operator']) retrieved from /home/airflow/.local/lib/python3.6/site-packages/airflow/example_dags/example_branch_operator.py
[2021-05-31 09:22:21,199] {logging_mixin.py:104} INFO - [2021-05-31 09:22:21,199] {dag.py:1824} INFO - Sync 1 DAGs
[2021-05-31 09:22:21,233] {logging_mixin.py:104} INFO - [2021-05-31 09:22:21,232] {dag.py:2280} INFO - Setting next_dagrun for example_branch_operator to 2021-05-29 00:00:00+00:00
[2021-05-31 09:22:21,287] {scheduler_job.py:190} INFO - Processing /home/airflow/.local/lib/python3.6/site-packages/airflow/example_dags/example_branch_operator.py took 0.158 seconds
[2021-05-31 09:22:51,517] {scheduler_job.py:182} INFO - Started process (PID=7468) to work on /home/airflow/.local/lib/python3.6/site-packages/airflow/example_dags/example_branch_operator.py
[2021-05-31 09:22:51,523] {scheduler_job.py:629} INFO - Processing file /home/airflow/.local/lib/python3.6/site-packages/airflow/example_dags/example_branch_operator.py for tasks to queue
[2021-05-31 09:22:51,525] {logging_mixin.py:104} INFO - [2021-05-31 09:22:51,525] {dagbag.py:451} INFO - Filling up the DagBag from /home/airflow/.local/lib/python3.6/site-packages/airflow/example_dags/example_branch_operator.py
[2021-05-31 09:22:51,556] {scheduler_job.py:639} INFO - DAG(s) dict_keys(['example_branch_operator']) retrieved from /home/airflow/.local/lib/python3.6/site-packages/airflow/example_dags/example_branch_operator.py
[2021-05-31 09:22:51,591] {logging_mixin.py:104} INFO - [2021-05-31 09:22:51,591] {dag.py:1824} INFO - Sync 1 DAGs
[2021-05-31 09:22:51,623] {logging_mixin.py:104} INFO - [2021-05-31 09:22:51,623] {dag.py:2280} INFO - Setting next_dagrun for example_branch_operator to 2021-05-29 00:00:00+00:00
[2021-05-31 09:22:51,640] {scheduler_job.py:190} INFO - Processing /home/airflow/.local/lib/python3.6/site-packages/airflow/example_dags/example_branch_operator.py took 0.133 seconds
[2021-05-31 09:23:21,988] {scheduler_job.py:182} INFO - Started process (PID=7496) to work on /home/airflow/.local/lib/python3.6/site-packages/airflow/example_dags/example_branch_operator.py
[2021-05-31 09:23:21,990] {scheduler_job.py:629} INFO - Processing file /home/airflow/.local/lib/python3.6/site-packages/airflow/example_dags/example_branch_operator.py for tasks to queue
[2021-05-31 09:23:21,993] {logging_mixin.py:104} INFO - [2021-05-31 09:23:21,993] {dagbag.py:451} INFO - Filling up the DagBag from /home/airflow/.local/lib/python3.6/site-packages/airflow/example_dags/example_branch_operator.py
[2021-05-31 09:23:22,040] {scheduler_job.py:639} INFO - DAG(s) dict_keys(['example_branch_operator']) retrieved from /home/airflow/.local/lib/python3.6/site-packages/airflow/example_dags/example_branch_operator.py
[2021-05-31 09:23:22,089] {logging_mixin.py:104} INFO - [2021-05-31 09:23:22,089] {dag.py:1824} INFO - Sync 1 DAGs
[2021-05-31 09:23:22,152] {logging_mixin.py:104} INFO - [2021-05-31 09:23:22,152] {dag.py:2280} INFO - Setting next_dagrun for example_branch_operator to 2021-05-29 00:00:00+00:00
[2021-05-31 09:23:22,215] {scheduler_job.py:190} INFO - Processing /home/airflow/.local/lib/python3.6/site-packages/airflow/example_dags/example_branch_operator.py took 0.232 seconds
[2021-05-31 09:23:52,657] {scheduler_job.py:182} INFO - Started process (PID=7524) to work on /home/airflow/.local/lib/python3.6/site-packages/airflow/example_dags/example_branch_operator.py
[2021-05-31 09:23:52,660] {scheduler_job.py:629} INFO - Processing file /home/airflow/.local/lib/python3.6/site-packages/airflow/example_dags/example_branch_operator.py for tasks to queue
[2021-05-31 09:23:52,661] {logging_mixin.py:104} INFO - [2021-05-31 09:23:52,661] {dagbag.py:451} INFO - Filling up the DagBag from /home/airflow/.local/lib/python3.6/site-packages/airflow/example_dags/example_branch_operator.py
[2021-05-31 09:23:52,694] {scheduler_job.py:639} INFO - DAG(s) dict_keys(['example_branch_operator']) retrieved from /home/airflow/.local/lib/python3.6/site-packages/airflow/example_dags/example_branch_operator.py
[2021-05-31 09:23:52,754] {logging_mixin.py:104} INFO - [2021-05-31 09:23:52,754] {dag.py:1824} INFO - Sync 1 DAGs
[2021-05-31 09:23:52,804] {logging_mixin.py:104} INFO - [2021-05-31 09:23:52,804] {dag.py:2280} INFO - Setting next_dagrun for example_branch_operator to 2021-05-29 00:00:00+00:00
[2021-05-31 09:23:52,864] {scheduler_job.py:190} INFO - Processing /home/airflow/.local/lib/python3.6/site-packages/airflow/example_dags/example_branch_operator.py took 0.215 seconds
