[2021-05-31 09:07:03,610] {scheduler_job.py:182} INFO - Started process (PID=6606) to work on /home/airflow/.local/lib/python3.6/site-packages/airflow/example_dags/example_skip_dag.py
[2021-05-31 09:07:03,617] {scheduler_job.py:629} INFO - Processing file /home/airflow/.local/lib/python3.6/site-packages/airflow/example_dags/example_skip_dag.py for tasks to queue
[2021-05-31 09:07:03,624] {logging_mixin.py:104} INFO - [2021-05-31 09:07:03,622] {dagbag.py:451} INFO - Filling up the DagBag from /home/airflow/.local/lib/python3.6/site-packages/airflow/example_dags/example_skip_dag.py
[2021-05-31 09:07:03,660] {scheduler_job.py:639} INFO - DAG(s) dict_keys(['example_skip_dag']) retrieved from /home/airflow/.local/lib/python3.6/site-packages/airflow/example_dags/example_skip_dag.py
[2021-05-31 09:07:03,729] {logging_mixin.py:104} INFO - [2021-05-31 09:07:03,728] {dag.py:1824} INFO - Sync 1 DAGs
[2021-05-31 09:07:03,761] {logging_mixin.py:104} INFO - [2021-05-31 09:07:03,761] {dag.py:2280} INFO - Setting next_dagrun for example_skip_dag to 2021-05-29 00:00:00+00:00
[2021-05-31 09:07:03,794] {scheduler_job.py:190} INFO - Processing /home/airflow/.local/lib/python3.6/site-packages/airflow/example_dags/example_skip_dag.py took 0.202 seconds
[2021-05-31 09:07:34,648] {scheduler_job.py:182} INFO - Started process (PID=6635) to work on /home/airflow/.local/lib/python3.6/site-packages/airflow/example_dags/example_skip_dag.py
[2021-05-31 09:07:34,650] {scheduler_job.py:629} INFO - Processing file /home/airflow/.local/lib/python3.6/site-packages/airflow/example_dags/example_skip_dag.py for tasks to queue
[2021-05-31 09:07:34,651] {logging_mixin.py:104} INFO - [2021-05-31 09:07:34,650] {dagbag.py:451} INFO - Filling up the DagBag from /home/airflow/.local/lib/python3.6/site-packages/airflow/example_dags/example_skip_dag.py
[2021-05-31 09:07:34,672] {scheduler_job.py:639} INFO - DAG(s) dict_keys(['example_skip_dag']) retrieved from /home/airflow/.local/lib/python3.6/site-packages/airflow/example_dags/example_skip_dag.py
[2021-05-31 09:07:34,718] {logging_mixin.py:104} INFO - [2021-05-31 09:07:34,718] {dag.py:1824} INFO - Sync 1 DAGs
[2021-05-31 09:07:34,757] {logging_mixin.py:104} INFO - [2021-05-31 09:07:34,757] {dag.py:2280} INFO - Setting next_dagrun for example_skip_dag to 2021-05-29 00:00:00+00:00
[2021-05-31 09:07:34,774] {scheduler_job.py:190} INFO - Processing /home/airflow/.local/lib/python3.6/site-packages/airflow/example_dags/example_skip_dag.py took 0.130 seconds
[2021-05-31 09:08:05,061] {scheduler_job.py:182} INFO - Started process (PID=6663) to work on /home/airflow/.local/lib/python3.6/site-packages/airflow/example_dags/example_skip_dag.py
[2021-05-31 09:08:05,063] {scheduler_job.py:629} INFO - Processing file /home/airflow/.local/lib/python3.6/site-packages/airflow/example_dags/example_skip_dag.py for tasks to queue
[2021-05-31 09:08:05,064] {logging_mixin.py:104} INFO - [2021-05-31 09:08:05,064] {dagbag.py:451} INFO - Filling up the DagBag from /home/airflow/.local/lib/python3.6/site-packages/airflow/example_dags/example_skip_dag.py
[2021-05-31 09:08:05,086] {scheduler_job.py:639} INFO - DAG(s) dict_keys(['example_skip_dag']) retrieved from /home/airflow/.local/lib/python3.6/site-packages/airflow/example_dags/example_skip_dag.py
[2021-05-31 09:08:05,117] {logging_mixin.py:104} INFO - [2021-05-31 09:08:05,116] {dag.py:1824} INFO - Sync 1 DAGs
[2021-05-31 09:08:05,140] {logging_mixin.py:104} INFO - [2021-05-31 09:08:05,140] {dag.py:2280} INFO - Setting next_dagrun for example_skip_dag to 2021-05-29 00:00:00+00:00
[2021-05-31 09:08:05,159] {scheduler_job.py:190} INFO - Processing /home/airflow/.local/lib/python3.6/site-packages/airflow/example_dags/example_skip_dag.py took 0.103 seconds
[2021-05-31 09:08:35,785] {scheduler_job.py:182} INFO - Started process (PID=6691) to work on /home/airflow/.local/lib/python3.6/site-packages/airflow/example_dags/example_skip_dag.py
[2021-05-31 09:08:35,791] {scheduler_job.py:629} INFO - Processing file /home/airflow/.local/lib/python3.6/site-packages/airflow/example_dags/example_skip_dag.py for tasks to queue
[2021-05-31 09:08:35,794] {logging_mixin.py:104} INFO - [2021-05-31 09:08:35,794] {dagbag.py:451} INFO - Filling up the DagBag from /home/airflow/.local/lib/python3.6/site-packages/airflow/example_dags/example_skip_dag.py
[2021-05-31 09:08:35,810] {scheduler_job.py:639} INFO - DAG(s) dict_keys(['example_skip_dag']) retrieved from /home/airflow/.local/lib/python3.6/site-packages/airflow/example_dags/example_skip_dag.py
[2021-05-31 09:08:35,842] {logging_mixin.py:104} INFO - [2021-05-31 09:08:35,842] {dag.py:1824} INFO - Sync 1 DAGs
[2021-05-31 09:08:35,879] {logging_mixin.py:104} INFO - [2021-05-31 09:08:35,879] {dag.py:2280} INFO - Setting next_dagrun for example_skip_dag to 2021-05-29 00:00:00+00:00
[2021-05-31 09:08:35,910] {scheduler_job.py:190} INFO - Processing /home/airflow/.local/lib/python3.6/site-packages/airflow/example_dags/example_skip_dag.py took 0.130 seconds
[2021-05-31 09:09:06,583] {scheduler_job.py:182} INFO - Started process (PID=6719) to work on /home/airflow/.local/lib/python3.6/site-packages/airflow/example_dags/example_skip_dag.py
[2021-05-31 09:09:06,589] {scheduler_job.py:629} INFO - Processing file /home/airflow/.local/lib/python3.6/site-packages/airflow/example_dags/example_skip_dag.py for tasks to queue
[2021-05-31 09:09:06,592] {logging_mixin.py:104} INFO - [2021-05-31 09:09:06,592] {dagbag.py:451} INFO - Filling up the DagBag from /home/airflow/.local/lib/python3.6/site-packages/airflow/example_dags/example_skip_dag.py
[2021-05-31 09:09:06,612] {scheduler_job.py:639} INFO - DAG(s) dict_keys(['example_skip_dag']) retrieved from /home/airflow/.local/lib/python3.6/site-packages/airflow/example_dags/example_skip_dag.py
[2021-05-31 09:09:06,650] {logging_mixin.py:104} INFO - [2021-05-31 09:09:06,650] {dag.py:1824} INFO - Sync 1 DAGs
[2021-05-31 09:09:06,687] {logging_mixin.py:104} INFO - [2021-05-31 09:09:06,687] {dag.py:2280} INFO - Setting next_dagrun for example_skip_dag to 2021-05-29 00:00:00+00:00
[2021-05-31 09:09:06,710] {scheduler_job.py:190} INFO - Processing /home/airflow/.local/lib/python3.6/site-packages/airflow/example_dags/example_skip_dag.py took 0.133 seconds
[2021-05-31 09:09:37,110] {scheduler_job.py:182} INFO - Started process (PID=6747) to work on /home/airflow/.local/lib/python3.6/site-packages/airflow/example_dags/example_skip_dag.py
[2021-05-31 09:09:37,111] {scheduler_job.py:629} INFO - Processing file /home/airflow/.local/lib/python3.6/site-packages/airflow/example_dags/example_skip_dag.py for tasks to queue
[2021-05-31 09:09:37,112] {logging_mixin.py:104} INFO - [2021-05-31 09:09:37,112] {dagbag.py:451} INFO - Filling up the DagBag from /home/airflow/.local/lib/python3.6/site-packages/airflow/example_dags/example_skip_dag.py
[2021-05-31 09:09:37,124] {scheduler_job.py:639} INFO - DAG(s) dict_keys(['example_skip_dag']) retrieved from /home/airflow/.local/lib/python3.6/site-packages/airflow/example_dags/example_skip_dag.py
[2021-05-31 09:09:37,150] {logging_mixin.py:104} INFO - [2021-05-31 09:09:37,149] {dag.py:1824} INFO - Sync 1 DAGs
[2021-05-31 09:09:37,169] {logging_mixin.py:104} INFO - [2021-05-31 09:09:37,169] {dag.py:2280} INFO - Setting next_dagrun for example_skip_dag to 2021-05-29 00:00:00+00:00
[2021-05-31 09:09:37,183] {scheduler_job.py:190} INFO - Processing /home/airflow/.local/lib/python3.6/site-packages/airflow/example_dags/example_skip_dag.py took 0.077 seconds
[2021-05-31 09:10:07,457] {scheduler_job.py:182} INFO - Started process (PID=6775) to work on /home/airflow/.local/lib/python3.6/site-packages/airflow/example_dags/example_skip_dag.py
[2021-05-31 09:10:07,460] {scheduler_job.py:629} INFO - Processing file /home/airflow/.local/lib/python3.6/site-packages/airflow/example_dags/example_skip_dag.py for tasks to queue
[2021-05-31 09:10:07,462] {logging_mixin.py:104} INFO - [2021-05-31 09:10:07,462] {dagbag.py:451} INFO - Filling up the DagBag from /home/airflow/.local/lib/python3.6/site-packages/airflow/example_dags/example_skip_dag.py
[2021-05-31 09:10:07,483] {scheduler_job.py:639} INFO - DAG(s) dict_keys(['example_skip_dag']) retrieved from /home/airflow/.local/lib/python3.6/site-packages/airflow/example_dags/example_skip_dag.py
[2021-05-31 09:10:07,518] {logging_mixin.py:104} INFO - [2021-05-31 09:10:07,518] {dag.py:1824} INFO - Sync 1 DAGs
[2021-05-31 09:10:07,545] {logging_mixin.py:104} INFO - [2021-05-31 09:10:07,545] {dag.py:2280} INFO - Setting next_dagrun for example_skip_dag to 2021-05-29 00:00:00+00:00
[2021-05-31 09:10:07,564] {scheduler_job.py:190} INFO - Processing /home/airflow/.local/lib/python3.6/site-packages/airflow/example_dags/example_skip_dag.py took 0.112 seconds
[2021-05-31 09:10:37,794] {scheduler_job.py:182} INFO - Started process (PID=6803) to work on /home/airflow/.local/lib/python3.6/site-packages/airflow/example_dags/example_skip_dag.py
[2021-05-31 09:10:37,795] {scheduler_job.py:629} INFO - Processing file /home/airflow/.local/lib/python3.6/site-packages/airflow/example_dags/example_skip_dag.py for tasks to queue
[2021-05-31 09:10:37,796] {logging_mixin.py:104} INFO - [2021-05-31 09:10:37,796] {dagbag.py:451} INFO - Filling up the DagBag from /home/airflow/.local/lib/python3.6/site-packages/airflow/example_dags/example_skip_dag.py
[2021-05-31 09:10:37,808] {scheduler_job.py:639} INFO - DAG(s) dict_keys(['example_skip_dag']) retrieved from /home/airflow/.local/lib/python3.6/site-packages/airflow/example_dags/example_skip_dag.py
[2021-05-31 09:10:37,836] {logging_mixin.py:104} INFO - [2021-05-31 09:10:37,835] {dag.py:1824} INFO - Sync 1 DAGs
[2021-05-31 09:10:37,856] {logging_mixin.py:104} INFO - [2021-05-31 09:10:37,856] {dag.py:2280} INFO - Setting next_dagrun for example_skip_dag to 2021-05-29 00:00:00+00:00
[2021-05-31 09:10:37,874] {scheduler_job.py:190} INFO - Processing /home/airflow/.local/lib/python3.6/site-packages/airflow/example_dags/example_skip_dag.py took 0.083 seconds
[2021-05-31 09:11:08,144] {scheduler_job.py:182} INFO - Started process (PID=6831) to work on /home/airflow/.local/lib/python3.6/site-packages/airflow/example_dags/example_skip_dag.py
[2021-05-31 09:11:08,145] {scheduler_job.py:629} INFO - Processing file /home/airflow/.local/lib/python3.6/site-packages/airflow/example_dags/example_skip_dag.py for tasks to queue
[2021-05-31 09:11:08,146] {logging_mixin.py:104} INFO - [2021-05-31 09:11:08,146] {dagbag.py:451} INFO - Filling up the DagBag from /home/airflow/.local/lib/python3.6/site-packages/airflow/example_dags/example_skip_dag.py
[2021-05-31 09:11:08,161] {scheduler_job.py:639} INFO - DAG(s) dict_keys(['example_skip_dag']) retrieved from /home/airflow/.local/lib/python3.6/site-packages/airflow/example_dags/example_skip_dag.py
[2021-05-31 09:11:08,188] {logging_mixin.py:104} INFO - [2021-05-31 09:11:08,188] {dag.py:1824} INFO - Sync 1 DAGs
[2021-05-31 09:11:08,206] {logging_mixin.py:104} INFO - [2021-05-31 09:11:08,206] {dag.py:2280} INFO - Setting next_dagrun for example_skip_dag to 2021-05-29 00:00:00+00:00
[2021-05-31 09:11:08,230] {scheduler_job.py:190} INFO - Processing /home/airflow/.local/lib/python3.6/site-packages/airflow/example_dags/example_skip_dag.py took 0.090 seconds
[2021-05-31 09:11:38,856] {scheduler_job.py:182} INFO - Started process (PID=6859) to work on /home/airflow/.local/lib/python3.6/site-packages/airflow/example_dags/example_skip_dag.py
[2021-05-31 09:11:38,859] {scheduler_job.py:629} INFO - Processing file /home/airflow/.local/lib/python3.6/site-packages/airflow/example_dags/example_skip_dag.py for tasks to queue
[2021-05-31 09:11:38,860] {logging_mixin.py:104} INFO - [2021-05-31 09:11:38,860] {dagbag.py:451} INFO - Filling up the DagBag from /home/airflow/.local/lib/python3.6/site-packages/airflow/example_dags/example_skip_dag.py
[2021-05-31 09:11:38,881] {scheduler_job.py:639} INFO - DAG(s) dict_keys(['example_skip_dag']) retrieved from /home/airflow/.local/lib/python3.6/site-packages/airflow/example_dags/example_skip_dag.py
[2021-05-31 09:11:38,913] {logging_mixin.py:104} INFO - [2021-05-31 09:11:38,913] {dag.py:1824} INFO - Sync 1 DAGs
[2021-05-31 09:11:38,945] {logging_mixin.py:104} INFO - [2021-05-31 09:11:38,945] {dag.py:2280} INFO - Setting next_dagrun for example_skip_dag to 2021-05-29 00:00:00+00:00
[2021-05-31 09:11:38,962] {scheduler_job.py:190} INFO - Processing /home/airflow/.local/lib/python3.6/site-packages/airflow/example_dags/example_skip_dag.py took 0.111 seconds
[2021-05-31 09:12:09,661] {scheduler_job.py:182} INFO - Started process (PID=6887) to work on /home/airflow/.local/lib/python3.6/site-packages/airflow/example_dags/example_skip_dag.py
[2021-05-31 09:12:09,663] {scheduler_job.py:629} INFO - Processing file /home/airflow/.local/lib/python3.6/site-packages/airflow/example_dags/example_skip_dag.py for tasks to queue
[2021-05-31 09:12:09,664] {logging_mixin.py:104} INFO - [2021-05-31 09:12:09,664] {dagbag.py:451} INFO - Filling up the DagBag from /home/airflow/.local/lib/python3.6/site-packages/airflow/example_dags/example_skip_dag.py
[2021-05-31 09:12:09,678] {scheduler_job.py:639} INFO - DAG(s) dict_keys(['example_skip_dag']) retrieved from /home/airflow/.local/lib/python3.6/site-packages/airflow/example_dags/example_skip_dag.py
[2021-05-31 09:12:09,712] {logging_mixin.py:104} INFO - [2021-05-31 09:12:09,711] {dag.py:1824} INFO - Sync 1 DAGs
[2021-05-31 09:12:09,734] {logging_mixin.py:104} INFO - [2021-05-31 09:12:09,734] {dag.py:2280} INFO - Setting next_dagrun for example_skip_dag to 2021-05-29 00:00:00+00:00
[2021-05-31 09:12:09,747] {scheduler_job.py:190} INFO - Processing /home/airflow/.local/lib/python3.6/site-packages/airflow/example_dags/example_skip_dag.py took 0.090 seconds
[2021-05-31 09:12:40,434] {scheduler_job.py:182} INFO - Started process (PID=6915) to work on /home/airflow/.local/lib/python3.6/site-packages/airflow/example_dags/example_skip_dag.py
[2021-05-31 09:12:40,435] {scheduler_job.py:629} INFO - Processing file /home/airflow/.local/lib/python3.6/site-packages/airflow/example_dags/example_skip_dag.py for tasks to queue
[2021-05-31 09:12:40,436] {logging_mixin.py:104} INFO - [2021-05-31 09:12:40,436] {dagbag.py:451} INFO - Filling up the DagBag from /home/airflow/.local/lib/python3.6/site-packages/airflow/example_dags/example_skip_dag.py
[2021-05-31 09:12:40,447] {scheduler_job.py:639} INFO - DAG(s) dict_keys(['example_skip_dag']) retrieved from /home/airflow/.local/lib/python3.6/site-packages/airflow/example_dags/example_skip_dag.py
[2021-05-31 09:12:40,474] {logging_mixin.py:104} INFO - [2021-05-31 09:12:40,474] {dag.py:1824} INFO - Sync 1 DAGs
[2021-05-31 09:12:40,499] {logging_mixin.py:104} INFO - [2021-05-31 09:12:40,498] {dag.py:2280} INFO - Setting next_dagrun for example_skip_dag to 2021-05-29 00:00:00+00:00
[2021-05-31 09:12:40,514] {scheduler_job.py:190} INFO - Processing /home/airflow/.local/lib/python3.6/site-packages/airflow/example_dags/example_skip_dag.py took 0.083 seconds
[2021-05-31 09:13:10,733] {scheduler_job.py:182} INFO - Started process (PID=6943) to work on /home/airflow/.local/lib/python3.6/site-packages/airflow/example_dags/example_skip_dag.py
[2021-05-31 09:13:10,735] {scheduler_job.py:629} INFO - Processing file /home/airflow/.local/lib/python3.6/site-packages/airflow/example_dags/example_skip_dag.py for tasks to queue
[2021-05-31 09:13:10,736] {logging_mixin.py:104} INFO - [2021-05-31 09:13:10,736] {dagbag.py:451} INFO - Filling up the DagBag from /home/airflow/.local/lib/python3.6/site-packages/airflow/example_dags/example_skip_dag.py
[2021-05-31 09:13:10,754] {scheduler_job.py:639} INFO - DAG(s) dict_keys(['example_skip_dag']) retrieved from /home/airflow/.local/lib/python3.6/site-packages/airflow/example_dags/example_skip_dag.py
[2021-05-31 09:13:10,791] {logging_mixin.py:104} INFO - [2021-05-31 09:13:10,790] {dag.py:1824} INFO - Sync 1 DAGs
[2021-05-31 09:13:10,820] {logging_mixin.py:104} INFO - [2021-05-31 09:13:10,820] {dag.py:2280} INFO - Setting next_dagrun for example_skip_dag to 2021-05-29 00:00:00+00:00
[2021-05-31 09:13:10,837] {scheduler_job.py:190} INFO - Processing /home/airflow/.local/lib/python3.6/site-packages/airflow/example_dags/example_skip_dag.py took 0.109 seconds
[2021-05-31 09:13:41,805] {scheduler_job.py:182} INFO - Started process (PID=6971) to work on /home/airflow/.local/lib/python3.6/site-packages/airflow/example_dags/example_skip_dag.py
[2021-05-31 09:13:41,807] {scheduler_job.py:629} INFO - Processing file /home/airflow/.local/lib/python3.6/site-packages/airflow/example_dags/example_skip_dag.py for tasks to queue
[2021-05-31 09:13:41,808] {logging_mixin.py:104} INFO - [2021-05-31 09:13:41,808] {dagbag.py:451} INFO - Filling up the DagBag from /home/airflow/.local/lib/python3.6/site-packages/airflow/example_dags/example_skip_dag.py
[2021-05-31 09:13:41,824] {scheduler_job.py:639} INFO - DAG(s) dict_keys(['example_skip_dag']) retrieved from /home/airflow/.local/lib/python3.6/site-packages/airflow/example_dags/example_skip_dag.py
[2021-05-31 09:13:41,854] {logging_mixin.py:104} INFO - [2021-05-31 09:13:41,854] {dag.py:1824} INFO - Sync 1 DAGs
[2021-05-31 09:13:41,879] {logging_mixin.py:104} INFO - [2021-05-31 09:13:41,879] {dag.py:2280} INFO - Setting next_dagrun for example_skip_dag to 2021-05-29 00:00:00+00:00
[2021-05-31 09:13:41,895] {scheduler_job.py:190} INFO - Processing /home/airflow/.local/lib/python3.6/site-packages/airflow/example_dags/example_skip_dag.py took 0.093 seconds
[2021-05-31 09:14:12,727] {scheduler_job.py:182} INFO - Started process (PID=6999) to work on /home/airflow/.local/lib/python3.6/site-packages/airflow/example_dags/example_skip_dag.py
[2021-05-31 09:14:12,728] {scheduler_job.py:629} INFO - Processing file /home/airflow/.local/lib/python3.6/site-packages/airflow/example_dags/example_skip_dag.py for tasks to queue
[2021-05-31 09:14:12,729] {logging_mixin.py:104} INFO - [2021-05-31 09:14:12,729] {dagbag.py:451} INFO - Filling up the DagBag from /home/airflow/.local/lib/python3.6/site-packages/airflow/example_dags/example_skip_dag.py
[2021-05-31 09:14:12,750] {scheduler_job.py:639} INFO - DAG(s) dict_keys(['example_skip_dag']) retrieved from /home/airflow/.local/lib/python3.6/site-packages/airflow/example_dags/example_skip_dag.py
[2021-05-31 09:14:12,785] {logging_mixin.py:104} INFO - [2021-05-31 09:14:12,785] {dag.py:1824} INFO - Sync 1 DAGs
[2021-05-31 09:14:12,813] {logging_mixin.py:104} INFO - [2021-05-31 09:14:12,813] {dag.py:2280} INFO - Setting next_dagrun for example_skip_dag to 2021-05-29 00:00:00+00:00
[2021-05-31 09:14:12,847] {scheduler_job.py:190} INFO - Processing /home/airflow/.local/lib/python3.6/site-packages/airflow/example_dags/example_skip_dag.py took 0.124 seconds
[2021-05-31 09:14:43,457] {scheduler_job.py:182} INFO - Started process (PID=7027) to work on /home/airflow/.local/lib/python3.6/site-packages/airflow/example_dags/example_skip_dag.py
[2021-05-31 09:14:43,458] {scheduler_job.py:629} INFO - Processing file /home/airflow/.local/lib/python3.6/site-packages/airflow/example_dags/example_skip_dag.py for tasks to queue
[2021-05-31 09:14:43,459] {logging_mixin.py:104} INFO - [2021-05-31 09:14:43,459] {dagbag.py:451} INFO - Filling up the DagBag from /home/airflow/.local/lib/python3.6/site-packages/airflow/example_dags/example_skip_dag.py
[2021-05-31 09:14:43,473] {scheduler_job.py:639} INFO - DAG(s) dict_keys(['example_skip_dag']) retrieved from /home/airflow/.local/lib/python3.6/site-packages/airflow/example_dags/example_skip_dag.py
[2021-05-31 09:14:43,499] {logging_mixin.py:104} INFO - [2021-05-31 09:14:43,499] {dag.py:1824} INFO - Sync 1 DAGs
[2021-05-31 09:14:43,517] {logging_mixin.py:104} INFO - [2021-05-31 09:14:43,517] {dag.py:2280} INFO - Setting next_dagrun for example_skip_dag to 2021-05-29 00:00:00+00:00
[2021-05-31 09:14:43,542] {scheduler_job.py:190} INFO - Processing /home/airflow/.local/lib/python3.6/site-packages/airflow/example_dags/example_skip_dag.py took 0.089 seconds
[2021-05-31 09:15:14,398] {scheduler_job.py:182} INFO - Started process (PID=7055) to work on /home/airflow/.local/lib/python3.6/site-packages/airflow/example_dags/example_skip_dag.py
[2021-05-31 09:15:14,400] {scheduler_job.py:629} INFO - Processing file /home/airflow/.local/lib/python3.6/site-packages/airflow/example_dags/example_skip_dag.py for tasks to queue
[2021-05-31 09:15:14,402] {logging_mixin.py:104} INFO - [2021-05-31 09:15:14,401] {dagbag.py:451} INFO - Filling up the DagBag from /home/airflow/.local/lib/python3.6/site-packages/airflow/example_dags/example_skip_dag.py
[2021-05-31 09:15:14,411] {scheduler_job.py:639} INFO - DAG(s) dict_keys(['example_skip_dag']) retrieved from /home/airflow/.local/lib/python3.6/site-packages/airflow/example_dags/example_skip_dag.py
[2021-05-31 09:15:14,437] {logging_mixin.py:104} INFO - [2021-05-31 09:15:14,436] {dag.py:1824} INFO - Sync 1 DAGs
[2021-05-31 09:15:14,455] {logging_mixin.py:104} INFO - [2021-05-31 09:15:14,454] {dag.py:2280} INFO - Setting next_dagrun for example_skip_dag to 2021-05-29 00:00:00+00:00
[2021-05-31 09:15:14,471] {scheduler_job.py:190} INFO - Processing /home/airflow/.local/lib/python3.6/site-packages/airflow/example_dags/example_skip_dag.py took 0.076 seconds
[2021-05-31 09:15:45,302] {scheduler_job.py:182} INFO - Started process (PID=7083) to work on /home/airflow/.local/lib/python3.6/site-packages/airflow/example_dags/example_skip_dag.py
[2021-05-31 09:15:45,303] {scheduler_job.py:629} INFO - Processing file /home/airflow/.local/lib/python3.6/site-packages/airflow/example_dags/example_skip_dag.py for tasks to queue
[2021-05-31 09:15:45,304] {logging_mixin.py:104} INFO - [2021-05-31 09:15:45,304] {dagbag.py:451} INFO - Filling up the DagBag from /home/airflow/.local/lib/python3.6/site-packages/airflow/example_dags/example_skip_dag.py
[2021-05-31 09:15:45,314] {scheduler_job.py:639} INFO - DAG(s) dict_keys(['example_skip_dag']) retrieved from /home/airflow/.local/lib/python3.6/site-packages/airflow/example_dags/example_skip_dag.py
[2021-05-31 09:15:45,341] {logging_mixin.py:104} INFO - [2021-05-31 09:15:45,341] {dag.py:1824} INFO - Sync 1 DAGs
[2021-05-31 09:15:45,359] {logging_mixin.py:104} INFO - [2021-05-31 09:15:45,359] {dag.py:2280} INFO - Setting next_dagrun for example_skip_dag to 2021-05-29 00:00:00+00:00
[2021-05-31 09:15:45,374] {scheduler_job.py:190} INFO - Processing /home/airflow/.local/lib/python3.6/site-packages/airflow/example_dags/example_skip_dag.py took 0.075 seconds
[2021-05-31 09:16:16,132] {scheduler_job.py:182} INFO - Started process (PID=7111) to work on /home/airflow/.local/lib/python3.6/site-packages/airflow/example_dags/example_skip_dag.py
[2021-05-31 09:16:16,133] {scheduler_job.py:629} INFO - Processing file /home/airflow/.local/lib/python3.6/site-packages/airflow/example_dags/example_skip_dag.py for tasks to queue
[2021-05-31 09:16:16,134] {logging_mixin.py:104} INFO - [2021-05-31 09:16:16,134] {dagbag.py:451} INFO - Filling up the DagBag from /home/airflow/.local/lib/python3.6/site-packages/airflow/example_dags/example_skip_dag.py
[2021-05-31 09:16:16,145] {scheduler_job.py:639} INFO - DAG(s) dict_keys(['example_skip_dag']) retrieved from /home/airflow/.local/lib/python3.6/site-packages/airflow/example_dags/example_skip_dag.py
[2021-05-31 09:16:16,167] {logging_mixin.py:104} INFO - [2021-05-31 09:16:16,167] {dag.py:1824} INFO - Sync 1 DAGs
[2021-05-31 09:16:16,185] {logging_mixin.py:104} INFO - [2021-05-31 09:16:16,184] {dag.py:2280} INFO - Setting next_dagrun for example_skip_dag to 2021-05-29 00:00:00+00:00
[2021-05-31 09:16:16,199] {scheduler_job.py:190} INFO - Processing /home/airflow/.local/lib/python3.6/site-packages/airflow/example_dags/example_skip_dag.py took 0.070 seconds
[2021-05-31 09:16:46,485] {scheduler_job.py:182} INFO - Started process (PID=7138) to work on /home/airflow/.local/lib/python3.6/site-packages/airflow/example_dags/example_skip_dag.py
[2021-05-31 09:16:46,489] {scheduler_job.py:629} INFO - Processing file /home/airflow/.local/lib/python3.6/site-packages/airflow/example_dags/example_skip_dag.py for tasks to queue
[2021-05-31 09:16:46,491] {logging_mixin.py:104} INFO - [2021-05-31 09:16:46,491] {dagbag.py:451} INFO - Filling up the DagBag from /home/airflow/.local/lib/python3.6/site-packages/airflow/example_dags/example_skip_dag.py
[2021-05-31 09:16:46,531] {scheduler_job.py:639} INFO - DAG(s) dict_keys(['example_skip_dag']) retrieved from /home/airflow/.local/lib/python3.6/site-packages/airflow/example_dags/example_skip_dag.py
[2021-05-31 09:16:46,612] {logging_mixin.py:104} INFO - [2021-05-31 09:16:46,611] {dag.py:1824} INFO - Sync 1 DAGs
[2021-05-31 09:16:46,655] {logging_mixin.py:104} INFO - [2021-05-31 09:16:46,655] {dag.py:2280} INFO - Setting next_dagrun for example_skip_dag to 2021-05-29 00:00:00+00:00
[2021-05-31 09:16:46,686] {scheduler_job.py:190} INFO - Processing /home/airflow/.local/lib/python3.6/site-packages/airflow/example_dags/example_skip_dag.py took 0.211 seconds
[2021-05-31 09:17:17,903] {scheduler_job.py:182} INFO - Started process (PID=7166) to work on /home/airflow/.local/lib/python3.6/site-packages/airflow/example_dags/example_skip_dag.py
[2021-05-31 09:17:17,905] {scheduler_job.py:629} INFO - Processing file /home/airflow/.local/lib/python3.6/site-packages/airflow/example_dags/example_skip_dag.py for tasks to queue
[2021-05-31 09:17:17,907] {logging_mixin.py:104} INFO - [2021-05-31 09:17:17,907] {dagbag.py:451} INFO - Filling up the DagBag from /home/airflow/.local/lib/python3.6/site-packages/airflow/example_dags/example_skip_dag.py
[2021-05-31 09:17:17,925] {scheduler_job.py:639} INFO - DAG(s) dict_keys(['example_skip_dag']) retrieved from /home/airflow/.local/lib/python3.6/site-packages/airflow/example_dags/example_skip_dag.py
[2021-05-31 09:17:17,963] {logging_mixin.py:104} INFO - [2021-05-31 09:17:17,963] {dag.py:1824} INFO - Sync 1 DAGs
[2021-05-31 09:17:18,011] {logging_mixin.py:104} INFO - [2021-05-31 09:17:18,010] {dag.py:2280} INFO - Setting next_dagrun for example_skip_dag to 2021-05-29 00:00:00+00:00
[2021-05-31 09:17:18,087] {scheduler_job.py:190} INFO - Processing /home/airflow/.local/lib/python3.6/site-packages/airflow/example_dags/example_skip_dag.py took 0.188 seconds
[2021-05-31 09:17:49,382] {scheduler_job.py:182} INFO - Started process (PID=7194) to work on /home/airflow/.local/lib/python3.6/site-packages/airflow/example_dags/example_skip_dag.py
[2021-05-31 09:17:49,384] {scheduler_job.py:629} INFO - Processing file /home/airflow/.local/lib/python3.6/site-packages/airflow/example_dags/example_skip_dag.py for tasks to queue
[2021-05-31 09:17:49,385] {logging_mixin.py:104} INFO - [2021-05-31 09:17:49,385] {dagbag.py:451} INFO - Filling up the DagBag from /home/airflow/.local/lib/python3.6/site-packages/airflow/example_dags/example_skip_dag.py
[2021-05-31 09:17:49,405] {scheduler_job.py:639} INFO - DAG(s) dict_keys(['example_skip_dag']) retrieved from /home/airflow/.local/lib/python3.6/site-packages/airflow/example_dags/example_skip_dag.py
[2021-05-31 09:17:49,447] {logging_mixin.py:104} INFO - [2021-05-31 09:17:49,447] {dag.py:1824} INFO - Sync 1 DAGs
[2021-05-31 09:17:49,487] {logging_mixin.py:104} INFO - [2021-05-31 09:17:49,487] {dag.py:2280} INFO - Setting next_dagrun for example_skip_dag to 2021-05-29 00:00:00+00:00
[2021-05-31 09:17:49,550] {scheduler_job.py:190} INFO - Processing /home/airflow/.local/lib/python3.6/site-packages/airflow/example_dags/example_skip_dag.py took 0.173 seconds
[2021-05-31 09:18:20,511] {scheduler_job.py:182} INFO - Started process (PID=7222) to work on /home/airflow/.local/lib/python3.6/site-packages/airflow/example_dags/example_skip_dag.py
[2021-05-31 09:18:20,515] {scheduler_job.py:629} INFO - Processing file /home/airflow/.local/lib/python3.6/site-packages/airflow/example_dags/example_skip_dag.py for tasks to queue
[2021-05-31 09:18:20,518] {logging_mixin.py:104} INFO - [2021-05-31 09:18:20,518] {dagbag.py:451} INFO - Filling up the DagBag from /home/airflow/.local/lib/python3.6/site-packages/airflow/example_dags/example_skip_dag.py
[2021-05-31 09:18:20,543] {scheduler_job.py:639} INFO - DAG(s) dict_keys(['example_skip_dag']) retrieved from /home/airflow/.local/lib/python3.6/site-packages/airflow/example_dags/example_skip_dag.py
[2021-05-31 09:18:20,583] {logging_mixin.py:104} INFO - [2021-05-31 09:18:20,583] {dag.py:1824} INFO - Sync 1 DAGs
[2021-05-31 09:18:20,608] {logging_mixin.py:104} INFO - [2021-05-31 09:18:20,608] {dag.py:2280} INFO - Setting next_dagrun for example_skip_dag to 2021-05-29 00:00:00+00:00
[2021-05-31 09:18:20,661] {scheduler_job.py:190} INFO - Processing /home/airflow/.local/lib/python3.6/site-packages/airflow/example_dags/example_skip_dag.py took 0.154 seconds
[2021-05-31 09:18:51,050] {scheduler_job.py:182} INFO - Started process (PID=7247) to work on /home/airflow/.local/lib/python3.6/site-packages/airflow/example_dags/example_skip_dag.py
[2021-05-31 09:18:51,053] {scheduler_job.py:629} INFO - Processing file /home/airflow/.local/lib/python3.6/site-packages/airflow/example_dags/example_skip_dag.py for tasks to queue
[2021-05-31 09:18:51,055] {logging_mixin.py:104} INFO - [2021-05-31 09:18:51,055] {dagbag.py:451} INFO - Filling up the DagBag from /home/airflow/.local/lib/python3.6/site-packages/airflow/example_dags/example_skip_dag.py
[2021-05-31 09:18:51,081] {scheduler_job.py:639} INFO - DAG(s) dict_keys(['example_skip_dag']) retrieved from /home/airflow/.local/lib/python3.6/site-packages/airflow/example_dags/example_skip_dag.py
[2021-05-31 09:18:51,133] {logging_mixin.py:104} INFO - [2021-05-31 09:18:51,133] {dag.py:1824} INFO - Sync 1 DAGs
[2021-05-31 09:18:51,168] {logging_mixin.py:104} INFO - [2021-05-31 09:18:51,168] {dag.py:2280} INFO - Setting next_dagrun for example_skip_dag to 2021-05-29 00:00:00+00:00
[2021-05-31 09:18:51,201] {scheduler_job.py:190} INFO - Processing /home/airflow/.local/lib/python3.6/site-packages/airflow/example_dags/example_skip_dag.py took 0.158 seconds
[2021-05-31 09:19:21,848] {scheduler_job.py:182} INFO - Started process (PID=7274) to work on /home/airflow/.local/lib/python3.6/site-packages/airflow/example_dags/example_skip_dag.py
[2021-05-31 09:19:21,850] {scheduler_job.py:629} INFO - Processing file /home/airflow/.local/lib/python3.6/site-packages/airflow/example_dags/example_skip_dag.py for tasks to queue
[2021-05-31 09:19:21,851] {logging_mixin.py:104} INFO - [2021-05-31 09:19:21,851] {dagbag.py:451} INFO - Filling up the DagBag from /home/airflow/.local/lib/python3.6/site-packages/airflow/example_dags/example_skip_dag.py
[2021-05-31 09:19:21,870] {scheduler_job.py:639} INFO - DAG(s) dict_keys(['example_skip_dag']) retrieved from /home/airflow/.local/lib/python3.6/site-packages/airflow/example_dags/example_skip_dag.py
[2021-05-31 09:19:21,901] {logging_mixin.py:104} INFO - [2021-05-31 09:19:21,901] {dag.py:1824} INFO - Sync 1 DAGs
[2021-05-31 09:19:21,935] {logging_mixin.py:104} INFO - [2021-05-31 09:19:21,934] {dag.py:2280} INFO - Setting next_dagrun for example_skip_dag to 2021-05-29 00:00:00+00:00
[2021-05-31 09:19:21,954] {scheduler_job.py:190} INFO - Processing /home/airflow/.local/lib/python3.6/site-packages/airflow/example_dags/example_skip_dag.py took 0.110 seconds
[2021-05-31 09:19:52,314] {scheduler_job.py:182} INFO - Started process (PID=7301) to work on /home/airflow/.local/lib/python3.6/site-packages/airflow/example_dags/example_skip_dag.py
[2021-05-31 09:19:52,318] {scheduler_job.py:629} INFO - Processing file /home/airflow/.local/lib/python3.6/site-packages/airflow/example_dags/example_skip_dag.py for tasks to queue
[2021-05-31 09:19:52,320] {logging_mixin.py:104} INFO - [2021-05-31 09:19:52,320] {dagbag.py:451} INFO - Filling up the DagBag from /home/airflow/.local/lib/python3.6/site-packages/airflow/example_dags/example_skip_dag.py
[2021-05-31 09:19:52,340] {scheduler_job.py:639} INFO - DAG(s) dict_keys(['example_skip_dag']) retrieved from /home/airflow/.local/lib/python3.6/site-packages/airflow/example_dags/example_skip_dag.py
[2021-05-31 09:19:52,379] {logging_mixin.py:104} INFO - [2021-05-31 09:19:52,379] {dag.py:1824} INFO - Sync 1 DAGs
[2021-05-31 09:19:52,401] {logging_mixin.py:104} INFO - [2021-05-31 09:19:52,401] {dag.py:2280} INFO - Setting next_dagrun for example_skip_dag to 2021-05-29 00:00:00+00:00
[2021-05-31 09:19:52,417] {scheduler_job.py:190} INFO - Processing /home/airflow/.local/lib/python3.6/site-packages/airflow/example_dags/example_skip_dag.py took 0.111 seconds
[2021-05-31 09:20:23,068] {scheduler_job.py:182} INFO - Started process (PID=7329) to work on /home/airflow/.local/lib/python3.6/site-packages/airflow/example_dags/example_skip_dag.py
[2021-05-31 09:20:23,071] {scheduler_job.py:629} INFO - Processing file /home/airflow/.local/lib/python3.6/site-packages/airflow/example_dags/example_skip_dag.py for tasks to queue
[2021-05-31 09:20:23,072] {logging_mixin.py:104} INFO - [2021-05-31 09:20:23,072] {dagbag.py:451} INFO - Filling up the DagBag from /home/airflow/.local/lib/python3.6/site-packages/airflow/example_dags/example_skip_dag.py
[2021-05-31 09:20:23,088] {scheduler_job.py:639} INFO - DAG(s) dict_keys(['example_skip_dag']) retrieved from /home/airflow/.local/lib/python3.6/site-packages/airflow/example_dags/example_skip_dag.py
[2021-05-31 09:20:23,122] {logging_mixin.py:104} INFO - [2021-05-31 09:20:23,122] {dag.py:1824} INFO - Sync 1 DAGs
[2021-05-31 09:20:23,145] {logging_mixin.py:104} INFO - [2021-05-31 09:20:23,145] {dag.py:2280} INFO - Setting next_dagrun for example_skip_dag to 2021-05-29 00:00:00+00:00
[2021-05-31 09:20:23,162] {scheduler_job.py:190} INFO - Processing /home/airflow/.local/lib/python3.6/site-packages/airflow/example_dags/example_skip_dag.py took 0.099 seconds
[2021-05-31 09:20:53,391] {scheduler_job.py:182} INFO - Started process (PID=7357) to work on /home/airflow/.local/lib/python3.6/site-packages/airflow/example_dags/example_skip_dag.py
[2021-05-31 09:20:53,393] {scheduler_job.py:629} INFO - Processing file /home/airflow/.local/lib/python3.6/site-packages/airflow/example_dags/example_skip_dag.py for tasks to queue
[2021-05-31 09:20:53,394] {logging_mixin.py:104} INFO - [2021-05-31 09:20:53,394] {dagbag.py:451} INFO - Filling up the DagBag from /home/airflow/.local/lib/python3.6/site-packages/airflow/example_dags/example_skip_dag.py
[2021-05-31 09:20:53,413] {scheduler_job.py:639} INFO - DAG(s) dict_keys(['example_skip_dag']) retrieved from /home/airflow/.local/lib/python3.6/site-packages/airflow/example_dags/example_skip_dag.py
[2021-05-31 09:20:53,450] {logging_mixin.py:104} INFO - [2021-05-31 09:20:53,450] {dag.py:1824} INFO - Sync 1 DAGs
[2021-05-31 09:20:53,475] {logging_mixin.py:104} INFO - [2021-05-31 09:20:53,475] {dag.py:2280} INFO - Setting next_dagrun for example_skip_dag to 2021-05-29 00:00:00+00:00
[2021-05-31 09:20:53,529] {scheduler_job.py:190} INFO - Processing /home/airflow/.local/lib/python3.6/site-packages/airflow/example_dags/example_skip_dag.py took 0.142 seconds
[2021-05-31 09:21:23,766] {scheduler_job.py:182} INFO - Started process (PID=7385) to work on /home/airflow/.local/lib/python3.6/site-packages/airflow/example_dags/example_skip_dag.py
[2021-05-31 09:21:23,768] {scheduler_job.py:629} INFO - Processing file /home/airflow/.local/lib/python3.6/site-packages/airflow/example_dags/example_skip_dag.py for tasks to queue
[2021-05-31 09:21:23,769] {logging_mixin.py:104} INFO - [2021-05-31 09:21:23,769] {dagbag.py:451} INFO - Filling up the DagBag from /home/airflow/.local/lib/python3.6/site-packages/airflow/example_dags/example_skip_dag.py
[2021-05-31 09:21:23,793] {scheduler_job.py:639} INFO - DAG(s) dict_keys(['example_skip_dag']) retrieved from /home/airflow/.local/lib/python3.6/site-packages/airflow/example_dags/example_skip_dag.py
[2021-05-31 09:21:23,835] {logging_mixin.py:104} INFO - [2021-05-31 09:21:23,835] {dag.py:1824} INFO - Sync 1 DAGs
[2021-05-31 09:21:23,862] {logging_mixin.py:104} INFO - [2021-05-31 09:21:23,862] {dag.py:2280} INFO - Setting next_dagrun for example_skip_dag to 2021-05-29 00:00:00+00:00
[2021-05-31 09:21:23,891] {scheduler_job.py:190} INFO - Processing /home/airflow/.local/lib/python3.6/site-packages/airflow/example_dags/example_skip_dag.py took 0.130 seconds
[2021-05-31 09:21:54,407] {scheduler_job.py:182} INFO - Started process (PID=7413) to work on /home/airflow/.local/lib/python3.6/site-packages/airflow/example_dags/example_skip_dag.py
[2021-05-31 09:21:54,409] {scheduler_job.py:629} INFO - Processing file /home/airflow/.local/lib/python3.6/site-packages/airflow/example_dags/example_skip_dag.py for tasks to queue
[2021-05-31 09:21:54,410] {logging_mixin.py:104} INFO - [2021-05-31 09:21:54,410] {dagbag.py:451} INFO - Filling up the DagBag from /home/airflow/.local/lib/python3.6/site-packages/airflow/example_dags/example_skip_dag.py
[2021-05-31 09:21:54,430] {scheduler_job.py:639} INFO - DAG(s) dict_keys(['example_skip_dag']) retrieved from /home/airflow/.local/lib/python3.6/site-packages/airflow/example_dags/example_skip_dag.py
[2021-05-31 09:21:54,467] {logging_mixin.py:104} INFO - [2021-05-31 09:21:54,467] {dag.py:1824} INFO - Sync 1 DAGs
[2021-05-31 09:21:54,505] {logging_mixin.py:104} INFO - [2021-05-31 09:21:54,505] {dag.py:2280} INFO - Setting next_dagrun for example_skip_dag to 2021-05-29 00:00:00+00:00
[2021-05-31 09:21:54,559] {scheduler_job.py:190} INFO - Processing /home/airflow/.local/lib/python3.6/site-packages/airflow/example_dags/example_skip_dag.py took 0.158 seconds
[2021-05-31 09:22:25,316] {scheduler_job.py:182} INFO - Started process (PID=7441) to work on /home/airflow/.local/lib/python3.6/site-packages/airflow/example_dags/example_skip_dag.py
[2021-05-31 09:22:25,319] {scheduler_job.py:629} INFO - Processing file /home/airflow/.local/lib/python3.6/site-packages/airflow/example_dags/example_skip_dag.py for tasks to queue
[2021-05-31 09:22:25,321] {logging_mixin.py:104} INFO - [2021-05-31 09:22:25,321] {dagbag.py:451} INFO - Filling up the DagBag from /home/airflow/.local/lib/python3.6/site-packages/airflow/example_dags/example_skip_dag.py
[2021-05-31 09:22:25,343] {scheduler_job.py:639} INFO - DAG(s) dict_keys(['example_skip_dag']) retrieved from /home/airflow/.local/lib/python3.6/site-packages/airflow/example_dags/example_skip_dag.py
[2021-05-31 09:22:25,376] {logging_mixin.py:104} INFO - [2021-05-31 09:22:25,376] {dag.py:1824} INFO - Sync 1 DAGs
[2021-05-31 09:22:25,407] {logging_mixin.py:104} INFO - [2021-05-31 09:22:25,407] {dag.py:2280} INFO - Setting next_dagrun for example_skip_dag to 2021-05-29 00:00:00+00:00
[2021-05-31 09:22:25,461] {scheduler_job.py:190} INFO - Processing /home/airflow/.local/lib/python3.6/site-packages/airflow/example_dags/example_skip_dag.py took 0.150 seconds
[2021-05-31 09:22:55,688] {scheduler_job.py:182} INFO - Started process (PID=7469) to work on /home/airflow/.local/lib/python3.6/site-packages/airflow/example_dags/example_skip_dag.py
[2021-05-31 09:22:55,690] {scheduler_job.py:629} INFO - Processing file /home/airflow/.local/lib/python3.6/site-packages/airflow/example_dags/example_skip_dag.py for tasks to queue
[2021-05-31 09:22:55,692] {logging_mixin.py:104} INFO - [2021-05-31 09:22:55,692] {dagbag.py:451} INFO - Filling up the DagBag from /home/airflow/.local/lib/python3.6/site-packages/airflow/example_dags/example_skip_dag.py
[2021-05-31 09:22:55,708] {scheduler_job.py:639} INFO - DAG(s) dict_keys(['example_skip_dag']) retrieved from /home/airflow/.local/lib/python3.6/site-packages/airflow/example_dags/example_skip_dag.py
[2021-05-31 09:22:55,745] {logging_mixin.py:104} INFO - [2021-05-31 09:22:55,745] {dag.py:1824} INFO - Sync 1 DAGs
[2021-05-31 09:22:55,767] {logging_mixin.py:104} INFO - [2021-05-31 09:22:55,767] {dag.py:2280} INFO - Setting next_dagrun for example_skip_dag to 2021-05-29 00:00:00+00:00
[2021-05-31 09:22:55,826] {scheduler_job.py:190} INFO - Processing /home/airflow/.local/lib/python3.6/site-packages/airflow/example_dags/example_skip_dag.py took 0.143 seconds
[2021-05-31 09:23:26,114] {scheduler_job.py:182} INFO - Started process (PID=7497) to work on /home/airflow/.local/lib/python3.6/site-packages/airflow/example_dags/example_skip_dag.py
[2021-05-31 09:23:26,117] {scheduler_job.py:629} INFO - Processing file /home/airflow/.local/lib/python3.6/site-packages/airflow/example_dags/example_skip_dag.py for tasks to queue
[2021-05-31 09:23:26,118] {logging_mixin.py:104} INFO - [2021-05-31 09:23:26,118] {dagbag.py:451} INFO - Filling up the DagBag from /home/airflow/.local/lib/python3.6/site-packages/airflow/example_dags/example_skip_dag.py
[2021-05-31 09:23:26,140] {scheduler_job.py:639} INFO - DAG(s) dict_keys(['example_skip_dag']) retrieved from /home/airflow/.local/lib/python3.6/site-packages/airflow/example_dags/example_skip_dag.py
[2021-05-31 09:23:26,174] {logging_mixin.py:104} INFO - [2021-05-31 09:23:26,174] {dag.py:1824} INFO - Sync 1 DAGs
[2021-05-31 09:23:26,198] {logging_mixin.py:104} INFO - [2021-05-31 09:23:26,198] {dag.py:2280} INFO - Setting next_dagrun for example_skip_dag to 2021-05-29 00:00:00+00:00
[2021-05-31 09:23:26,253] {scheduler_job.py:190} INFO - Processing /home/airflow/.local/lib/python3.6/site-packages/airflow/example_dags/example_skip_dag.py took 0.145 seconds
[2021-05-31 09:23:56,813] {scheduler_job.py:182} INFO - Started process (PID=7525) to work on /home/airflow/.local/lib/python3.6/site-packages/airflow/example_dags/example_skip_dag.py
[2021-05-31 09:23:56,816] {scheduler_job.py:629} INFO - Processing file /home/airflow/.local/lib/python3.6/site-packages/airflow/example_dags/example_skip_dag.py for tasks to queue
[2021-05-31 09:23:56,818] {logging_mixin.py:104} INFO - [2021-05-31 09:23:56,818] {dagbag.py:451} INFO - Filling up the DagBag from /home/airflow/.local/lib/python3.6/site-packages/airflow/example_dags/example_skip_dag.py
[2021-05-31 09:23:56,837] {scheduler_job.py:639} INFO - DAG(s) dict_keys(['example_skip_dag']) retrieved from /home/airflow/.local/lib/python3.6/site-packages/airflow/example_dags/example_skip_dag.py
[2021-05-31 09:23:56,876] {logging_mixin.py:104} INFO - [2021-05-31 09:23:56,876] {dag.py:1824} INFO - Sync 1 DAGs
[2021-05-31 09:23:56,902] {logging_mixin.py:104} INFO - [2021-05-31 09:23:56,902] {dag.py:2280} INFO - Setting next_dagrun for example_skip_dag to 2021-05-29 00:00:00+00:00
[2021-05-31 09:23:56,940] {scheduler_job.py:190} INFO - Processing /home/airflow/.local/lib/python3.6/site-packages/airflow/example_dags/example_skip_dag.py took 0.135 seconds
