[2021-05-31 09:06:59,515] {scheduler_job.py:182} INFO - Started process (PID=6597) to work on /home/airflow/.local/lib/python3.6/site-packages/airflow/example_dags/example_dag_decorator.py
[2021-05-31 09:06:59,517] {scheduler_job.py:629} INFO - Processing file /home/airflow/.local/lib/python3.6/site-packages/airflow/example_dags/example_dag_decorator.py for tasks to queue
[2021-05-31 09:06:59,518] {logging_mixin.py:104} INFO - [2021-05-31 09:06:59,518] {dagbag.py:451} INFO - Filling up the DagBag from /home/airflow/.local/lib/python3.6/site-packages/airflow/example_dags/example_dag_decorator.py
[2021-05-31 09:06:59,550] {scheduler_job.py:639} INFO - DAG(s) dict_keys(['example_dag_decorator']) retrieved from /home/airflow/.local/lib/python3.6/site-packages/airflow/example_dags/example_dag_decorator.py
[2021-05-31 09:06:59,632] {logging_mixin.py:104} INFO - [2021-05-31 09:06:59,631] {dag.py:1824} INFO - Sync 1 DAGs
[2021-05-31 09:06:59,676] {logging_mixin.py:104} INFO - [2021-05-31 09:06:59,676] {dag.py:2280} INFO - Setting next_dagrun for example_dag_decorator to None
[2021-05-31 09:06:59,710] {scheduler_job.py:190} INFO - Processing /home/airflow/.local/lib/python3.6/site-packages/airflow/example_dags/example_dag_decorator.py took 0.201 seconds
[2021-05-31 09:07:29,776] {scheduler_job.py:182} INFO - Started process (PID=6624) to work on /home/airflow/.local/lib/python3.6/site-packages/airflow/example_dags/example_dag_decorator.py
[2021-05-31 09:07:29,777] {scheduler_job.py:629} INFO - Processing file /home/airflow/.local/lib/python3.6/site-packages/airflow/example_dags/example_dag_decorator.py for tasks to queue
[2021-05-31 09:07:29,778] {logging_mixin.py:104} INFO - [2021-05-31 09:07:29,778] {dagbag.py:451} INFO - Filling up the DagBag from /home/airflow/.local/lib/python3.6/site-packages/airflow/example_dags/example_dag_decorator.py
[2021-05-31 09:07:29,795] {scheduler_job.py:639} INFO - DAG(s) dict_keys(['example_dag_decorator']) retrieved from /home/airflow/.local/lib/python3.6/site-packages/airflow/example_dags/example_dag_decorator.py
[2021-05-31 09:07:29,820] {logging_mixin.py:104} INFO - [2021-05-31 09:07:29,820] {dag.py:1824} INFO - Sync 1 DAGs
[2021-05-31 09:07:29,837] {logging_mixin.py:104} INFO - [2021-05-31 09:07:29,837] {dag.py:2280} INFO - Setting next_dagrun for example_dag_decorator to None
[2021-05-31 09:07:29,849] {scheduler_job.py:190} INFO - Processing /home/airflow/.local/lib/python3.6/site-packages/airflow/example_dags/example_dag_decorator.py took 0.077 seconds
[2021-05-31 09:08:00,469] {scheduler_job.py:182} INFO - Started process (PID=6653) to work on /home/airflow/.local/lib/python3.6/site-packages/airflow/example_dags/example_dag_decorator.py
[2021-05-31 09:08:00,471] {scheduler_job.py:629} INFO - Processing file /home/airflow/.local/lib/python3.6/site-packages/airflow/example_dags/example_dag_decorator.py for tasks to queue
[2021-05-31 09:08:00,473] {logging_mixin.py:104} INFO - [2021-05-31 09:08:00,473] {dagbag.py:451} INFO - Filling up the DagBag from /home/airflow/.local/lib/python3.6/site-packages/airflow/example_dags/example_dag_decorator.py
[2021-05-31 09:08:00,498] {scheduler_job.py:639} INFO - DAG(s) dict_keys(['example_dag_decorator']) retrieved from /home/airflow/.local/lib/python3.6/site-packages/airflow/example_dags/example_dag_decorator.py
[2021-05-31 09:08:00,543] {logging_mixin.py:104} INFO - [2021-05-31 09:08:00,542] {dag.py:1824} INFO - Sync 1 DAGs
[2021-05-31 09:08:00,570] {logging_mixin.py:104} INFO - [2021-05-31 09:08:00,570] {dag.py:2280} INFO - Setting next_dagrun for example_dag_decorator to None
[2021-05-31 09:08:00,599] {scheduler_job.py:190} INFO - Processing /home/airflow/.local/lib/python3.6/site-packages/airflow/example_dags/example_dag_decorator.py took 0.136 seconds
[2021-05-31 09:08:31,152] {scheduler_job.py:182} INFO - Started process (PID=6681) to work on /home/airflow/.local/lib/python3.6/site-packages/airflow/example_dags/example_dag_decorator.py
[2021-05-31 09:08:31,154] {scheduler_job.py:629} INFO - Processing file /home/airflow/.local/lib/python3.6/site-packages/airflow/example_dags/example_dag_decorator.py for tasks to queue
[2021-05-31 09:08:31,155] {logging_mixin.py:104} INFO - [2021-05-31 09:08:31,155] {dagbag.py:451} INFO - Filling up the DagBag from /home/airflow/.local/lib/python3.6/site-packages/airflow/example_dags/example_dag_decorator.py
[2021-05-31 09:08:31,181] {scheduler_job.py:639} INFO - DAG(s) dict_keys(['example_dag_decorator']) retrieved from /home/airflow/.local/lib/python3.6/site-packages/airflow/example_dags/example_dag_decorator.py
[2021-05-31 09:08:31,219] {logging_mixin.py:104} INFO - [2021-05-31 09:08:31,219] {dag.py:1824} INFO - Sync 1 DAGs
[2021-05-31 09:08:31,247] {logging_mixin.py:104} INFO - [2021-05-31 09:08:31,246] {dag.py:2280} INFO - Setting next_dagrun for example_dag_decorator to None
[2021-05-31 09:08:31,275] {scheduler_job.py:190} INFO - Processing /home/airflow/.local/lib/python3.6/site-packages/airflow/example_dags/example_dag_decorator.py took 0.128 seconds
[2021-05-31 09:09:01,839] {scheduler_job.py:182} INFO - Started process (PID=6709) to work on /home/airflow/.local/lib/python3.6/site-packages/airflow/example_dags/example_dag_decorator.py
[2021-05-31 09:09:01,845] {scheduler_job.py:629} INFO - Processing file /home/airflow/.local/lib/python3.6/site-packages/airflow/example_dags/example_dag_decorator.py for tasks to queue
[2021-05-31 09:09:01,848] {logging_mixin.py:104} INFO - [2021-05-31 09:09:01,848] {dagbag.py:451} INFO - Filling up the DagBag from /home/airflow/.local/lib/python3.6/site-packages/airflow/example_dags/example_dag_decorator.py
[2021-05-31 09:09:01,890] {scheduler_job.py:639} INFO - DAG(s) dict_keys(['example_dag_decorator']) retrieved from /home/airflow/.local/lib/python3.6/site-packages/airflow/example_dags/example_dag_decorator.py
[2021-05-31 09:09:01,968] {logging_mixin.py:104} INFO - [2021-05-31 09:09:01,968] {dag.py:1824} INFO - Sync 1 DAGs
[2021-05-31 09:09:02,011] {logging_mixin.py:104} INFO - [2021-05-31 09:09:02,011] {dag.py:2280} INFO - Setting next_dagrun for example_dag_decorator to None
[2021-05-31 09:09:02,048] {scheduler_job.py:190} INFO - Processing /home/airflow/.local/lib/python3.6/site-packages/airflow/example_dags/example_dag_decorator.py took 0.216 seconds
[2021-05-31 09:09:32,388] {scheduler_job.py:182} INFO - Started process (PID=6735) to work on /home/airflow/.local/lib/python3.6/site-packages/airflow/example_dags/example_dag_decorator.py
[2021-05-31 09:09:32,393] {scheduler_job.py:629} INFO - Processing file /home/airflow/.local/lib/python3.6/site-packages/airflow/example_dags/example_dag_decorator.py for tasks to queue
[2021-05-31 09:09:32,395] {logging_mixin.py:104} INFO - [2021-05-31 09:09:32,395] {dagbag.py:451} INFO - Filling up the DagBag from /home/airflow/.local/lib/python3.6/site-packages/airflow/example_dags/example_dag_decorator.py
[2021-05-31 09:09:32,432] {scheduler_job.py:639} INFO - DAG(s) dict_keys(['example_dag_decorator']) retrieved from /home/airflow/.local/lib/python3.6/site-packages/airflow/example_dags/example_dag_decorator.py
[2021-05-31 09:09:32,479] {logging_mixin.py:104} INFO - [2021-05-31 09:09:32,479] {dag.py:1824} INFO - Sync 1 DAGs
[2021-05-31 09:09:32,506] {logging_mixin.py:104} INFO - [2021-05-31 09:09:32,505] {dag.py:2280} INFO - Setting next_dagrun for example_dag_decorator to None
[2021-05-31 09:09:32,526] {scheduler_job.py:190} INFO - Processing /home/airflow/.local/lib/python3.6/site-packages/airflow/example_dags/example_dag_decorator.py took 0.146 seconds
[2021-05-31 09:10:03,188] {scheduler_job.py:182} INFO - Started process (PID=6764) to work on /home/airflow/.local/lib/python3.6/site-packages/airflow/example_dags/example_dag_decorator.py
[2021-05-31 09:10:03,193] {scheduler_job.py:629} INFO - Processing file /home/airflow/.local/lib/python3.6/site-packages/airflow/example_dags/example_dag_decorator.py for tasks to queue
[2021-05-31 09:10:03,194] {logging_mixin.py:104} INFO - [2021-05-31 09:10:03,194] {dagbag.py:451} INFO - Filling up the DagBag from /home/airflow/.local/lib/python3.6/site-packages/airflow/example_dags/example_dag_decorator.py
[2021-05-31 09:10:03,227] {scheduler_job.py:639} INFO - DAG(s) dict_keys(['example_dag_decorator']) retrieved from /home/airflow/.local/lib/python3.6/site-packages/airflow/example_dags/example_dag_decorator.py
[2021-05-31 09:10:03,284] {logging_mixin.py:104} INFO - [2021-05-31 09:10:03,284] {dag.py:1824} INFO - Sync 1 DAGs
[2021-05-31 09:10:03,319] {logging_mixin.py:104} INFO - [2021-05-31 09:10:03,319] {dag.py:2280} INFO - Setting next_dagrun for example_dag_decorator to None
[2021-05-31 09:10:03,338] {scheduler_job.py:190} INFO - Processing /home/airflow/.local/lib/python3.6/site-packages/airflow/example_dags/example_dag_decorator.py took 0.156 seconds
[2021-05-31 09:10:33,666] {scheduler_job.py:182} INFO - Started process (PID=6791) to work on /home/airflow/.local/lib/python3.6/site-packages/airflow/example_dags/example_dag_decorator.py
[2021-05-31 09:10:33,668] {scheduler_job.py:629} INFO - Processing file /home/airflow/.local/lib/python3.6/site-packages/airflow/example_dags/example_dag_decorator.py for tasks to queue
[2021-05-31 09:10:33,671] {logging_mixin.py:104} INFO - [2021-05-31 09:10:33,670] {dagbag.py:451} INFO - Filling up the DagBag from /home/airflow/.local/lib/python3.6/site-packages/airflow/example_dags/example_dag_decorator.py
[2021-05-31 09:10:33,721] {scheduler_job.py:639} INFO - DAG(s) dict_keys(['example_dag_decorator']) retrieved from /home/airflow/.local/lib/python3.6/site-packages/airflow/example_dags/example_dag_decorator.py
[2021-05-31 09:10:33,765] {logging_mixin.py:104} INFO - [2021-05-31 09:10:33,765] {dag.py:1824} INFO - Sync 1 DAGs
[2021-05-31 09:10:33,790] {logging_mixin.py:104} INFO - [2021-05-31 09:10:33,789] {dag.py:2280} INFO - Setting next_dagrun for example_dag_decorator to None
[2021-05-31 09:10:33,808] {scheduler_job.py:190} INFO - Processing /home/airflow/.local/lib/python3.6/site-packages/airflow/example_dags/example_dag_decorator.py took 0.147 seconds
[2021-05-31 09:11:03,955] {scheduler_job.py:182} INFO - Started process (PID=6818) to work on /home/airflow/.local/lib/python3.6/site-packages/airflow/example_dags/example_dag_decorator.py
[2021-05-31 09:11:03,957] {scheduler_job.py:629} INFO - Processing file /home/airflow/.local/lib/python3.6/site-packages/airflow/example_dags/example_dag_decorator.py for tasks to queue
[2021-05-31 09:11:03,958] {logging_mixin.py:104} INFO - [2021-05-31 09:11:03,958] {dagbag.py:451} INFO - Filling up the DagBag from /home/airflow/.local/lib/python3.6/site-packages/airflow/example_dags/example_dag_decorator.py
[2021-05-31 09:11:03,976] {scheduler_job.py:639} INFO - DAG(s) dict_keys(['example_dag_decorator']) retrieved from /home/airflow/.local/lib/python3.6/site-packages/airflow/example_dags/example_dag_decorator.py
[2021-05-31 09:11:04,005] {logging_mixin.py:104} INFO - [2021-05-31 09:11:04,005] {dag.py:1824} INFO - Sync 1 DAGs
[2021-05-31 09:11:04,025] {logging_mixin.py:104} INFO - [2021-05-31 09:11:04,024] {dag.py:2280} INFO - Setting next_dagrun for example_dag_decorator to None
[2021-05-31 09:11:04,050] {scheduler_job.py:190} INFO - Processing /home/airflow/.local/lib/python3.6/site-packages/airflow/example_dags/example_dag_decorator.py took 0.099 seconds
[2021-05-31 09:11:34,141] {scheduler_job.py:182} INFO - Started process (PID=6846) to work on /home/airflow/.local/lib/python3.6/site-packages/airflow/example_dags/example_dag_decorator.py
[2021-05-31 09:11:34,143] {scheduler_job.py:629} INFO - Processing file /home/airflow/.local/lib/python3.6/site-packages/airflow/example_dags/example_dag_decorator.py for tasks to queue
[2021-05-31 09:11:34,145] {logging_mixin.py:104} INFO - [2021-05-31 09:11:34,145] {dagbag.py:451} INFO - Filling up the DagBag from /home/airflow/.local/lib/python3.6/site-packages/airflow/example_dags/example_dag_decorator.py
[2021-05-31 09:11:34,175] {scheduler_job.py:639} INFO - DAG(s) dict_keys(['example_dag_decorator']) retrieved from /home/airflow/.local/lib/python3.6/site-packages/airflow/example_dags/example_dag_decorator.py
[2021-05-31 09:11:34,226] {logging_mixin.py:104} INFO - [2021-05-31 09:11:34,225] {dag.py:1824} INFO - Sync 1 DAGs
[2021-05-31 09:11:34,258] {logging_mixin.py:104} INFO - [2021-05-31 09:11:34,258] {dag.py:2280} INFO - Setting next_dagrun for example_dag_decorator to None
[2021-05-31 09:11:34,292] {scheduler_job.py:190} INFO - Processing /home/airflow/.local/lib/python3.6/site-packages/airflow/example_dags/example_dag_decorator.py took 0.155 seconds
[2021-05-31 09:12:04,684] {scheduler_job.py:182} INFO - Started process (PID=6874) to work on /home/airflow/.local/lib/python3.6/site-packages/airflow/example_dags/example_dag_decorator.py
[2021-05-31 09:12:04,687] {scheduler_job.py:629} INFO - Processing file /home/airflow/.local/lib/python3.6/site-packages/airflow/example_dags/example_dag_decorator.py for tasks to queue
[2021-05-31 09:12:04,689] {logging_mixin.py:104} INFO - [2021-05-31 09:12:04,689] {dagbag.py:451} INFO - Filling up the DagBag from /home/airflow/.local/lib/python3.6/site-packages/airflow/example_dags/example_dag_decorator.py
[2021-05-31 09:12:04,708] {scheduler_job.py:639} INFO - DAG(s) dict_keys(['example_dag_decorator']) retrieved from /home/airflow/.local/lib/python3.6/site-packages/airflow/example_dags/example_dag_decorator.py
[2021-05-31 09:12:04,738] {logging_mixin.py:104} INFO - [2021-05-31 09:12:04,738] {dag.py:1824} INFO - Sync 1 DAGs
[2021-05-31 09:12:04,767] {logging_mixin.py:104} INFO - [2021-05-31 09:12:04,767] {dag.py:2280} INFO - Setting next_dagrun for example_dag_decorator to None
[2021-05-31 09:12:04,785] {scheduler_job.py:190} INFO - Processing /home/airflow/.local/lib/python3.6/site-packages/airflow/example_dags/example_dag_decorator.py took 0.107 seconds
[2021-05-31 09:12:35,552] {scheduler_job.py:182} INFO - Started process (PID=6902) to work on /home/airflow/.local/lib/python3.6/site-packages/airflow/example_dags/example_dag_decorator.py
[2021-05-31 09:12:35,554] {scheduler_job.py:629} INFO - Processing file /home/airflow/.local/lib/python3.6/site-packages/airflow/example_dags/example_dag_decorator.py for tasks to queue
[2021-05-31 09:12:35,555] {logging_mixin.py:104} INFO - [2021-05-31 09:12:35,554] {dagbag.py:451} INFO - Filling up the DagBag from /home/airflow/.local/lib/python3.6/site-packages/airflow/example_dags/example_dag_decorator.py
[2021-05-31 09:12:35,577] {scheduler_job.py:639} INFO - DAG(s) dict_keys(['example_dag_decorator']) retrieved from /home/airflow/.local/lib/python3.6/site-packages/airflow/example_dags/example_dag_decorator.py
[2021-05-31 09:12:35,607] {logging_mixin.py:104} INFO - [2021-05-31 09:12:35,607] {dag.py:1824} INFO - Sync 1 DAGs
[2021-05-31 09:12:35,632] {logging_mixin.py:104} INFO - [2021-05-31 09:12:35,632] {dag.py:2280} INFO - Setting next_dagrun for example_dag_decorator to None
[2021-05-31 09:12:35,650] {scheduler_job.py:190} INFO - Processing /home/airflow/.local/lib/python3.6/site-packages/airflow/example_dags/example_dag_decorator.py took 0.101 seconds
[2021-05-31 09:13:06,430] {scheduler_job.py:182} INFO - Started process (PID=6930) to work on /home/airflow/.local/lib/python3.6/site-packages/airflow/example_dags/example_dag_decorator.py
[2021-05-31 09:13:06,432] {scheduler_job.py:629} INFO - Processing file /home/airflow/.local/lib/python3.6/site-packages/airflow/example_dags/example_dag_decorator.py for tasks to queue
[2021-05-31 09:13:06,433] {logging_mixin.py:104} INFO - [2021-05-31 09:13:06,433] {dagbag.py:451} INFO - Filling up the DagBag from /home/airflow/.local/lib/python3.6/site-packages/airflow/example_dags/example_dag_decorator.py
[2021-05-31 09:13:06,453] {scheduler_job.py:639} INFO - DAG(s) dict_keys(['example_dag_decorator']) retrieved from /home/airflow/.local/lib/python3.6/site-packages/airflow/example_dags/example_dag_decorator.py
[2021-05-31 09:13:06,482] {logging_mixin.py:104} INFO - [2021-05-31 09:13:06,482] {dag.py:1824} INFO - Sync 1 DAGs
[2021-05-31 09:13:06,499] {logging_mixin.py:104} INFO - [2021-05-31 09:13:06,499] {dag.py:2280} INFO - Setting next_dagrun for example_dag_decorator to None
[2021-05-31 09:13:06,521] {scheduler_job.py:190} INFO - Processing /home/airflow/.local/lib/python3.6/site-packages/airflow/example_dags/example_dag_decorator.py took 0.094 seconds
[2021-05-31 09:13:36,623] {scheduler_job.py:182} INFO - Started process (PID=6958) to work on /home/airflow/.local/lib/python3.6/site-packages/airflow/example_dags/example_dag_decorator.py
[2021-05-31 09:13:36,624] {scheduler_job.py:629} INFO - Processing file /home/airflow/.local/lib/python3.6/site-packages/airflow/example_dags/example_dag_decorator.py for tasks to queue
[2021-05-31 09:13:36,625] {logging_mixin.py:104} INFO - [2021-05-31 09:13:36,625] {dagbag.py:451} INFO - Filling up the DagBag from /home/airflow/.local/lib/python3.6/site-packages/airflow/example_dags/example_dag_decorator.py
[2021-05-31 09:13:36,640] {scheduler_job.py:639} INFO - DAG(s) dict_keys(['example_dag_decorator']) retrieved from /home/airflow/.local/lib/python3.6/site-packages/airflow/example_dags/example_dag_decorator.py
[2021-05-31 09:13:36,662] {logging_mixin.py:104} INFO - [2021-05-31 09:13:36,662] {dag.py:1824} INFO - Sync 1 DAGs
[2021-05-31 09:13:36,682] {logging_mixin.py:104} INFO - [2021-05-31 09:13:36,682] {dag.py:2280} INFO - Setting next_dagrun for example_dag_decorator to None
[2021-05-31 09:13:36,706] {scheduler_job.py:190} INFO - Processing /home/airflow/.local/lib/python3.6/site-packages/airflow/example_dags/example_dag_decorator.py took 0.086 seconds
[2021-05-31 09:14:07,626] {scheduler_job.py:182} INFO - Started process (PID=6986) to work on /home/airflow/.local/lib/python3.6/site-packages/airflow/example_dags/example_dag_decorator.py
[2021-05-31 09:14:07,628] {scheduler_job.py:629} INFO - Processing file /home/airflow/.local/lib/python3.6/site-packages/airflow/example_dags/example_dag_decorator.py for tasks to queue
[2021-05-31 09:14:07,629] {logging_mixin.py:104} INFO - [2021-05-31 09:14:07,629] {dagbag.py:451} INFO - Filling up the DagBag from /home/airflow/.local/lib/python3.6/site-packages/airflow/example_dags/example_dag_decorator.py
[2021-05-31 09:14:07,649] {scheduler_job.py:639} INFO - DAG(s) dict_keys(['example_dag_decorator']) retrieved from /home/airflow/.local/lib/python3.6/site-packages/airflow/example_dags/example_dag_decorator.py
[2021-05-31 09:14:07,694] {logging_mixin.py:104} INFO - [2021-05-31 09:14:07,694] {dag.py:1824} INFO - Sync 1 DAGs
[2021-05-31 09:14:07,725] {logging_mixin.py:104} INFO - [2021-05-31 09:14:07,725] {dag.py:2280} INFO - Setting next_dagrun for example_dag_decorator to None
[2021-05-31 09:14:07,743] {scheduler_job.py:190} INFO - Processing /home/airflow/.local/lib/python3.6/site-packages/airflow/example_dags/example_dag_decorator.py took 0.119 seconds
[2021-05-31 09:14:38,462] {scheduler_job.py:182} INFO - Started process (PID=7014) to work on /home/airflow/.local/lib/python3.6/site-packages/airflow/example_dags/example_dag_decorator.py
[2021-05-31 09:14:38,463] {scheduler_job.py:629} INFO - Processing file /home/airflow/.local/lib/python3.6/site-packages/airflow/example_dags/example_dag_decorator.py for tasks to queue
[2021-05-31 09:14:38,464] {logging_mixin.py:104} INFO - [2021-05-31 09:14:38,464] {dagbag.py:451} INFO - Filling up the DagBag from /home/airflow/.local/lib/python3.6/site-packages/airflow/example_dags/example_dag_decorator.py
[2021-05-31 09:14:38,484] {scheduler_job.py:639} INFO - DAG(s) dict_keys(['example_dag_decorator']) retrieved from /home/airflow/.local/lib/python3.6/site-packages/airflow/example_dags/example_dag_decorator.py
[2021-05-31 09:14:38,512] {logging_mixin.py:104} INFO - [2021-05-31 09:14:38,511] {dag.py:1824} INFO - Sync 1 DAGs
[2021-05-31 09:14:38,531] {logging_mixin.py:104} INFO - [2021-05-31 09:14:38,530] {dag.py:2280} INFO - Setting next_dagrun for example_dag_decorator to None
[2021-05-31 09:14:38,558] {scheduler_job.py:190} INFO - Processing /home/airflow/.local/lib/python3.6/site-packages/airflow/example_dags/example_dag_decorator.py took 0.098 seconds
[2021-05-31 09:15:09,323] {scheduler_job.py:182} INFO - Started process (PID=7042) to work on /home/airflow/.local/lib/python3.6/site-packages/airflow/example_dags/example_dag_decorator.py
[2021-05-31 09:15:09,327] {scheduler_job.py:629} INFO - Processing file /home/airflow/.local/lib/python3.6/site-packages/airflow/example_dags/example_dag_decorator.py for tasks to queue
[2021-05-31 09:15:09,328] {logging_mixin.py:104} INFO - [2021-05-31 09:15:09,328] {dagbag.py:451} INFO - Filling up the DagBag from /home/airflow/.local/lib/python3.6/site-packages/airflow/example_dags/example_dag_decorator.py
[2021-05-31 09:15:09,351] {scheduler_job.py:639} INFO - DAG(s) dict_keys(['example_dag_decorator']) retrieved from /home/airflow/.local/lib/python3.6/site-packages/airflow/example_dags/example_dag_decorator.py
[2021-05-31 09:15:09,381] {logging_mixin.py:104} INFO - [2021-05-31 09:15:09,381] {dag.py:1824} INFO - Sync 1 DAGs
[2021-05-31 09:15:09,399] {logging_mixin.py:104} INFO - [2021-05-31 09:15:09,399] {dag.py:2280} INFO - Setting next_dagrun for example_dag_decorator to None
[2021-05-31 09:15:09,420] {scheduler_job.py:190} INFO - Processing /home/airflow/.local/lib/python3.6/site-packages/airflow/example_dags/example_dag_decorator.py took 0.104 seconds
[2021-05-31 09:15:40,225] {scheduler_job.py:182} INFO - Started process (PID=7070) to work on /home/airflow/.local/lib/python3.6/site-packages/airflow/example_dags/example_dag_decorator.py
[2021-05-31 09:15:40,227] {scheduler_job.py:629} INFO - Processing file /home/airflow/.local/lib/python3.6/site-packages/airflow/example_dags/example_dag_decorator.py for tasks to queue
[2021-05-31 09:15:40,228] {logging_mixin.py:104} INFO - [2021-05-31 09:15:40,228] {dagbag.py:451} INFO - Filling up the DagBag from /home/airflow/.local/lib/python3.6/site-packages/airflow/example_dags/example_dag_decorator.py
[2021-05-31 09:15:40,245] {scheduler_job.py:639} INFO - DAG(s) dict_keys(['example_dag_decorator']) retrieved from /home/airflow/.local/lib/python3.6/site-packages/airflow/example_dags/example_dag_decorator.py
[2021-05-31 09:15:40,275] {logging_mixin.py:104} INFO - [2021-05-31 09:15:40,275] {dag.py:1824} INFO - Sync 1 DAGs
[2021-05-31 09:15:40,292] {logging_mixin.py:104} INFO - [2021-05-31 09:15:40,292] {dag.py:2280} INFO - Setting next_dagrun for example_dag_decorator to None
[2021-05-31 09:15:40,309] {scheduler_job.py:190} INFO - Processing /home/airflow/.local/lib/python3.6/site-packages/airflow/example_dags/example_dag_decorator.py took 0.087 seconds
[2021-05-31 09:16:11,104] {scheduler_job.py:182} INFO - Started process (PID=7098) to work on /home/airflow/.local/lib/python3.6/site-packages/airflow/example_dags/example_dag_decorator.py
[2021-05-31 09:16:11,105] {scheduler_job.py:629} INFO - Processing file /home/airflow/.local/lib/python3.6/site-packages/airflow/example_dags/example_dag_decorator.py for tasks to queue
[2021-05-31 09:16:11,106] {logging_mixin.py:104} INFO - [2021-05-31 09:16:11,106] {dagbag.py:451} INFO - Filling up the DagBag from /home/airflow/.local/lib/python3.6/site-packages/airflow/example_dags/example_dag_decorator.py
[2021-05-31 09:16:11,120] {scheduler_job.py:639} INFO - DAG(s) dict_keys(['example_dag_decorator']) retrieved from /home/airflow/.local/lib/python3.6/site-packages/airflow/example_dags/example_dag_decorator.py
[2021-05-31 09:16:11,149] {logging_mixin.py:104} INFO - [2021-05-31 09:16:11,149] {dag.py:1824} INFO - Sync 1 DAGs
[2021-05-31 09:16:11,166] {logging_mixin.py:104} INFO - [2021-05-31 09:16:11,166] {dag.py:2280} INFO - Setting next_dagrun for example_dag_decorator to None
[2021-05-31 09:16:11,188] {scheduler_job.py:190} INFO - Processing /home/airflow/.local/lib/python3.6/site-packages/airflow/example_dags/example_dag_decorator.py took 0.087 seconds
[2021-05-31 09:16:41,630] {scheduler_job.py:182} INFO - Started process (PID=7126) to work on /home/airflow/.local/lib/python3.6/site-packages/airflow/example_dags/example_dag_decorator.py
[2021-05-31 09:16:41,632] {scheduler_job.py:629} INFO - Processing file /home/airflow/.local/lib/python3.6/site-packages/airflow/example_dags/example_dag_decorator.py for tasks to queue
[2021-05-31 09:16:41,634] {logging_mixin.py:104} INFO - [2021-05-31 09:16:41,633] {dagbag.py:451} INFO - Filling up the DagBag from /home/airflow/.local/lib/python3.6/site-packages/airflow/example_dags/example_dag_decorator.py
[2021-05-31 09:16:41,663] {scheduler_job.py:639} INFO - DAG(s) dict_keys(['example_dag_decorator']) retrieved from /home/airflow/.local/lib/python3.6/site-packages/airflow/example_dags/example_dag_decorator.py
[2021-05-31 09:16:41,716] {logging_mixin.py:104} INFO - [2021-05-31 09:16:41,716] {dag.py:1824} INFO - Sync 1 DAGs
[2021-05-31 09:16:41,758] {logging_mixin.py:104} INFO - [2021-05-31 09:16:41,757] {dag.py:2280} INFO - Setting next_dagrun for example_dag_decorator to None
[2021-05-31 09:16:41,789] {scheduler_job.py:190} INFO - Processing /home/airflow/.local/lib/python3.6/site-packages/airflow/example_dags/example_dag_decorator.py took 0.164 seconds
[2021-05-31 09:17:12,206] {scheduler_job.py:182} INFO - Started process (PID=7154) to work on /home/airflow/.local/lib/python3.6/site-packages/airflow/example_dags/example_dag_decorator.py
[2021-05-31 09:17:12,208] {scheduler_job.py:629} INFO - Processing file /home/airflow/.local/lib/python3.6/site-packages/airflow/example_dags/example_dag_decorator.py for tasks to queue
[2021-05-31 09:17:12,210] {logging_mixin.py:104} INFO - [2021-05-31 09:17:12,210] {dagbag.py:451} INFO - Filling up the DagBag from /home/airflow/.local/lib/python3.6/site-packages/airflow/example_dags/example_dag_decorator.py
[2021-05-31 09:17:12,240] {scheduler_job.py:639} INFO - DAG(s) dict_keys(['example_dag_decorator']) retrieved from /home/airflow/.local/lib/python3.6/site-packages/airflow/example_dags/example_dag_decorator.py
[2021-05-31 09:17:12,296] {logging_mixin.py:104} INFO - [2021-05-31 09:17:12,295] {dag.py:1824} INFO - Sync 1 DAGs
[2021-05-31 09:17:12,343] {logging_mixin.py:104} INFO - [2021-05-31 09:17:12,343] {dag.py:2280} INFO - Setting next_dagrun for example_dag_decorator to None
[2021-05-31 09:17:12,408] {scheduler_job.py:190} INFO - Processing /home/airflow/.local/lib/python3.6/site-packages/airflow/example_dags/example_dag_decorator.py took 0.207 seconds
[2021-05-31 09:17:42,538] {scheduler_job.py:182} INFO - Started process (PID=7182) to work on /home/airflow/.local/lib/python3.6/site-packages/airflow/example_dags/example_dag_decorator.py
[2021-05-31 09:17:42,540] {scheduler_job.py:629} INFO - Processing file /home/airflow/.local/lib/python3.6/site-packages/airflow/example_dags/example_dag_decorator.py for tasks to queue
[2021-05-31 09:17:42,542] {logging_mixin.py:104} INFO - [2021-05-31 09:17:42,542] {dagbag.py:451} INFO - Filling up the DagBag from /home/airflow/.local/lib/python3.6/site-packages/airflow/example_dags/example_dag_decorator.py
[2021-05-31 09:17:42,570] {scheduler_job.py:639} INFO - DAG(s) dict_keys(['example_dag_decorator']) retrieved from /home/airflow/.local/lib/python3.6/site-packages/airflow/example_dags/example_dag_decorator.py
[2021-05-31 09:17:42,606] {logging_mixin.py:104} INFO - [2021-05-31 09:17:42,606] {dag.py:1824} INFO - Sync 1 DAGs
[2021-05-31 09:17:42,629] {logging_mixin.py:104} INFO - [2021-05-31 09:17:42,629] {dag.py:2280} INFO - Setting next_dagrun for example_dag_decorator to None
[2021-05-31 09:17:42,687] {scheduler_job.py:190} INFO - Processing /home/airflow/.local/lib/python3.6/site-packages/airflow/example_dags/example_dag_decorator.py took 0.153 seconds
[2021-05-31 09:18:12,785] {scheduler_job.py:182} INFO - Started process (PID=7210) to work on /home/airflow/.local/lib/python3.6/site-packages/airflow/example_dags/example_dag_decorator.py
[2021-05-31 09:18:12,788] {scheduler_job.py:629} INFO - Processing file /home/airflow/.local/lib/python3.6/site-packages/airflow/example_dags/example_dag_decorator.py for tasks to queue
[2021-05-31 09:18:12,789] {logging_mixin.py:104} INFO - [2021-05-31 09:18:12,789] {dagbag.py:451} INFO - Filling up the DagBag from /home/airflow/.local/lib/python3.6/site-packages/airflow/example_dags/example_dag_decorator.py
[2021-05-31 09:18:12,820] {scheduler_job.py:639} INFO - DAG(s) dict_keys(['example_dag_decorator']) retrieved from /home/airflow/.local/lib/python3.6/site-packages/airflow/example_dags/example_dag_decorator.py
[2021-05-31 09:18:12,867] {logging_mixin.py:104} INFO - [2021-05-31 09:18:12,867] {dag.py:1824} INFO - Sync 1 DAGs
[2021-05-31 09:18:12,893] {logging_mixin.py:104} INFO - [2021-05-31 09:18:12,893] {dag.py:2280} INFO - Setting next_dagrun for example_dag_decorator to None
[2021-05-31 09:18:12,936] {scheduler_job.py:190} INFO - Processing /home/airflow/.local/lib/python3.6/site-packages/airflow/example_dags/example_dag_decorator.py took 0.156 seconds
[2021-05-31 09:18:43,317] {scheduler_job.py:182} INFO - Started process (PID=7238) to work on /home/airflow/.local/lib/python3.6/site-packages/airflow/example_dags/example_dag_decorator.py
[2021-05-31 09:18:43,320] {scheduler_job.py:629} INFO - Processing file /home/airflow/.local/lib/python3.6/site-packages/airflow/example_dags/example_dag_decorator.py for tasks to queue
[2021-05-31 09:18:43,321] {logging_mixin.py:104} INFO - [2021-05-31 09:18:43,321] {dagbag.py:451} INFO - Filling up the DagBag from /home/airflow/.local/lib/python3.6/site-packages/airflow/example_dags/example_dag_decorator.py
[2021-05-31 09:18:43,343] {scheduler_job.py:639} INFO - DAG(s) dict_keys(['example_dag_decorator']) retrieved from /home/airflow/.local/lib/python3.6/site-packages/airflow/example_dags/example_dag_decorator.py
[2021-05-31 09:18:43,383] {logging_mixin.py:104} INFO - [2021-05-31 09:18:43,383] {dag.py:1824} INFO - Sync 1 DAGs
[2021-05-31 09:18:43,406] {logging_mixin.py:104} INFO - [2021-05-31 09:18:43,406] {dag.py:2280} INFO - Setting next_dagrun for example_dag_decorator to None
[2021-05-31 09:18:43,463] {scheduler_job.py:190} INFO - Processing /home/airflow/.local/lib/python3.6/site-packages/airflow/example_dags/example_dag_decorator.py took 0.149 seconds
[2021-05-31 09:19:14,198] {scheduler_job.py:182} INFO - Started process (PID=7266) to work on /home/airflow/.local/lib/python3.6/site-packages/airflow/example_dags/example_dag_decorator.py
[2021-05-31 09:19:14,200] {scheduler_job.py:629} INFO - Processing file /home/airflow/.local/lib/python3.6/site-packages/airflow/example_dags/example_dag_decorator.py for tasks to queue
[2021-05-31 09:19:14,201] {logging_mixin.py:104} INFO - [2021-05-31 09:19:14,201] {dagbag.py:451} INFO - Filling up the DagBag from /home/airflow/.local/lib/python3.6/site-packages/airflow/example_dags/example_dag_decorator.py
[2021-05-31 09:19:14,234] {scheduler_job.py:639} INFO - DAG(s) dict_keys(['example_dag_decorator']) retrieved from /home/airflow/.local/lib/python3.6/site-packages/airflow/example_dags/example_dag_decorator.py
[2021-05-31 09:19:14,276] {logging_mixin.py:104} INFO - [2021-05-31 09:19:14,275] {dag.py:1824} INFO - Sync 1 DAGs
[2021-05-31 09:19:14,316] {logging_mixin.py:104} INFO - [2021-05-31 09:19:14,315] {dag.py:2280} INFO - Setting next_dagrun for example_dag_decorator to None
[2021-05-31 09:19:14,339] {scheduler_job.py:190} INFO - Processing /home/airflow/.local/lib/python3.6/site-packages/airflow/example_dags/example_dag_decorator.py took 0.145 seconds
[2021-05-31 09:19:44,623] {scheduler_job.py:182} INFO - Started process (PID=7294) to work on /home/airflow/.local/lib/python3.6/site-packages/airflow/example_dags/example_dag_decorator.py
[2021-05-31 09:19:44,625] {scheduler_job.py:629} INFO - Processing file /home/airflow/.local/lib/python3.6/site-packages/airflow/example_dags/example_dag_decorator.py for tasks to queue
[2021-05-31 09:19:44,627] {logging_mixin.py:104} INFO - [2021-05-31 09:19:44,626] {dagbag.py:451} INFO - Filling up the DagBag from /home/airflow/.local/lib/python3.6/site-packages/airflow/example_dags/example_dag_decorator.py
[2021-05-31 09:19:44,653] {scheduler_job.py:639} INFO - DAG(s) dict_keys(['example_dag_decorator']) retrieved from /home/airflow/.local/lib/python3.6/site-packages/airflow/example_dags/example_dag_decorator.py
[2021-05-31 09:19:44,694] {logging_mixin.py:104} INFO - [2021-05-31 09:19:44,694] {dag.py:1824} INFO - Sync 1 DAGs
[2021-05-31 09:19:44,720] {logging_mixin.py:104} INFO - [2021-05-31 09:19:44,720] {dag.py:2280} INFO - Setting next_dagrun for example_dag_decorator to None
[2021-05-31 09:19:44,777] {scheduler_job.py:190} INFO - Processing /home/airflow/.local/lib/python3.6/site-packages/airflow/example_dags/example_dag_decorator.py took 0.158 seconds
[2021-05-31 09:20:15,432] {scheduler_job.py:182} INFO - Started process (PID=7322) to work on /home/airflow/.local/lib/python3.6/site-packages/airflow/example_dags/example_dag_decorator.py
[2021-05-31 09:20:15,436] {scheduler_job.py:629} INFO - Processing file /home/airflow/.local/lib/python3.6/site-packages/airflow/example_dags/example_dag_decorator.py for tasks to queue
[2021-05-31 09:20:15,437] {logging_mixin.py:104} INFO - [2021-05-31 09:20:15,437] {dagbag.py:451} INFO - Filling up the DagBag from /home/airflow/.local/lib/python3.6/site-packages/airflow/example_dags/example_dag_decorator.py
[2021-05-31 09:20:15,458] {scheduler_job.py:639} INFO - DAG(s) dict_keys(['example_dag_decorator']) retrieved from /home/airflow/.local/lib/python3.6/site-packages/airflow/example_dags/example_dag_decorator.py
[2021-05-31 09:20:15,500] {logging_mixin.py:104} INFO - [2021-05-31 09:20:15,500] {dag.py:1824} INFO - Sync 1 DAGs
[2021-05-31 09:20:15,536] {logging_mixin.py:104} INFO - [2021-05-31 09:20:15,536] {dag.py:2280} INFO - Setting next_dagrun for example_dag_decorator to None
[2021-05-31 09:20:15,599] {scheduler_job.py:190} INFO - Processing /home/airflow/.local/lib/python3.6/site-packages/airflow/example_dags/example_dag_decorator.py took 0.170 seconds
[2021-05-31 09:20:45,674] {scheduler_job.py:182} INFO - Started process (PID=7350) to work on /home/airflow/.local/lib/python3.6/site-packages/airflow/example_dags/example_dag_decorator.py
[2021-05-31 09:20:45,677] {scheduler_job.py:629} INFO - Processing file /home/airflow/.local/lib/python3.6/site-packages/airflow/example_dags/example_dag_decorator.py for tasks to queue
[2021-05-31 09:20:45,679] {logging_mixin.py:104} INFO - [2021-05-31 09:20:45,678] {dagbag.py:451} INFO - Filling up the DagBag from /home/airflow/.local/lib/python3.6/site-packages/airflow/example_dags/example_dag_decorator.py
[2021-05-31 09:20:45,721] {scheduler_job.py:639} INFO - DAG(s) dict_keys(['example_dag_decorator']) retrieved from /home/airflow/.local/lib/python3.6/site-packages/airflow/example_dags/example_dag_decorator.py
[2021-05-31 09:20:45,767] {logging_mixin.py:104} INFO - [2021-05-31 09:20:45,766] {dag.py:1824} INFO - Sync 1 DAGs
[2021-05-31 09:20:45,804] {logging_mixin.py:104} INFO - [2021-05-31 09:20:45,803] {dag.py:2280} INFO - Setting next_dagrun for example_dag_decorator to None
[2021-05-31 09:20:45,832] {scheduler_job.py:190} INFO - Processing /home/airflow/.local/lib/python3.6/site-packages/airflow/example_dags/example_dag_decorator.py took 0.165 seconds
[2021-05-31 09:21:15,916] {scheduler_job.py:182} INFO - Started process (PID=7378) to work on /home/airflow/.local/lib/python3.6/site-packages/airflow/example_dags/example_dag_decorator.py
[2021-05-31 09:21:15,920] {scheduler_job.py:629} INFO - Processing file /home/airflow/.local/lib/python3.6/site-packages/airflow/example_dags/example_dag_decorator.py for tasks to queue
[2021-05-31 09:21:15,924] {logging_mixin.py:104} INFO - [2021-05-31 09:21:15,923] {dagbag.py:451} INFO - Filling up the DagBag from /home/airflow/.local/lib/python3.6/site-packages/airflow/example_dags/example_dag_decorator.py
[2021-05-31 09:21:15,962] {scheduler_job.py:639} INFO - DAG(s) dict_keys(['example_dag_decorator']) retrieved from /home/airflow/.local/lib/python3.6/site-packages/airflow/example_dags/example_dag_decorator.py
[2021-05-31 09:21:16,002] {logging_mixin.py:104} INFO - [2021-05-31 09:21:16,002] {dag.py:1824} INFO - Sync 1 DAGs
[2021-05-31 09:21:16,029] {logging_mixin.py:104} INFO - [2021-05-31 09:21:16,029] {dag.py:2280} INFO - Setting next_dagrun for example_dag_decorator to None
[2021-05-31 09:21:16,083] {scheduler_job.py:190} INFO - Processing /home/airflow/.local/lib/python3.6/site-packages/airflow/example_dags/example_dag_decorator.py took 0.173 seconds
[2021-05-31 09:21:46,681] {scheduler_job.py:182} INFO - Started process (PID=7406) to work on /home/airflow/.local/lib/python3.6/site-packages/airflow/example_dags/example_dag_decorator.py
[2021-05-31 09:21:46,683] {scheduler_job.py:629} INFO - Processing file /home/airflow/.local/lib/python3.6/site-packages/airflow/example_dags/example_dag_decorator.py for tasks to queue
[2021-05-31 09:21:46,685] {logging_mixin.py:104} INFO - [2021-05-31 09:21:46,685] {dagbag.py:451} INFO - Filling up the DagBag from /home/airflow/.local/lib/python3.6/site-packages/airflow/example_dags/example_dag_decorator.py
[2021-05-31 09:21:46,717] {scheduler_job.py:639} INFO - DAG(s) dict_keys(['example_dag_decorator']) retrieved from /home/airflow/.local/lib/python3.6/site-packages/airflow/example_dags/example_dag_decorator.py
[2021-05-31 09:21:46,781] {logging_mixin.py:104} INFO - [2021-05-31 09:21:46,781] {dag.py:1824} INFO - Sync 1 DAGs
[2021-05-31 09:21:46,821] {logging_mixin.py:104} INFO - [2021-05-31 09:21:46,821] {dag.py:2280} INFO - Setting next_dagrun for example_dag_decorator to None
[2021-05-31 09:21:46,900] {scheduler_job.py:190} INFO - Processing /home/airflow/.local/lib/python3.6/site-packages/airflow/example_dags/example_dag_decorator.py took 0.231 seconds
[2021-05-31 09:22:17,680] {scheduler_job.py:182} INFO - Started process (PID=7434) to work on /home/airflow/.local/lib/python3.6/site-packages/airflow/example_dags/example_dag_decorator.py
[2021-05-31 09:22:17,682] {scheduler_job.py:629} INFO - Processing file /home/airflow/.local/lib/python3.6/site-packages/airflow/example_dags/example_dag_decorator.py for tasks to queue
[2021-05-31 09:22:17,683] {logging_mixin.py:104} INFO - [2021-05-31 09:22:17,683] {dagbag.py:451} INFO - Filling up the DagBag from /home/airflow/.local/lib/python3.6/site-packages/airflow/example_dags/example_dag_decorator.py
[2021-05-31 09:22:17,716] {scheduler_job.py:639} INFO - DAG(s) dict_keys(['example_dag_decorator']) retrieved from /home/airflow/.local/lib/python3.6/site-packages/airflow/example_dags/example_dag_decorator.py
[2021-05-31 09:22:17,764] {logging_mixin.py:104} INFO - [2021-05-31 09:22:17,763] {dag.py:1824} INFO - Sync 1 DAGs
[2021-05-31 09:22:17,794] {logging_mixin.py:104} INFO - [2021-05-31 09:22:17,794] {dag.py:2280} INFO - Setting next_dagrun for example_dag_decorator to None
[2021-05-31 09:22:17,842] {scheduler_job.py:190} INFO - Processing /home/airflow/.local/lib/python3.6/site-packages/airflow/example_dags/example_dag_decorator.py took 0.171 seconds
[2021-05-31 09:22:47,982] {scheduler_job.py:182} INFO - Started process (PID=7462) to work on /home/airflow/.local/lib/python3.6/site-packages/airflow/example_dags/example_dag_decorator.py
[2021-05-31 09:22:47,986] {scheduler_job.py:629} INFO - Processing file /home/airflow/.local/lib/python3.6/site-packages/airflow/example_dags/example_dag_decorator.py for tasks to queue
[2021-05-31 09:22:47,988] {logging_mixin.py:104} INFO - [2021-05-31 09:22:47,987] {dagbag.py:451} INFO - Filling up the DagBag from /home/airflow/.local/lib/python3.6/site-packages/airflow/example_dags/example_dag_decorator.py
[2021-05-31 09:22:48,031] {scheduler_job.py:639} INFO - DAG(s) dict_keys(['example_dag_decorator']) retrieved from /home/airflow/.local/lib/python3.6/site-packages/airflow/example_dags/example_dag_decorator.py
[2021-05-31 09:22:48,101] {logging_mixin.py:104} INFO - [2021-05-31 09:22:48,100] {dag.py:1824} INFO - Sync 1 DAGs
[2021-05-31 09:22:48,141] {logging_mixin.py:104} INFO - [2021-05-31 09:22:48,141] {dag.py:2280} INFO - Setting next_dagrun for example_dag_decorator to None
[2021-05-31 09:22:48,181] {scheduler_job.py:190} INFO - Processing /home/airflow/.local/lib/python3.6/site-packages/airflow/example_dags/example_dag_decorator.py took 0.208 seconds
[2021-05-31 09:23:18,549] {scheduler_job.py:182} INFO - Started process (PID=7490) to work on /home/airflow/.local/lib/python3.6/site-packages/airflow/example_dags/example_dag_decorator.py
[2021-05-31 09:23:18,551] {scheduler_job.py:629} INFO - Processing file /home/airflow/.local/lib/python3.6/site-packages/airflow/example_dags/example_dag_decorator.py for tasks to queue
[2021-05-31 09:23:18,553] {logging_mixin.py:104} INFO - [2021-05-31 09:23:18,552] {dagbag.py:451} INFO - Filling up the DagBag from /home/airflow/.local/lib/python3.6/site-packages/airflow/example_dags/example_dag_decorator.py
[2021-05-31 09:23:18,577] {scheduler_job.py:639} INFO - DAG(s) dict_keys(['example_dag_decorator']) retrieved from /home/airflow/.local/lib/python3.6/site-packages/airflow/example_dags/example_dag_decorator.py
[2021-05-31 09:23:18,615] {logging_mixin.py:104} INFO - [2021-05-31 09:23:18,615] {dag.py:1824} INFO - Sync 1 DAGs
[2021-05-31 09:23:18,640] {logging_mixin.py:104} INFO - [2021-05-31 09:23:18,640] {dag.py:2280} INFO - Setting next_dagrun for example_dag_decorator to None
[2021-05-31 09:23:18,691] {scheduler_job.py:190} INFO - Processing /home/airflow/.local/lib/python3.6/site-packages/airflow/example_dags/example_dag_decorator.py took 0.147 seconds
[2021-05-31 09:23:49,094] {scheduler_job.py:182} INFO - Started process (PID=7518) to work on /home/airflow/.local/lib/python3.6/site-packages/airflow/example_dags/example_dag_decorator.py
[2021-05-31 09:23:49,102] {scheduler_job.py:629} INFO - Processing file /home/airflow/.local/lib/python3.6/site-packages/airflow/example_dags/example_dag_decorator.py for tasks to queue
[2021-05-31 09:23:49,104] {logging_mixin.py:104} INFO - [2021-05-31 09:23:49,103] {dagbag.py:451} INFO - Filling up the DagBag from /home/airflow/.local/lib/python3.6/site-packages/airflow/example_dags/example_dag_decorator.py
[2021-05-31 09:23:49,141] {scheduler_job.py:639} INFO - DAG(s) dict_keys(['example_dag_decorator']) retrieved from /home/airflow/.local/lib/python3.6/site-packages/airflow/example_dags/example_dag_decorator.py
[2021-05-31 09:23:49,218] {logging_mixin.py:104} INFO - [2021-05-31 09:23:49,218] {dag.py:1824} INFO - Sync 1 DAGs
[2021-05-31 09:23:49,264] {logging_mixin.py:104} INFO - [2021-05-31 09:23:49,264] {dag.py:2280} INFO - Setting next_dagrun for example_dag_decorator to None
[2021-05-31 09:23:49,322] {scheduler_job.py:190} INFO - Processing /home/airflow/.local/lib/python3.6/site-packages/airflow/example_dags/example_dag_decorator.py took 0.232 seconds
