[2021-05-31 09:06:55,158] {scheduler_job.py:182} INFO - Started process (PID=6588) to work on /home/airflow/.local/lib/python3.6/site-packages/airflow/example_dags/tutorial_taskflow_api_etl.py
[2021-05-31 09:06:55,161] {scheduler_job.py:629} INFO - Processing file /home/airflow/.local/lib/python3.6/site-packages/airflow/example_dags/tutorial_taskflow_api_etl.py for tasks to queue
[2021-05-31 09:06:55,168] {logging_mixin.py:104} INFO - [2021-05-31 09:06:55,168] {dagbag.py:451} INFO - Filling up the DagBag from /home/airflow/.local/lib/python3.6/site-packages/airflow/example_dags/tutorial_taskflow_api_etl.py
[2021-05-31 09:06:55,202] {scheduler_job.py:639} INFO - DAG(s) dict_keys(['tutorial_taskflow_api_etl']) retrieved from /home/airflow/.local/lib/python3.6/site-packages/airflow/example_dags/tutorial_taskflow_api_etl.py
[2021-05-31 09:06:55,260] {logging_mixin.py:104} INFO - [2021-05-31 09:06:55,260] {dag.py:1824} INFO - Sync 1 DAGs
[2021-05-31 09:06:55,300] {logging_mixin.py:104} INFO - [2021-05-31 09:06:55,300] {dag.py:2280} INFO - Setting next_dagrun for tutorial_taskflow_api_etl to None
[2021-05-31 09:06:55,323] {scheduler_job.py:190} INFO - Processing /home/airflow/.local/lib/python3.6/site-packages/airflow/example_dags/tutorial_taskflow_api_etl.py took 0.171 seconds
[2021-05-31 09:07:25,475] {scheduler_job.py:182} INFO - Started process (PID=6615) to work on /home/airflow/.local/lib/python3.6/site-packages/airflow/example_dags/tutorial_taskflow_api_etl.py
[2021-05-31 09:07:25,477] {scheduler_job.py:629} INFO - Processing file /home/airflow/.local/lib/python3.6/site-packages/airflow/example_dags/tutorial_taskflow_api_etl.py for tasks to queue
[2021-05-31 09:07:25,479] {logging_mixin.py:104} INFO - [2021-05-31 09:07:25,479] {dagbag.py:451} INFO - Filling up the DagBag from /home/airflow/.local/lib/python3.6/site-packages/airflow/example_dags/tutorial_taskflow_api_etl.py
[2021-05-31 09:07:25,501] {scheduler_job.py:639} INFO - DAG(s) dict_keys(['tutorial_taskflow_api_etl']) retrieved from /home/airflow/.local/lib/python3.6/site-packages/airflow/example_dags/tutorial_taskflow_api_etl.py
[2021-05-31 09:07:25,532] {logging_mixin.py:104} INFO - [2021-05-31 09:07:25,532] {dag.py:1824} INFO - Sync 1 DAGs
[2021-05-31 09:07:25,565] {logging_mixin.py:104} INFO - [2021-05-31 09:07:25,564] {dag.py:2280} INFO - Setting next_dagrun for tutorial_taskflow_api_etl to None
[2021-05-31 09:07:25,589] {scheduler_job.py:190} INFO - Processing /home/airflow/.local/lib/python3.6/site-packages/airflow/example_dags/tutorial_taskflow_api_etl.py took 0.117 seconds
[2021-05-31 09:07:56,322] {scheduler_job.py:182} INFO - Started process (PID=6642) to work on /home/airflow/.local/lib/python3.6/site-packages/airflow/example_dags/tutorial_taskflow_api_etl.py
[2021-05-31 09:07:56,324] {scheduler_job.py:629} INFO - Processing file /home/airflow/.local/lib/python3.6/site-packages/airflow/example_dags/tutorial_taskflow_api_etl.py for tasks to queue
[2021-05-31 09:07:56,326] {logging_mixin.py:104} INFO - [2021-05-31 09:07:56,325] {dagbag.py:451} INFO - Filling up the DagBag from /home/airflow/.local/lib/python3.6/site-packages/airflow/example_dags/tutorial_taskflow_api_etl.py
[2021-05-31 09:07:56,352] {scheduler_job.py:639} INFO - DAG(s) dict_keys(['tutorial_taskflow_api_etl']) retrieved from /home/airflow/.local/lib/python3.6/site-packages/airflow/example_dags/tutorial_taskflow_api_etl.py
[2021-05-31 09:07:56,399] {logging_mixin.py:104} INFO - [2021-05-31 09:07:56,398] {dag.py:1824} INFO - Sync 1 DAGs
[2021-05-31 09:07:56,450] {logging_mixin.py:104} INFO - [2021-05-31 09:07:56,449] {dag.py:2280} INFO - Setting next_dagrun for tutorial_taskflow_api_etl to None
[2021-05-31 09:07:56,485] {scheduler_job.py:190} INFO - Processing /home/airflow/.local/lib/python3.6/site-packages/airflow/example_dags/tutorial_taskflow_api_etl.py took 0.169 seconds
[2021-05-31 09:08:26,717] {scheduler_job.py:182} INFO - Started process (PID=6670) to work on /home/airflow/.local/lib/python3.6/site-packages/airflow/example_dags/tutorial_taskflow_api_etl.py
[2021-05-31 09:08:26,719] {scheduler_job.py:629} INFO - Processing file /home/airflow/.local/lib/python3.6/site-packages/airflow/example_dags/tutorial_taskflow_api_etl.py for tasks to queue
[2021-05-31 09:08:26,721] {logging_mixin.py:104} INFO - [2021-05-31 09:08:26,721] {dagbag.py:451} INFO - Filling up the DagBag from /home/airflow/.local/lib/python3.6/site-packages/airflow/example_dags/tutorial_taskflow_api_etl.py
[2021-05-31 09:08:26,751] {scheduler_job.py:639} INFO - DAG(s) dict_keys(['tutorial_taskflow_api_etl']) retrieved from /home/airflow/.local/lib/python3.6/site-packages/airflow/example_dags/tutorial_taskflow_api_etl.py
[2021-05-31 09:08:26,792] {logging_mixin.py:104} INFO - [2021-05-31 09:08:26,791] {dag.py:1824} INFO - Sync 1 DAGs
[2021-05-31 09:08:26,818] {logging_mixin.py:104} INFO - [2021-05-31 09:08:26,818] {dag.py:2280} INFO - Setting next_dagrun for tutorial_taskflow_api_etl to None
[2021-05-31 09:08:26,839] {scheduler_job.py:190} INFO - Processing /home/airflow/.local/lib/python3.6/site-packages/airflow/example_dags/tutorial_taskflow_api_etl.py took 0.127 seconds
[2021-05-31 09:08:57,367] {scheduler_job.py:182} INFO - Started process (PID=6698) to work on /home/airflow/.local/lib/python3.6/site-packages/airflow/example_dags/tutorial_taskflow_api_etl.py
[2021-05-31 09:08:57,372] {scheduler_job.py:629} INFO - Processing file /home/airflow/.local/lib/python3.6/site-packages/airflow/example_dags/tutorial_taskflow_api_etl.py for tasks to queue
[2021-05-31 09:08:57,374] {logging_mixin.py:104} INFO - [2021-05-31 09:08:57,373] {dagbag.py:451} INFO - Filling up the DagBag from /home/airflow/.local/lib/python3.6/site-packages/airflow/example_dags/tutorial_taskflow_api_etl.py
[2021-05-31 09:08:57,408] {scheduler_job.py:639} INFO - DAG(s) dict_keys(['tutorial_taskflow_api_etl']) retrieved from /home/airflow/.local/lib/python3.6/site-packages/airflow/example_dags/tutorial_taskflow_api_etl.py
[2021-05-31 09:08:57,485] {logging_mixin.py:104} INFO - [2021-05-31 09:08:57,485] {dag.py:1824} INFO - Sync 1 DAGs
[2021-05-31 09:08:57,526] {logging_mixin.py:104} INFO - [2021-05-31 09:08:57,524] {dag.py:2280} INFO - Setting next_dagrun for tutorial_taskflow_api_etl to None
[2021-05-31 09:08:57,570] {scheduler_job.py:190} INFO - Processing /home/airflow/.local/lib/python3.6/site-packages/airflow/example_dags/tutorial_taskflow_api_etl.py took 0.211 seconds
[2021-05-31 09:09:28,095] {scheduler_job.py:182} INFO - Started process (PID=6726) to work on /home/airflow/.local/lib/python3.6/site-packages/airflow/example_dags/tutorial_taskflow_api_etl.py
[2021-05-31 09:09:28,100] {scheduler_job.py:629} INFO - Processing file /home/airflow/.local/lib/python3.6/site-packages/airflow/example_dags/tutorial_taskflow_api_etl.py for tasks to queue
[2021-05-31 09:09:28,104] {logging_mixin.py:104} INFO - [2021-05-31 09:09:28,104] {dagbag.py:451} INFO - Filling up the DagBag from /home/airflow/.local/lib/python3.6/site-packages/airflow/example_dags/tutorial_taskflow_api_etl.py
[2021-05-31 09:09:28,157] {scheduler_job.py:639} INFO - DAG(s) dict_keys(['tutorial_taskflow_api_etl']) retrieved from /home/airflow/.local/lib/python3.6/site-packages/airflow/example_dags/tutorial_taskflow_api_etl.py
[2021-05-31 09:09:28,268] {logging_mixin.py:104} INFO - [2021-05-31 09:09:28,268] {dag.py:1824} INFO - Sync 1 DAGs
[2021-05-31 09:09:28,316] {logging_mixin.py:104} INFO - [2021-05-31 09:09:28,315] {dag.py:2280} INFO - Setting next_dagrun for tutorial_taskflow_api_etl to None
[2021-05-31 09:09:28,343] {scheduler_job.py:190} INFO - Processing /home/airflow/.local/lib/python3.6/site-packages/airflow/example_dags/tutorial_taskflow_api_etl.py took 0.254 seconds
[2021-05-31 09:09:58,647] {scheduler_job.py:182} INFO - Started process (PID=6754) to work on /home/airflow/.local/lib/python3.6/site-packages/airflow/example_dags/tutorial_taskflow_api_etl.py
[2021-05-31 09:09:58,650] {scheduler_job.py:629} INFO - Processing file /home/airflow/.local/lib/python3.6/site-packages/airflow/example_dags/tutorial_taskflow_api_etl.py for tasks to queue
[2021-05-31 09:09:58,652] {logging_mixin.py:104} INFO - [2021-05-31 09:09:58,652] {dagbag.py:451} INFO - Filling up the DagBag from /home/airflow/.local/lib/python3.6/site-packages/airflow/example_dags/tutorial_taskflow_api_etl.py
[2021-05-31 09:09:58,684] {scheduler_job.py:639} INFO - DAG(s) dict_keys(['tutorial_taskflow_api_etl']) retrieved from /home/airflow/.local/lib/python3.6/site-packages/airflow/example_dags/tutorial_taskflow_api_etl.py
[2021-05-31 09:09:58,738] {logging_mixin.py:104} INFO - [2021-05-31 09:09:58,738] {dag.py:1824} INFO - Sync 1 DAGs
[2021-05-31 09:09:58,776] {logging_mixin.py:104} INFO - [2021-05-31 09:09:58,775] {dag.py:2280} INFO - Setting next_dagrun for tutorial_taskflow_api_etl to None
[2021-05-31 09:09:58,814] {scheduler_job.py:190} INFO - Processing /home/airflow/.local/lib/python3.6/site-packages/airflow/example_dags/tutorial_taskflow_api_etl.py took 0.181 seconds
[2021-05-31 09:10:29,068] {scheduler_job.py:182} INFO - Started process (PID=6782) to work on /home/airflow/.local/lib/python3.6/site-packages/airflow/example_dags/tutorial_taskflow_api_etl.py
[2021-05-31 09:10:29,072] {scheduler_job.py:629} INFO - Processing file /home/airflow/.local/lib/python3.6/site-packages/airflow/example_dags/tutorial_taskflow_api_etl.py for tasks to queue
[2021-05-31 09:10:29,074] {logging_mixin.py:104} INFO - [2021-05-31 09:10:29,074] {dagbag.py:451} INFO - Filling up the DagBag from /home/airflow/.local/lib/python3.6/site-packages/airflow/example_dags/tutorial_taskflow_api_etl.py
[2021-05-31 09:10:29,094] {scheduler_job.py:639} INFO - DAG(s) dict_keys(['tutorial_taskflow_api_etl']) retrieved from /home/airflow/.local/lib/python3.6/site-packages/airflow/example_dags/tutorial_taskflow_api_etl.py
[2021-05-31 09:10:29,139] {logging_mixin.py:104} INFO - [2021-05-31 09:10:29,139] {dag.py:1824} INFO - Sync 1 DAGs
[2021-05-31 09:10:29,165] {logging_mixin.py:104} INFO - [2021-05-31 09:10:29,164] {dag.py:2280} INFO - Setting next_dagrun for tutorial_taskflow_api_etl to None
[2021-05-31 09:10:29,191] {scheduler_job.py:190} INFO - Processing /home/airflow/.local/lib/python3.6/site-packages/airflow/example_dags/tutorial_taskflow_api_etl.py took 0.128 seconds
[2021-05-31 09:10:59,292] {scheduler_job.py:182} INFO - Started process (PID=6810) to work on /home/airflow/.local/lib/python3.6/site-packages/airflow/example_dags/tutorial_taskflow_api_etl.py
[2021-05-31 09:10:59,294] {scheduler_job.py:629} INFO - Processing file /home/airflow/.local/lib/python3.6/site-packages/airflow/example_dags/tutorial_taskflow_api_etl.py for tasks to queue
[2021-05-31 09:10:59,296] {logging_mixin.py:104} INFO - [2021-05-31 09:10:59,296] {dagbag.py:451} INFO - Filling up the DagBag from /home/airflow/.local/lib/python3.6/site-packages/airflow/example_dags/tutorial_taskflow_api_etl.py
[2021-05-31 09:10:59,325] {scheduler_job.py:639} INFO - DAG(s) dict_keys(['tutorial_taskflow_api_etl']) retrieved from /home/airflow/.local/lib/python3.6/site-packages/airflow/example_dags/tutorial_taskflow_api_etl.py
[2021-05-31 09:10:59,387] {logging_mixin.py:104} INFO - [2021-05-31 09:10:59,386] {dag.py:1824} INFO - Sync 1 DAGs
[2021-05-31 09:10:59,417] {logging_mixin.py:104} INFO - [2021-05-31 09:10:59,417] {dag.py:2280} INFO - Setting next_dagrun for tutorial_taskflow_api_etl to None
[2021-05-31 09:10:59,449] {scheduler_job.py:190} INFO - Processing /home/airflow/.local/lib/python3.6/site-packages/airflow/example_dags/tutorial_taskflow_api_etl.py took 0.162 seconds
[2021-05-31 09:11:29,546] {scheduler_job.py:182} INFO - Started process (PID=6838) to work on /home/airflow/.local/lib/python3.6/site-packages/airflow/example_dags/tutorial_taskflow_api_etl.py
[2021-05-31 09:11:29,548] {scheduler_job.py:629} INFO - Processing file /home/airflow/.local/lib/python3.6/site-packages/airflow/example_dags/tutorial_taskflow_api_etl.py for tasks to queue
[2021-05-31 09:11:29,550] {logging_mixin.py:104} INFO - [2021-05-31 09:11:29,550] {dagbag.py:451} INFO - Filling up the DagBag from /home/airflow/.local/lib/python3.6/site-packages/airflow/example_dags/tutorial_taskflow_api_etl.py
[2021-05-31 09:11:29,571] {scheduler_job.py:639} INFO - DAG(s) dict_keys(['tutorial_taskflow_api_etl']) retrieved from /home/airflow/.local/lib/python3.6/site-packages/airflow/example_dags/tutorial_taskflow_api_etl.py
[2021-05-31 09:11:29,611] {logging_mixin.py:104} INFO - [2021-05-31 09:11:29,611] {dag.py:1824} INFO - Sync 1 DAGs
[2021-05-31 09:11:29,638] {logging_mixin.py:104} INFO - [2021-05-31 09:11:29,638] {dag.py:2280} INFO - Setting next_dagrun for tutorial_taskflow_api_etl to None
[2021-05-31 09:11:29,670] {scheduler_job.py:190} INFO - Processing /home/airflow/.local/lib/python3.6/site-packages/airflow/example_dags/tutorial_taskflow_api_etl.py took 0.128 seconds
[2021-05-31 09:12:00,318] {scheduler_job.py:182} INFO - Started process (PID=6866) to work on /home/airflow/.local/lib/python3.6/site-packages/airflow/example_dags/tutorial_taskflow_api_etl.py
[2021-05-31 09:12:00,320] {scheduler_job.py:629} INFO - Processing file /home/airflow/.local/lib/python3.6/site-packages/airflow/example_dags/tutorial_taskflow_api_etl.py for tasks to queue
[2021-05-31 09:12:00,322] {logging_mixin.py:104} INFO - [2021-05-31 09:12:00,322] {dagbag.py:451} INFO - Filling up the DagBag from /home/airflow/.local/lib/python3.6/site-packages/airflow/example_dags/tutorial_taskflow_api_etl.py
[2021-05-31 09:12:00,345] {scheduler_job.py:639} INFO - DAG(s) dict_keys(['tutorial_taskflow_api_etl']) retrieved from /home/airflow/.local/lib/python3.6/site-packages/airflow/example_dags/tutorial_taskflow_api_etl.py
[2021-05-31 09:12:00,386] {logging_mixin.py:104} INFO - [2021-05-31 09:12:00,386] {dag.py:1824} INFO - Sync 1 DAGs
[2021-05-31 09:12:00,406] {logging_mixin.py:104} INFO - [2021-05-31 09:12:00,406] {dag.py:2280} INFO - Setting next_dagrun for tutorial_taskflow_api_etl to None
[2021-05-31 09:12:00,441] {scheduler_job.py:190} INFO - Processing /home/airflow/.local/lib/python3.6/site-packages/airflow/example_dags/tutorial_taskflow_api_etl.py took 0.126 seconds
[2021-05-31 09:12:31,107] {scheduler_job.py:182} INFO - Started process (PID=6894) to work on /home/airflow/.local/lib/python3.6/site-packages/airflow/example_dags/tutorial_taskflow_api_etl.py
[2021-05-31 09:12:31,109] {scheduler_job.py:629} INFO - Processing file /home/airflow/.local/lib/python3.6/site-packages/airflow/example_dags/tutorial_taskflow_api_etl.py for tasks to queue
[2021-05-31 09:12:31,110] {logging_mixin.py:104} INFO - [2021-05-31 09:12:31,110] {dagbag.py:451} INFO - Filling up the DagBag from /home/airflow/.local/lib/python3.6/site-packages/airflow/example_dags/tutorial_taskflow_api_etl.py
[2021-05-31 09:12:31,138] {scheduler_job.py:639} INFO - DAG(s) dict_keys(['tutorial_taskflow_api_etl']) retrieved from /home/airflow/.local/lib/python3.6/site-packages/airflow/example_dags/tutorial_taskflow_api_etl.py
[2021-05-31 09:12:31,210] {logging_mixin.py:104} INFO - [2021-05-31 09:12:31,210] {dag.py:1824} INFO - Sync 1 DAGs
[2021-05-31 09:12:31,242] {logging_mixin.py:104} INFO - [2021-05-31 09:12:31,242] {dag.py:2280} INFO - Setting next_dagrun for tutorial_taskflow_api_etl to None
[2021-05-31 09:12:31,264] {scheduler_job.py:190} INFO - Processing /home/airflow/.local/lib/python3.6/site-packages/airflow/example_dags/tutorial_taskflow_api_etl.py took 0.160 seconds
[2021-05-31 09:13:01,984] {scheduler_job.py:182} INFO - Started process (PID=6922) to work on /home/airflow/.local/lib/python3.6/site-packages/airflow/example_dags/tutorial_taskflow_api_etl.py
[2021-05-31 09:13:01,987] {scheduler_job.py:629} INFO - Processing file /home/airflow/.local/lib/python3.6/site-packages/airflow/example_dags/tutorial_taskflow_api_etl.py for tasks to queue
[2021-05-31 09:13:01,989] {logging_mixin.py:104} INFO - [2021-05-31 09:13:01,989] {dagbag.py:451} INFO - Filling up the DagBag from /home/airflow/.local/lib/python3.6/site-packages/airflow/example_dags/tutorial_taskflow_api_etl.py
[2021-05-31 09:13:02,007] {scheduler_job.py:639} INFO - DAG(s) dict_keys(['tutorial_taskflow_api_etl']) retrieved from /home/airflow/.local/lib/python3.6/site-packages/airflow/example_dags/tutorial_taskflow_api_etl.py
[2021-05-31 09:13:02,063] {logging_mixin.py:104} INFO - [2021-05-31 09:13:02,063] {dag.py:1824} INFO - Sync 1 DAGs
[2021-05-31 09:13:02,089] {logging_mixin.py:104} INFO - [2021-05-31 09:13:02,089] {dag.py:2280} INFO - Setting next_dagrun for tutorial_taskflow_api_etl to None
[2021-05-31 09:13:02,121] {scheduler_job.py:190} INFO - Processing /home/airflow/.local/lib/python3.6/site-packages/airflow/example_dags/tutorial_taskflow_api_etl.py took 0.147 seconds
[2021-05-31 09:13:32,242] {scheduler_job.py:182} INFO - Started process (PID=6950) to work on /home/airflow/.local/lib/python3.6/site-packages/airflow/example_dags/tutorial_taskflow_api_etl.py
[2021-05-31 09:13:32,243] {scheduler_job.py:629} INFO - Processing file /home/airflow/.local/lib/python3.6/site-packages/airflow/example_dags/tutorial_taskflow_api_etl.py for tasks to queue
[2021-05-31 09:13:32,244] {logging_mixin.py:104} INFO - [2021-05-31 09:13:32,244] {dagbag.py:451} INFO - Filling up the DagBag from /home/airflow/.local/lib/python3.6/site-packages/airflow/example_dags/tutorial_taskflow_api_etl.py
[2021-05-31 09:13:32,257] {scheduler_job.py:639} INFO - DAG(s) dict_keys(['tutorial_taskflow_api_etl']) retrieved from /home/airflow/.local/lib/python3.6/site-packages/airflow/example_dags/tutorial_taskflow_api_etl.py
[2021-05-31 09:13:32,286] {logging_mixin.py:104} INFO - [2021-05-31 09:13:32,286] {dag.py:1824} INFO - Sync 1 DAGs
[2021-05-31 09:13:32,305] {logging_mixin.py:104} INFO - [2021-05-31 09:13:32,304] {dag.py:2280} INFO - Setting next_dagrun for tutorial_taskflow_api_etl to None
[2021-05-31 09:13:32,321] {scheduler_job.py:190} INFO - Processing /home/airflow/.local/lib/python3.6/site-packages/airflow/example_dags/tutorial_taskflow_api_etl.py took 0.083 seconds
[2021-05-31 09:14:03,212] {scheduler_job.py:182} INFO - Started process (PID=6978) to work on /home/airflow/.local/lib/python3.6/site-packages/airflow/example_dags/tutorial_taskflow_api_etl.py
[2021-05-31 09:14:03,213] {scheduler_job.py:629} INFO - Processing file /home/airflow/.local/lib/python3.6/site-packages/airflow/example_dags/tutorial_taskflow_api_etl.py for tasks to queue
[2021-05-31 09:14:03,214] {logging_mixin.py:104} INFO - [2021-05-31 09:14:03,214] {dagbag.py:451} INFO - Filling up the DagBag from /home/airflow/.local/lib/python3.6/site-packages/airflow/example_dags/tutorial_taskflow_api_etl.py
[2021-05-31 09:14:03,232] {scheduler_job.py:639} INFO - DAG(s) dict_keys(['tutorial_taskflow_api_etl']) retrieved from /home/airflow/.local/lib/python3.6/site-packages/airflow/example_dags/tutorial_taskflow_api_etl.py
[2021-05-31 09:14:03,260] {logging_mixin.py:104} INFO - [2021-05-31 09:14:03,260] {dag.py:1824} INFO - Sync 1 DAGs
[2021-05-31 09:14:03,280] {logging_mixin.py:104} INFO - [2021-05-31 09:14:03,280] {dag.py:2280} INFO - Setting next_dagrun for tutorial_taskflow_api_etl to None
[2021-05-31 09:14:03,302] {scheduler_job.py:190} INFO - Processing /home/airflow/.local/lib/python3.6/site-packages/airflow/example_dags/tutorial_taskflow_api_etl.py took 0.093 seconds
[2021-05-31 09:14:34,190] {scheduler_job.py:182} INFO - Started process (PID=7006) to work on /home/airflow/.local/lib/python3.6/site-packages/airflow/example_dags/tutorial_taskflow_api_etl.py
[2021-05-31 09:14:34,193] {scheduler_job.py:629} INFO - Processing file /home/airflow/.local/lib/python3.6/site-packages/airflow/example_dags/tutorial_taskflow_api_etl.py for tasks to queue
[2021-05-31 09:14:34,194] {logging_mixin.py:104} INFO - [2021-05-31 09:14:34,194] {dagbag.py:451} INFO - Filling up the DagBag from /home/airflow/.local/lib/python3.6/site-packages/airflow/example_dags/tutorial_taskflow_api_etl.py
[2021-05-31 09:14:34,214] {scheduler_job.py:639} INFO - DAG(s) dict_keys(['tutorial_taskflow_api_etl']) retrieved from /home/airflow/.local/lib/python3.6/site-packages/airflow/example_dags/tutorial_taskflow_api_etl.py
[2021-05-31 09:14:34,250] {logging_mixin.py:104} INFO - [2021-05-31 09:14:34,250] {dag.py:1824} INFO - Sync 1 DAGs
[2021-05-31 09:14:34,268] {logging_mixin.py:104} INFO - [2021-05-31 09:14:34,268] {dag.py:2280} INFO - Setting next_dagrun for tutorial_taskflow_api_etl to None
[2021-05-31 09:14:34,300] {scheduler_job.py:190} INFO - Processing /home/airflow/.local/lib/python3.6/site-packages/airflow/example_dags/tutorial_taskflow_api_etl.py took 0.115 seconds
[2021-05-31 09:15:04,910] {scheduler_job.py:182} INFO - Started process (PID=7034) to work on /home/airflow/.local/lib/python3.6/site-packages/airflow/example_dags/tutorial_taskflow_api_etl.py
[2021-05-31 09:15:04,912] {scheduler_job.py:629} INFO - Processing file /home/airflow/.local/lib/python3.6/site-packages/airflow/example_dags/tutorial_taskflow_api_etl.py for tasks to queue
[2021-05-31 09:15:04,913] {logging_mixin.py:104} INFO - [2021-05-31 09:15:04,913] {dagbag.py:451} INFO - Filling up the DagBag from /home/airflow/.local/lib/python3.6/site-packages/airflow/example_dags/tutorial_taskflow_api_etl.py
[2021-05-31 09:15:04,927] {scheduler_job.py:639} INFO - DAG(s) dict_keys(['tutorial_taskflow_api_etl']) retrieved from /home/airflow/.local/lib/python3.6/site-packages/airflow/example_dags/tutorial_taskflow_api_etl.py
[2021-05-31 09:15:04,955] {logging_mixin.py:104} INFO - [2021-05-31 09:15:04,954] {dag.py:1824} INFO - Sync 1 DAGs
[2021-05-31 09:15:04,972] {logging_mixin.py:104} INFO - [2021-05-31 09:15:04,972] {dag.py:2280} INFO - Setting next_dagrun for tutorial_taskflow_api_etl to None
[2021-05-31 09:15:04,989] {scheduler_job.py:190} INFO - Processing /home/airflow/.local/lib/python3.6/site-packages/airflow/example_dags/tutorial_taskflow_api_etl.py took 0.082 seconds
[2021-05-31 09:15:35,718] {scheduler_job.py:182} INFO - Started process (PID=7062) to work on /home/airflow/.local/lib/python3.6/site-packages/airflow/example_dags/tutorial_taskflow_api_etl.py
[2021-05-31 09:15:35,722] {scheduler_job.py:629} INFO - Processing file /home/airflow/.local/lib/python3.6/site-packages/airflow/example_dags/tutorial_taskflow_api_etl.py for tasks to queue
[2021-05-31 09:15:35,724] {logging_mixin.py:104} INFO - [2021-05-31 09:15:35,724] {dagbag.py:451} INFO - Filling up the DagBag from /home/airflow/.local/lib/python3.6/site-packages/airflow/example_dags/tutorial_taskflow_api_etl.py
[2021-05-31 09:15:35,742] {scheduler_job.py:639} INFO - DAG(s) dict_keys(['tutorial_taskflow_api_etl']) retrieved from /home/airflow/.local/lib/python3.6/site-packages/airflow/example_dags/tutorial_taskflow_api_etl.py
[2021-05-31 09:15:35,771] {logging_mixin.py:104} INFO - [2021-05-31 09:15:35,771] {dag.py:1824} INFO - Sync 1 DAGs
[2021-05-31 09:15:35,790] {logging_mixin.py:104} INFO - [2021-05-31 09:15:35,790] {dag.py:2280} INFO - Setting next_dagrun for tutorial_taskflow_api_etl to None
[2021-05-31 09:15:35,807] {scheduler_job.py:190} INFO - Processing /home/airflow/.local/lib/python3.6/site-packages/airflow/example_dags/tutorial_taskflow_api_etl.py took 0.093 seconds
[2021-05-31 09:16:06,625] {scheduler_job.py:182} INFO - Started process (PID=7090) to work on /home/airflow/.local/lib/python3.6/site-packages/airflow/example_dags/tutorial_taskflow_api_etl.py
[2021-05-31 09:16:06,627] {scheduler_job.py:629} INFO - Processing file /home/airflow/.local/lib/python3.6/site-packages/airflow/example_dags/tutorial_taskflow_api_etl.py for tasks to queue
[2021-05-31 09:16:06,628] {logging_mixin.py:104} INFO - [2021-05-31 09:16:06,628] {dagbag.py:451} INFO - Filling up the DagBag from /home/airflow/.local/lib/python3.6/site-packages/airflow/example_dags/tutorial_taskflow_api_etl.py
[2021-05-31 09:16:06,643] {scheduler_job.py:639} INFO - DAG(s) dict_keys(['tutorial_taskflow_api_etl']) retrieved from /home/airflow/.local/lib/python3.6/site-packages/airflow/example_dags/tutorial_taskflow_api_etl.py
[2021-05-31 09:16:06,677] {logging_mixin.py:104} INFO - [2021-05-31 09:16:06,676] {dag.py:1824} INFO - Sync 1 DAGs
[2021-05-31 09:16:06,708] {logging_mixin.py:104} INFO - [2021-05-31 09:16:06,708] {dag.py:2280} INFO - Setting next_dagrun for tutorial_taskflow_api_etl to None
[2021-05-31 09:16:06,732] {scheduler_job.py:190} INFO - Processing /home/airflow/.local/lib/python3.6/site-packages/airflow/example_dags/tutorial_taskflow_api_etl.py took 0.110 seconds
[2021-05-31 09:16:36,893] {scheduler_job.py:182} INFO - Started process (PID=7118) to work on /home/airflow/.local/lib/python3.6/site-packages/airflow/example_dags/tutorial_taskflow_api_etl.py
[2021-05-31 09:16:36,896] {scheduler_job.py:629} INFO - Processing file /home/airflow/.local/lib/python3.6/site-packages/airflow/example_dags/tutorial_taskflow_api_etl.py for tasks to queue
[2021-05-31 09:16:36,899] {logging_mixin.py:104} INFO - [2021-05-31 09:16:36,898] {dagbag.py:451} INFO - Filling up the DagBag from /home/airflow/.local/lib/python3.6/site-packages/airflow/example_dags/tutorial_taskflow_api_etl.py
[2021-05-31 09:16:36,927] {scheduler_job.py:639} INFO - DAG(s) dict_keys(['tutorial_taskflow_api_etl']) retrieved from /home/airflow/.local/lib/python3.6/site-packages/airflow/example_dags/tutorial_taskflow_api_etl.py
[2021-05-31 09:16:36,983] {logging_mixin.py:104} INFO - [2021-05-31 09:16:36,983] {dag.py:1824} INFO - Sync 1 DAGs
[2021-05-31 09:16:37,021] {logging_mixin.py:104} INFO - [2021-05-31 09:16:37,020] {dag.py:2280} INFO - Setting next_dagrun for tutorial_taskflow_api_etl to None
[2021-05-31 09:16:37,080] {scheduler_job.py:190} INFO - Processing /home/airflow/.local/lib/python3.6/site-packages/airflow/example_dags/tutorial_taskflow_api_etl.py took 0.192 seconds
[2021-05-31 09:17:07,459] {scheduler_job.py:182} INFO - Started process (PID=7146) to work on /home/airflow/.local/lib/python3.6/site-packages/airflow/example_dags/tutorial_taskflow_api_etl.py
[2021-05-31 09:17:07,461] {scheduler_job.py:629} INFO - Processing file /home/airflow/.local/lib/python3.6/site-packages/airflow/example_dags/tutorial_taskflow_api_etl.py for tasks to queue
[2021-05-31 09:17:07,462] {logging_mixin.py:104} INFO - [2021-05-31 09:17:07,462] {dagbag.py:451} INFO - Filling up the DagBag from /home/airflow/.local/lib/python3.6/site-packages/airflow/example_dags/tutorial_taskflow_api_etl.py
[2021-05-31 09:17:07,485] {scheduler_job.py:639} INFO - DAG(s) dict_keys(['tutorial_taskflow_api_etl']) retrieved from /home/airflow/.local/lib/python3.6/site-packages/airflow/example_dags/tutorial_taskflow_api_etl.py
[2021-05-31 09:17:07,524] {logging_mixin.py:104} INFO - [2021-05-31 09:17:07,524] {dag.py:1824} INFO - Sync 1 DAGs
[2021-05-31 09:17:07,548] {logging_mixin.py:104} INFO - [2021-05-31 09:17:07,548] {dag.py:2280} INFO - Setting next_dagrun for tutorial_taskflow_api_etl to None
[2021-05-31 09:17:07,569] {scheduler_job.py:190} INFO - Processing /home/airflow/.local/lib/python3.6/site-packages/airflow/example_dags/tutorial_taskflow_api_etl.py took 0.114 seconds
[2021-05-31 09:17:37,735] {scheduler_job.py:182} INFO - Started process (PID=7174) to work on /home/airflow/.local/lib/python3.6/site-packages/airflow/example_dags/tutorial_taskflow_api_etl.py
[2021-05-31 09:17:37,738] {scheduler_job.py:629} INFO - Processing file /home/airflow/.local/lib/python3.6/site-packages/airflow/example_dags/tutorial_taskflow_api_etl.py for tasks to queue
[2021-05-31 09:17:37,739] {logging_mixin.py:104} INFO - [2021-05-31 09:17:37,739] {dagbag.py:451} INFO - Filling up the DagBag from /home/airflow/.local/lib/python3.6/site-packages/airflow/example_dags/tutorial_taskflow_api_etl.py
[2021-05-31 09:17:37,761] {scheduler_job.py:639} INFO - DAG(s) dict_keys(['tutorial_taskflow_api_etl']) retrieved from /home/airflow/.local/lib/python3.6/site-packages/airflow/example_dags/tutorial_taskflow_api_etl.py
[2021-05-31 09:17:37,821] {logging_mixin.py:104} INFO - [2021-05-31 09:17:37,821] {dag.py:1824} INFO - Sync 1 DAGs
[2021-05-31 09:17:37,851] {logging_mixin.py:104} INFO - [2021-05-31 09:17:37,851] {dag.py:2280} INFO - Setting next_dagrun for tutorial_taskflow_api_etl to None
[2021-05-31 09:17:37,883] {scheduler_job.py:190} INFO - Processing /home/airflow/.local/lib/python3.6/site-packages/airflow/example_dags/tutorial_taskflow_api_etl.py took 0.152 seconds
[2021-05-31 09:18:08,221] {scheduler_job.py:182} INFO - Started process (PID=7202) to work on /home/airflow/.local/lib/python3.6/site-packages/airflow/example_dags/tutorial_taskflow_api_etl.py
[2021-05-31 09:18:08,224] {scheduler_job.py:629} INFO - Processing file /home/airflow/.local/lib/python3.6/site-packages/airflow/example_dags/tutorial_taskflow_api_etl.py for tasks to queue
[2021-05-31 09:18:08,225] {logging_mixin.py:104} INFO - [2021-05-31 09:18:08,225] {dagbag.py:451} INFO - Filling up the DagBag from /home/airflow/.local/lib/python3.6/site-packages/airflow/example_dags/tutorial_taskflow_api_etl.py
[2021-05-31 09:18:08,249] {scheduler_job.py:639} INFO - DAG(s) dict_keys(['tutorial_taskflow_api_etl']) retrieved from /home/airflow/.local/lib/python3.6/site-packages/airflow/example_dags/tutorial_taskflow_api_etl.py
[2021-05-31 09:18:08,288] {logging_mixin.py:104} INFO - [2021-05-31 09:18:08,287] {dag.py:1824} INFO - Sync 1 DAGs
[2021-05-31 09:18:08,315] {logging_mixin.py:104} INFO - [2021-05-31 09:18:08,314] {dag.py:2280} INFO - Setting next_dagrun for tutorial_taskflow_api_etl to None
[2021-05-31 09:18:08,336] {scheduler_job.py:190} INFO - Processing /home/airflow/.local/lib/python3.6/site-packages/airflow/example_dags/tutorial_taskflow_api_etl.py took 0.120 seconds
[2021-05-31 09:18:38,543] {scheduler_job.py:182} INFO - Started process (PID=7230) to work on /home/airflow/.local/lib/python3.6/site-packages/airflow/example_dags/tutorial_taskflow_api_etl.py
[2021-05-31 09:18:38,549] {scheduler_job.py:629} INFO - Processing file /home/airflow/.local/lib/python3.6/site-packages/airflow/example_dags/tutorial_taskflow_api_etl.py for tasks to queue
[2021-05-31 09:18:38,551] {logging_mixin.py:104} INFO - [2021-05-31 09:18:38,551] {dagbag.py:451} INFO - Filling up the DagBag from /home/airflow/.local/lib/python3.6/site-packages/airflow/example_dags/tutorial_taskflow_api_etl.py
[2021-05-31 09:18:38,601] {scheduler_job.py:639} INFO - DAG(s) dict_keys(['tutorial_taskflow_api_etl']) retrieved from /home/airflow/.local/lib/python3.6/site-packages/airflow/example_dags/tutorial_taskflow_api_etl.py
[2021-05-31 09:18:38,684] {logging_mixin.py:104} INFO - [2021-05-31 09:18:38,683] {dag.py:1824} INFO - Sync 1 DAGs
[2021-05-31 09:18:38,735] {logging_mixin.py:104} INFO - [2021-05-31 09:18:38,735] {dag.py:2280} INFO - Setting next_dagrun for tutorial_taskflow_api_etl to None
[2021-05-31 09:18:38,790] {scheduler_job.py:190} INFO - Processing /home/airflow/.local/lib/python3.6/site-packages/airflow/example_dags/tutorial_taskflow_api_etl.py took 0.255 seconds
[2021-05-31 09:19:09,540] {scheduler_job.py:182} INFO - Started process (PID=7258) to work on /home/airflow/.local/lib/python3.6/site-packages/airflow/example_dags/tutorial_taskflow_api_etl.py
[2021-05-31 09:19:09,542] {scheduler_job.py:629} INFO - Processing file /home/airflow/.local/lib/python3.6/site-packages/airflow/example_dags/tutorial_taskflow_api_etl.py for tasks to queue
[2021-05-31 09:19:09,543] {logging_mixin.py:104} INFO - [2021-05-31 09:19:09,543] {dagbag.py:451} INFO - Filling up the DagBag from /home/airflow/.local/lib/python3.6/site-packages/airflow/example_dags/tutorial_taskflow_api_etl.py
[2021-05-31 09:19:09,569] {scheduler_job.py:639} INFO - DAG(s) dict_keys(['tutorial_taskflow_api_etl']) retrieved from /home/airflow/.local/lib/python3.6/site-packages/airflow/example_dags/tutorial_taskflow_api_etl.py
[2021-05-31 09:19:09,625] {logging_mixin.py:104} INFO - [2021-05-31 09:19:09,625] {dag.py:1824} INFO - Sync 1 DAGs
[2021-05-31 09:19:09,652] {logging_mixin.py:104} INFO - [2021-05-31 09:19:09,652] {dag.py:2280} INFO - Setting next_dagrun for tutorial_taskflow_api_etl to None
[2021-05-31 09:19:09,692] {scheduler_job.py:190} INFO - Processing /home/airflow/.local/lib/python3.6/site-packages/airflow/example_dags/tutorial_taskflow_api_etl.py took 0.157 seconds
[2021-05-31 09:19:39,921] {scheduler_job.py:182} INFO - Started process (PID=7286) to work on /home/airflow/.local/lib/python3.6/site-packages/airflow/example_dags/tutorial_taskflow_api_etl.py
[2021-05-31 09:19:39,924] {scheduler_job.py:629} INFO - Processing file /home/airflow/.local/lib/python3.6/site-packages/airflow/example_dags/tutorial_taskflow_api_etl.py for tasks to queue
[2021-05-31 09:19:39,926] {logging_mixin.py:104} INFO - [2021-05-31 09:19:39,926] {dagbag.py:451} INFO - Filling up the DagBag from /home/airflow/.local/lib/python3.6/site-packages/airflow/example_dags/tutorial_taskflow_api_etl.py
[2021-05-31 09:19:39,960] {scheduler_job.py:639} INFO - DAG(s) dict_keys(['tutorial_taskflow_api_etl']) retrieved from /home/airflow/.local/lib/python3.6/site-packages/airflow/example_dags/tutorial_taskflow_api_etl.py
[2021-05-31 09:19:40,012] {logging_mixin.py:104} INFO - [2021-05-31 09:19:40,012] {dag.py:1824} INFO - Sync 1 DAGs
[2021-05-31 09:19:40,058] {logging_mixin.py:104} INFO - [2021-05-31 09:19:40,058] {dag.py:2280} INFO - Setting next_dagrun for tutorial_taskflow_api_etl to None
[2021-05-31 09:19:40,083] {scheduler_job.py:190} INFO - Processing /home/airflow/.local/lib/python3.6/site-packages/airflow/example_dags/tutorial_taskflow_api_etl.py took 0.169 seconds
[2021-05-31 09:20:10,478] {scheduler_job.py:182} INFO - Started process (PID=7314) to work on /home/airflow/.local/lib/python3.6/site-packages/airflow/example_dags/tutorial_taskflow_api_etl.py
[2021-05-31 09:20:10,492] {scheduler_job.py:629} INFO - Processing file /home/airflow/.local/lib/python3.6/site-packages/airflow/example_dags/tutorial_taskflow_api_etl.py for tasks to queue
[2021-05-31 09:20:10,493] {logging_mixin.py:104} INFO - [2021-05-31 09:20:10,492] {dagbag.py:451} INFO - Filling up the DagBag from /home/airflow/.local/lib/python3.6/site-packages/airflow/example_dags/tutorial_taskflow_api_etl.py
[2021-05-31 09:20:10,521] {scheduler_job.py:639} INFO - DAG(s) dict_keys(['tutorial_taskflow_api_etl']) retrieved from /home/airflow/.local/lib/python3.6/site-packages/airflow/example_dags/tutorial_taskflow_api_etl.py
[2021-05-31 09:20:10,580] {logging_mixin.py:104} INFO - [2021-05-31 09:20:10,579] {dag.py:1824} INFO - Sync 1 DAGs
[2021-05-31 09:20:10,618] {logging_mixin.py:104} INFO - [2021-05-31 09:20:10,617] {dag.py:2280} INFO - Setting next_dagrun for tutorial_taskflow_api_etl to None
[2021-05-31 09:20:10,647] {scheduler_job.py:190} INFO - Processing /home/airflow/.local/lib/python3.6/site-packages/airflow/example_dags/tutorial_taskflow_api_etl.py took 0.185 seconds
[2021-05-31 09:20:41,091] {scheduler_job.py:182} INFO - Started process (PID=7342) to work on /home/airflow/.local/lib/python3.6/site-packages/airflow/example_dags/tutorial_taskflow_api_etl.py
[2021-05-31 09:20:41,094] {scheduler_job.py:629} INFO - Processing file /home/airflow/.local/lib/python3.6/site-packages/airflow/example_dags/tutorial_taskflow_api_etl.py for tasks to queue
[2021-05-31 09:20:41,095] {logging_mixin.py:104} INFO - [2021-05-31 09:20:41,095] {dagbag.py:451} INFO - Filling up the DagBag from /home/airflow/.local/lib/python3.6/site-packages/airflow/example_dags/tutorial_taskflow_api_etl.py
[2021-05-31 09:20:41,117] {scheduler_job.py:639} INFO - DAG(s) dict_keys(['tutorial_taskflow_api_etl']) retrieved from /home/airflow/.local/lib/python3.6/site-packages/airflow/example_dags/tutorial_taskflow_api_etl.py
[2021-05-31 09:20:41,161] {logging_mixin.py:104} INFO - [2021-05-31 09:20:41,161] {dag.py:1824} INFO - Sync 1 DAGs
[2021-05-31 09:20:41,185] {logging_mixin.py:104} INFO - [2021-05-31 09:20:41,185] {dag.py:2280} INFO - Setting next_dagrun for tutorial_taskflow_api_etl to None
[2021-05-31 09:20:41,240] {scheduler_job.py:190} INFO - Processing /home/airflow/.local/lib/python3.6/site-packages/airflow/example_dags/tutorial_taskflow_api_etl.py took 0.155 seconds
[2021-05-31 09:21:11,343] {scheduler_job.py:182} INFO - Started process (PID=7370) to work on /home/airflow/.local/lib/python3.6/site-packages/airflow/example_dags/tutorial_taskflow_api_etl.py
[2021-05-31 09:21:11,346] {scheduler_job.py:629} INFO - Processing file /home/airflow/.local/lib/python3.6/site-packages/airflow/example_dags/tutorial_taskflow_api_etl.py for tasks to queue
[2021-05-31 09:21:11,347] {logging_mixin.py:104} INFO - [2021-05-31 09:21:11,347] {dagbag.py:451} INFO - Filling up the DagBag from /home/airflow/.local/lib/python3.6/site-packages/airflow/example_dags/tutorial_taskflow_api_etl.py
[2021-05-31 09:21:11,372] {scheduler_job.py:639} INFO - DAG(s) dict_keys(['tutorial_taskflow_api_etl']) retrieved from /home/airflow/.local/lib/python3.6/site-packages/airflow/example_dags/tutorial_taskflow_api_etl.py
[2021-05-31 09:21:11,417] {logging_mixin.py:104} INFO - [2021-05-31 09:21:11,417] {dag.py:1824} INFO - Sync 1 DAGs
[2021-05-31 09:21:11,451] {logging_mixin.py:104} INFO - [2021-05-31 09:21:11,451] {dag.py:2280} INFO - Setting next_dagrun for tutorial_taskflow_api_etl to None
[2021-05-31 09:21:11,502] {scheduler_job.py:190} INFO - Processing /home/airflow/.local/lib/python3.6/site-packages/airflow/example_dags/tutorial_taskflow_api_etl.py took 0.164 seconds
[2021-05-31 09:21:41,744] {scheduler_job.py:182} INFO - Started process (PID=7398) to work on /home/airflow/.local/lib/python3.6/site-packages/airflow/example_dags/tutorial_taskflow_api_etl.py
[2021-05-31 09:21:41,747] {scheduler_job.py:629} INFO - Processing file /home/airflow/.local/lib/python3.6/site-packages/airflow/example_dags/tutorial_taskflow_api_etl.py for tasks to queue
[2021-05-31 09:21:41,748] {logging_mixin.py:104} INFO - [2021-05-31 09:21:41,748] {dagbag.py:451} INFO - Filling up the DagBag from /home/airflow/.local/lib/python3.6/site-packages/airflow/example_dags/tutorial_taskflow_api_etl.py
[2021-05-31 09:21:41,777] {scheduler_job.py:639} INFO - DAG(s) dict_keys(['tutorial_taskflow_api_etl']) retrieved from /home/airflow/.local/lib/python3.6/site-packages/airflow/example_dags/tutorial_taskflow_api_etl.py
[2021-05-31 09:21:41,817] {logging_mixin.py:104} INFO - [2021-05-31 09:21:41,817] {dag.py:1824} INFO - Sync 1 DAGs
[2021-05-31 09:21:41,843] {logging_mixin.py:104} INFO - [2021-05-31 09:21:41,843] {dag.py:2280} INFO - Setting next_dagrun for tutorial_taskflow_api_etl to None
[2021-05-31 09:21:41,901] {scheduler_job.py:190} INFO - Processing /home/airflow/.local/lib/python3.6/site-packages/airflow/example_dags/tutorial_taskflow_api_etl.py took 0.161 seconds
[2021-05-31 09:22:12,080] {scheduler_job.py:182} INFO - Started process (PID=7426) to work on /home/airflow/.local/lib/python3.6/site-packages/airflow/example_dags/tutorial_taskflow_api_etl.py
[2021-05-31 09:22:12,082] {scheduler_job.py:629} INFO - Processing file /home/airflow/.local/lib/python3.6/site-packages/airflow/example_dags/tutorial_taskflow_api_etl.py for tasks to queue
[2021-05-31 09:22:12,084] {logging_mixin.py:104} INFO - [2021-05-31 09:22:12,083] {dagbag.py:451} INFO - Filling up the DagBag from /home/airflow/.local/lib/python3.6/site-packages/airflow/example_dags/tutorial_taskflow_api_etl.py
[2021-05-31 09:22:12,103] {scheduler_job.py:639} INFO - DAG(s) dict_keys(['tutorial_taskflow_api_etl']) retrieved from /home/airflow/.local/lib/python3.6/site-packages/airflow/example_dags/tutorial_taskflow_api_etl.py
[2021-05-31 09:22:12,149] {logging_mixin.py:104} INFO - [2021-05-31 09:22:12,149] {dag.py:1824} INFO - Sync 1 DAGs
[2021-05-31 09:22:12,179] {logging_mixin.py:104} INFO - [2021-05-31 09:22:12,179] {dag.py:2280} INFO - Setting next_dagrun for tutorial_taskflow_api_etl to None
[2021-05-31 09:22:12,199] {scheduler_job.py:190} INFO - Processing /home/airflow/.local/lib/python3.6/site-packages/airflow/example_dags/tutorial_taskflow_api_etl.py took 0.125 seconds
[2021-05-31 09:22:42,490] {scheduler_job.py:182} INFO - Started process (PID=7454) to work on /home/airflow/.local/lib/python3.6/site-packages/airflow/example_dags/tutorial_taskflow_api_etl.py
[2021-05-31 09:22:42,492] {scheduler_job.py:629} INFO - Processing file /home/airflow/.local/lib/python3.6/site-packages/airflow/example_dags/tutorial_taskflow_api_etl.py for tasks to queue
[2021-05-31 09:22:42,494] {logging_mixin.py:104} INFO - [2021-05-31 09:22:42,494] {dagbag.py:451} INFO - Filling up the DagBag from /home/airflow/.local/lib/python3.6/site-packages/airflow/example_dags/tutorial_taskflow_api_etl.py
[2021-05-31 09:22:42,518] {scheduler_job.py:639} INFO - DAG(s) dict_keys(['tutorial_taskflow_api_etl']) retrieved from /home/airflow/.local/lib/python3.6/site-packages/airflow/example_dags/tutorial_taskflow_api_etl.py
[2021-05-31 09:22:42,558] {logging_mixin.py:104} INFO - [2021-05-31 09:22:42,558] {dag.py:1824} INFO - Sync 1 DAGs
[2021-05-31 09:22:42,585] {logging_mixin.py:104} INFO - [2021-05-31 09:22:42,585] {dag.py:2280} INFO - Setting next_dagrun for tutorial_taskflow_api_etl to None
[2021-05-31 09:22:42,608] {scheduler_job.py:190} INFO - Processing /home/airflow/.local/lib/python3.6/site-packages/airflow/example_dags/tutorial_taskflow_api_etl.py took 0.123 seconds
[2021-05-31 09:23:12,842] {scheduler_job.py:182} INFO - Started process (PID=7482) to work on /home/airflow/.local/lib/python3.6/site-packages/airflow/example_dags/tutorial_taskflow_api_etl.py
[2021-05-31 09:23:12,845] {scheduler_job.py:629} INFO - Processing file /home/airflow/.local/lib/python3.6/site-packages/airflow/example_dags/tutorial_taskflow_api_etl.py for tasks to queue
[2021-05-31 09:23:12,847] {logging_mixin.py:104} INFO - [2021-05-31 09:23:12,847] {dagbag.py:451} INFO - Filling up the DagBag from /home/airflow/.local/lib/python3.6/site-packages/airflow/example_dags/tutorial_taskflow_api_etl.py
[2021-05-31 09:23:12,878] {scheduler_job.py:639} INFO - DAG(s) dict_keys(['tutorial_taskflow_api_etl']) retrieved from /home/airflow/.local/lib/python3.6/site-packages/airflow/example_dags/tutorial_taskflow_api_etl.py
[2021-05-31 09:23:12,952] {logging_mixin.py:104} INFO - [2021-05-31 09:23:12,952] {dag.py:1824} INFO - Sync 1 DAGs
[2021-05-31 09:23:12,996] {logging_mixin.py:104} INFO - [2021-05-31 09:23:12,995] {dag.py:2280} INFO - Setting next_dagrun for tutorial_taskflow_api_etl to None
[2021-05-31 09:23:13,035] {scheduler_job.py:190} INFO - Processing /home/airflow/.local/lib/python3.6/site-packages/airflow/example_dags/tutorial_taskflow_api_etl.py took 0.202 seconds
[2021-05-31 09:23:43,287] {scheduler_job.py:182} INFO - Started process (PID=7510) to work on /home/airflow/.local/lib/python3.6/site-packages/airflow/example_dags/tutorial_taskflow_api_etl.py
[2021-05-31 09:23:43,290] {scheduler_job.py:629} INFO - Processing file /home/airflow/.local/lib/python3.6/site-packages/airflow/example_dags/tutorial_taskflow_api_etl.py for tasks to queue
[2021-05-31 09:23:43,291] {logging_mixin.py:104} INFO - [2021-05-31 09:23:43,291] {dagbag.py:451} INFO - Filling up the DagBag from /home/airflow/.local/lib/python3.6/site-packages/airflow/example_dags/tutorial_taskflow_api_etl.py
[2021-05-31 09:23:43,319] {scheduler_job.py:639} INFO - DAG(s) dict_keys(['tutorial_taskflow_api_etl']) retrieved from /home/airflow/.local/lib/python3.6/site-packages/airflow/example_dags/tutorial_taskflow_api_etl.py
[2021-05-31 09:23:43,373] {logging_mixin.py:104} INFO - [2021-05-31 09:23:43,373] {dag.py:1824} INFO - Sync 1 DAGs
[2021-05-31 09:23:43,406] {logging_mixin.py:104} INFO - [2021-05-31 09:23:43,406] {dag.py:2280} INFO - Setting next_dagrun for tutorial_taskflow_api_etl to None
[2021-05-31 09:23:43,481] {scheduler_job.py:190} INFO - Processing /home/airflow/.local/lib/python3.6/site-packages/airflow/example_dags/tutorial_taskflow_api_etl.py took 0.208 seconds
